<?xml version="1.0" encoding="UTF-8"?>
<robot generator="Robot 7.2.2 (Python 3.13.3 on win32)" generated="2025-09-25T17:03:37.100144" rpa="false" schemaversion="5">
<suite id="s1" name="Orgao" source="C:\Automação XVia\app-tester\test_cases\orgao.robot">
<test id="s1-t1" name="Cenário 4: Pesquisa livre não logado com termo de órgão" line="29">
<kw name="abrir app" owner="setup_teardown" type="SETUP">
<kw name="Open Application" owner="AppiumLibrary">
<arg>http://localhost:4723/wd/hub</arg>
<arg>deviceName=${DEVICE_NAME}</arg>
<arg>platformName=${PLATFORM_NAME}</arg>
<arg>app=${APP_PATH}</arg>
<arg>appPackage=${APP_PACKAGE}</arg>
<arg>appActivity=${APP_ACTIVITY}</arg>
<arg>uiautomator2ServerInstallTimeout=60000</arg>
<arg>adbExecTimeout=60000</arg>
<arg>autoGrantPermissions=true</arg>
<arg>isHeadless=true</arg>
<arg>uiautomator2ServerInstallTimeout=60000</arg>
<doc>Opens a new application to given Appium server.
Capabilities of appium server, Android and iOS,
Please check https://appium.io/docs/en/2.1/cli/args/
| *Option*            | *Man.* | *Description*     |
| remote_url          | Yes    | Appium server url |
| alias               | no     | alias             |
| strict_ssl          | No     | allows you to send commands to an invalid certificate host like a self-signed one. |</doc>
<status status="PASS" start="2025-09-25T17:03:37.639171" elapsed="27.909105"/>
</kw>
<status status="PASS" start="2025-09-25T17:03:37.637758" elapsed="27.913033"/>
</kw>
<kw name="Dado que o usuário tenha instalado o aplicativo" owner="gherkin" source_name="Dado que ${keyword}">
<kw name="Run Keyword" owner="BuiltIn">
<kw name="o usuário tenha instalado o aplicativo" owner="orgao">
<kw name="Wait Until Element Is Visible" owner="AppiumLibrary">
<msg time="2025-09-25T17:04:11.892925" level="INFO">&lt;?xml version='1.0' encoding='UTF-8' standalone='yes' ?&gt;
&lt;hierarchy index="0" class="hierarchy" rotation="0" width="1080" height="2400"&gt;
  &lt;android.widget.FrameLayout index="0" package="br.gov.mt.cepromat.mtcidadao" class="android.widget.FrameLayout" text="" checkable="false" checked="false" clickable="false" enabled="true" focusable="false" focused="false" long-clickable="false" password="false" scrollable="false" selected="false" bounds="[0,0][1080,2400]" displayed="true"&gt;
    &lt;android.widget.LinearLayout index="0" package="br.gov.mt.cepromat.mtcidadao" class="android.widget.LinearLayout" text="" checkable="false" checked="false" clickable="false" enabled="true" focusable="false" focused="false" long-clickable="false" password="false" scrollable="false" selected="false" bounds="[0,0][1080,2337]" displayed="true"&gt;
      &lt;android.widget.FrameLayout index="0" package="br.gov.mt.cepromat.mtcidadao" class="android.widget.FrameLayout" text="" checkable="false" checked="false" clickable="false" enabled="true" focusable="false" focused="false" long-clickable="false" password="false" scrollable="false" selected="false" bounds="[0,0][1080,2337]" displayed="true"&gt;
        &lt;android.widget.LinearLayout index="0" package="br.gov.mt.cepromat.mtcidadao" class="android.widget.LinearLayout" text="" resource-id="br.gov.mt.cepromat.mtcidadao:id/action_bar_root" checkable="false" checked="false" clickable="false" enabled="true" focusable="false" focused="false" long-clickable="false" password="false" scrollable="false" selected="false" bounds="[0,0][1080,2337]" displayed="true"&gt;
          &lt;android.widget.FrameLayout index="0" package="br.gov.mt.cepromat.mtcidadao" class="android.widget.FrameLayout" text="" resource-id="android:id/content" checkable="false" checked="false" clickable="false" enabled="true" focusable="false" focused="false" long-clickable="false" password="false" scrollable="false" selected="false" bounds="[0,0][1080,2337]" displayed="true"&gt;
            &lt;android.view.ViewGroup index="0" package="br.gov.mt.cepromat.mtcidadao" class="android.view.ViewGroup" text="" checkable="false" checked="false" clickable="false" enabled="true" focusable="false" focused="false" long-clickable="false" password="false" scrollable="false" selected="false" bounds="[0,0][1080,2337]" displayed="true"&gt;
              &lt;android.view.ViewGroup index="0" package="br.gov.mt.cepromat.mtcidadao" class="android.view.ViewGroup" text="" checkable="false" checked="false" clickable="false" enabled="true" focusable="false" focused="false" long-clickable="false" password="false" scrollable="false" selected="false" bounds="[0,0][1080,2337]" displayed="true"&gt;
                &lt;android.view.ViewGroup index="0" package="br.gov.mt.cepromat.mtcidadao" class="android.view.ViewGroup" text="" checkable="false" checked="false" clickable="false" enabled="true" focusable="false" focused="false" long-clickable="false" password="false" scrollable="false" selected="false" bounds="[0,136][1080,2337]" displayed="true"&gt;
                  &lt;android.widget.FrameLayout index="0" package="br.gov.mt.cepromat.mtcidadao" class="android.widget.FrameLayout" text="" checkable="false" checked="false" clickable="false" enabled="true" focusable="false" focused="false" long-clickable="false" password="false" scrollable="false" selected="false" bounds="[0,136][1080,2337]" displayed="true"&gt;
                    &lt;android.view.ViewGroup index="0" package="br.gov.mt.cepromat.mtcidadao" class="android.view.ViewGroup" text="" checkable="false" checked="false" clickable="false" enabled="true" focusable="false" focused="false" long-clickable="false" password="false" scrollable="false" selected="false" bounds="[0,136][1080,2337]" displayed="true"&gt;
                      &lt;android.view.ViewGroup index="0" package="br.gov.mt.cepromat.mtcidadao" class="android.view.ViewGroup" text="" checkable="false" checked="false" clickable="false" enabled="true" focusable="false" focused="false" long-clickable="false" password="false" scrollable="false" selected="false" bounds="[0,136][1080,2337]" displayed="true"&gt;
                        &lt;android.view.View index="0" package="br.gov.mt.cepromat.mtcidadao" class="android.view.View" text="" checkable="false" checked="false" clickable="false" enabled="true" focusable="false" focused="false" long-clickable="false" password="false" scrollable="false" selected="false" bounds="[0,136][1080,2337]" displayed="true" /&gt;
                        &lt;android.widget.ImageView index="1" package="br.gov.mt.cepromat.mtcidadao" class="android.widget.ImageView" text="" checkable="false" checked="false" clickable="false" enabled="true" focusable="false" focused="false" long-clickable="false" password="false" scrollable="false" selected="false" bounds="[440,1137][629,1325]" displayed="true" /&gt;
                        &lt;android.widget.FrameLayout index="2" package="br.gov.mt.cepromat.mtcidadao" class="android.widget.FrameLayout" text="" checkable="false" checked="false" clickable="false" enabled="true" focusable="false" focused="false" long-clickable="false" password="false" scrollable="false" selected="false" bounds="[492,1325][586,1420]" displayed="true"&gt;
                          &lt;android.widget.ProgressBar index="0" package="br.gov.mt.cepromat.mtcidadao" class="android.widget.ProgressBar" text="0.0" checkable="false" checked="false" clickable="false" enabled="true" focusable="false" focused="false" long-clickable="false" password="false" scrollable="false" selected="false" bounds="[492,1325][586,1420]" displayed="true" /&gt;
                        &lt;/android.widget.FrameLayout&gt;
                      &lt;/android.view.ViewGroup&gt;
                    &lt;/android.view.ViewGroup&gt;
                  &lt;/android.widget.FrameLayout&gt;
                &lt;/android.view.ViewGroup&gt;
              &lt;/android.view.ViewGroup&gt;
            &lt;/android.view.ViewGroup&gt;
          &lt;/android.widget.FrameLayout&gt;
        &lt;/android.widget.LinearLayout&gt;
      &lt;/android.widget.FrameLayout&gt;
    &lt;/android.widget.LinearLayout&gt;
    &lt;android.view.View index="2" package="br.gov.mt.cepromat.mtcidadao" class="android.view.View" text="" resource-id="android:id/navigationBarBackground" checkable="false" checked="false" clickable="false" enabled="true" focusable="false" focused="false" long-clickable="false" password="false" scrollable="false" selected="false" bounds="[0,2337][1080,2400]" displayed="true" /&gt;
  &lt;/android.widget.FrameLayout&gt;
&lt;/hierarchy&gt;</msg>
<kw name="Capture Page Screenshot" owner="AppiumLibrary">
<msg time="2025-09-25T17:04:13.211667" level="INFO" html="true">&lt;/td&gt;&lt;/tr&gt;&lt;tr&gt;&lt;td colspan="3"&gt;&lt;img src="data:image/png;base64, iVBORw0KGgoAAAANSUhEUgAABDgAAAlgCAYAAABtGofVAAAAAXNSR0IArs4c6QAAAARzQklUCAgI
CHwIZIgAACAASURBVHic7N15nFxllfj/U9XVnU6nO519ISGBBAIhgYRNRFmCMAgYMCIo6CijIOKA
4IIDErboTxYZUMbJCAoyCA58gdFhcUAYTJhhFwhhX8KSQHbI3kmvdX9/YMrupG7fe6ufW/c8z/N5
v173pSHVVec851R198nzVOVEJBAAAAAAAACL5bMOAAAAAAAAoK8YcAAAAAAAAOsx4AAAAAAAANZj
wAEAAAAAAKzHgAMAAAAAAFiPAQcAAAAAALAeAw4AAAAAAGA9BhwAAAAAAMB6DDgAAAAAAID1GHAA
AAAAAADrMeAAAAAAAADWY8ABAAAAAACsx4ADAAAAAABYjwEHAAAAAACwHgMOAAAAAABgPQYcAAAA
AADAegw4AAAAAACA9RhwAAAAAAAA6zHgAAAAAAAA1mPAAQAAAAAArMeAAwAAAAAAWI8BBwAAAAAA
sB4DDgAAAAAAYD0GHAAAAAAAwHoMOAAAAAAAgPUYcAAAAAAAAOsx4AAAAAAAANZjwAEAAAAAAKzH
gAMAAAAAAFiPAQcAAAAAALAeAw4AAAAAAGA9BhwAAAAAAMB6DDgAAAAAAID1GHAAAAAAAADrMeAA
AAAAAADWY8ABAAAAAACsx4ADAAAAAABYjwEHAAAAAACwHgMOAAAAAABgPQYcAAAAAADAegw4AAAA
AACA9RhwAAAAAAAA6zHgAAAAAAAA1mPAAQAAAAAArMeAAwAAAAAAWI8BBwAAAAAAsB4DDgAAAAAA
YD0GHAAAAAAAwHoMOAAAAAAAgPUYcMAquVxOjjrqKHnqqaekvb1durq6JAiCsldXV5e0t7fLX/7y
F5k5c6bk87Q7AAAAALgqJyJB1kEAUXK5nPzrv/6rnH766VIoFCq6j87OTrnlllvk1FNPlSCg7QEA
AIBt7bLLLjJ16lQZOXKkjBgxovS/Q4YMkTVr1sjKlStl1apVsnLlSlm5cqW8/PLLsmjRoqzD7pOj
jjpKHnjggVQfY8aMGXLJJZf0eps5c+bI/PnzU43DdZX9pghU0axZs+Suu+6SmpqaPt1PoVCQr33t
a/L000/LddddZyi69ORyOWloaJCJEyfKlClTZMqUKbLPPvvItGnTZPjw4fL222/Lc889JwsWLJBX
XnlFXn31VXn33XelWCxmHXrFampqZPjw4Ym/bt26ddLa2ppCRAAAAO775Cc/KSeffLLMnDlTxo8f
n/jr33rrLbn//vvl9ttvl8ceeyyFCNNz6aWXyowZM1IfcIh8NOTozZw5c1KPwXXs4IBaNTU18vjj
j8v+++8vuVzO2P0uX75cxowZI0EQSC6XU7ebo76+XsaPHy+77767TJkyRaZPny7Tp0+XCRMmlB3y
bNmyRV555RV57rnnZOHChfLqq6/Ka6+9JsuWLcsg+r7pSy3eeOMN2W233QxGAwAA4K4hQ4bIV77y
FTnttNNk6tSpxu73pZdekl//+tdy8803y/r1643dbxouvfRSueSSS+SRRx6JHD701YwZM2TevHm9
3uawww5jB0cfMeBIyXHHHSdHHnmkjBo1SgYOHChr1qyRJUuWyO9//3t58sknU3nMhoYGOf744+Xg
gw+WUaNGyYABA2TTpk3y1ltvyYMPPih/+tOfjD3WJz/5SZk9e7aIiLz88svy29/+Vl588UVj99/Q
0CArVqyQpqYmY/e5VRAE0tTUJC0tLXLDDTfIOeecIy0tLcYfJ4m6ujoZPXq0TJo0SSZPnix77723
7LPPPjJp0iSpr6/vcdvOzk5Zt26dNDY29vi7IAhk48aN8vzzz8uzzz4rCxculDfeeENef/11Wbt2
rbpBzra6urr6/D4p99xzj3z2s581FBEAAIB7CoWCnHLKKXLRRRdVtFsjrsWLF8ucOXPklltukc7O
ztQep1JbhxsiktqA49JLL+3x56gjKvPnz5dHHnmkx58ZeCQXcJm7TjrppOCdd94JwhSLxeCpp54K
DjzwQKOPe9pppwVLliwJfdwgCIJnnnkmOOSQQ/r8WPX19dvleOaZZxrLpaGhIdi8eXOvufTVwQcf
HIhI8LWvfS1obW0NGhoaMumX+vr6YMqUKcHXv/714Be/+EXw5JNPBhs2bCgbc3t7e/Dmm28GN998
czB79uzgZz/7WfDggw8G7777btnbf/DBB8H9998f/OhHPwo+//nPByNGjAjy+Xzmz5FyV0dHh7Ha
Zp0LFxcXFxcXF5fWa/z48cG8efOM/dwVx7x584Lx48dnnnv369JLL+0R4/z5843e/4wZM4yt36WX
Xpr5ell2ZR6AM9ePf/zjoFgsxmrULVu2BCeddJKRxz3//PODzs7OWI+7fv36YObMmX16vKuvvnq7
+zU14KipqQn9Bd+ka6+9NhD524vPpk2bgpqamqr2S11dXXDQQQcFv/3tb4MVK1b0Gm9XV1fw5ptv
Bt/61reC0aNHByIS9OvXL9h///2Ds88+O7jllluCxx57LFi1alXZr1+0aFEwZ86cYNiwYUEul8v8
ubL1KhQKPeJcvnx5j78PgiB4+OGHS3/O5/NBEPR8oR81alSP+8g6Jy4uLi4uLi4ubVculwvOOuus
YNOmTRX97NxXmzZtCv7xH/9Rxc+h2w43gsD8gMP0ECnrNbPsyjwAJ66TTz65x5Bh06ZNwdy5c4Nj
jjkm2G+//YKTTz45uPfee3sMQNauXRtMmzatT4970EEHBa2traX7XL9+fXDNNdcEhx9+eLDHHnsE
xx13XHDzzTf3+Bfy9957Lxg+fHhFj3fggQcGW7Zs2e5JZ2LAkcvlgqefftroi0GYp556KsjlcsHB
Bx9c+m/PPvtsVV90x44dG1x99dU9+qazszNYvXp18MwzzwQLFiwo/fc1a9YE1157bVBXV1d23QYO
HBgcccQRwcUXXxz8/ve/D1544YXtdsG0tbUFRx99dNn7yOLaOqzojgEHFxcXFxcXF5fZK5fLBbNn
z479D7FpKRaLwQ9/+MNM16LccCMIzA84TMu6hyy7Mg/Aiav7L+YbN24MDjvssLK3u+CCC3o06003
3dSnx+0+HVy3bl1w0EEHlb3dN7/5zaCrq6t02yuvvLLPeXZnYsAxa9asqr3wrlixIhCR4Mtf/nLp
vxWLxeCEE06oWs/su+++wR/+8IfS469atSq47777gjlz5gQnnnhiMGfOnNLfvfLKK7GOF+VyuWD0
6NHBF7/4xWDu3LnB/Pnze9T9kksuCRobGzN/voiUf+FnwMHFxcXFxcXFZfa66qqr+v7Ds0FXXXVV
JusQNtwIAgYcjl2ZB2D9NX369B6/mF9zzTW93n7+/Pml265evbrix91ll1167My4/PLLe739/fff
X7rtO++8k/jxLr744tLXb/u+D30dcOTz+djHbEzYuHFjkMvlguuuu67Hf+/s7Kza+1QccMABwR//
+MfSY//pT38Kdtttt0Dko90d3b8ZPf3008GIESMSP8bHPvaxHjt8rrrqqmDgwIGZP2fa29vL1oUB
BxcXFxcXFxeXueuKK67o2w/NKbniiiuqug7lhhvd31OQAYc7V98+sgAiIjJlypQeH2N655139nr7
e++9t/T/hw0bJsOHD6/ocU8++WQpFAoi8tEna8ydO7fX2//ud78r/f+ddtpJ9ttvv9iPteeee8q5
554rIiLFYlEuvvjiCiION3fu3LIfgZqWjo4OERE54IADevz3mpoaueWWW6oWR3erVq2S119/vRRH
XV1d6e+CIJCurq7E9/n000+retfqrR/LW1tbm3UoAAAAzhs0aFDWIZRVzbi6f1rKVueee67cfPPN
VYsB1cOAw4BRo0b1+PNrr73W6+2XLFnS48+TJk0qe7uf/vSnsmDBArn33nvL3mafffYp/f9XX31V
3n///V4f99577y39Yi8i8qlPfarX23f3L//yL6WPbL3jjjvkz3/+c+yvjZLL5eQb3/hG2b8LgkA+
/PBDefbZZ+Xmm2+WK6+8Un7yk5/IDTfcIM8884y89957Ff3i/8EHH0gul5Ndd911u7/7whe+0OeP
K+2rtra2Hp8b3q9fPxk9enRF91XJ+qShpqZGisVi1mEAAAB446yzzpLHHnss6zB6eOyxx+Sss86q
ymOFDTeuvvrqqjw+qq+QdQAuWLZsWY8/jx8/XtauXRt6+2HDhvX488qVK7e7zRe/+EX5wQ9+ICIi
06dPl7a2NjnhhBO2e5ytFi9eHBnn+vXrZenSpbLTTjuJiMiECRMiv0ZE5Jxzzil9LvSKFSvke9/7
ntHdFkcffXSP+ysWi7JgwQL53ve+J08++aQUi0WZOnWqXHTRRfKFL3xB+vXrJyIixx57rNx///2S
y+VkxIgRcskll8ipp54qhUKhx46acl599VVpamqShoaG7f6uUCjIscceK3fffbexHJPavHmzLFu2
TIrFouTzeRk0aJDsu+++8tJLLyW+Ly27JeLsJGlsbNzu88J33nnn0n/bWtdDDz209N8aGxtNhgkA
AOCMzs5OmTVrljz33HOy4447Zh2OvPfeezJr1qyq7DBmuOGvzM/J2H5NnDgxaGtrK52Ruuiii3q9
/Z133lm67eLFi8ve5txzz+1x7urRRx/d7jaLFy8u/f0NN9wQK9bubxJ69913R95+5513Dj744IPS
13zjG98IRD56j4juKn0PjlwuFzz11FNBEHz0Uag/+9nPggEDBgS5XC7o169f8Mtf/rLH2m5VLBaD
2tra7e4vn88Hn/nMZyI/avb0008PzjzzzNC/f+aZZ1Lvm23fg+OWW24p/V1NTU3w6U9/uvTxsS0t
LcGdd94ZDBkyJPHjdP84sCzfg6NassiNi4uLi4uLi0vzNW3atGD9+vVV+3msnPXr1/f5EyTjXuXe
c+P73/9+6G14Dw53Lo6oGPDWW2/JAw88UPrzmWeeGXrs5Nhjj5Xjjjuu9Ofbbrut7O3uuuuu0lGW
9vb2su8L0X33wZYtW2LF2traWvbrw1x77bUydOhQERH505/+JL/+9a9jPU4Se++9t6xfv1769+8v
3/3ud2XLli3yy1/+UlpaWuSMM87o8V4UW7W2tpad/BaLRfnjH/8ogwYNkjPOOKPs8YwgCOS+++6T
H//4x6ExTZs2rW9J9VFXV5e88847paNADQ0NcsABB8jnP//50lGhJPcFAAAAfy1cuFBOPPHEzI4L
F4tFOfHEE2XhwoWpPxY7N/zGgMOQH/7wh6WjKiNHjpR58+bJ2WefLc3NzSIiMm7cOPnJT34it912
W+kX9scee2y77fhbvfvuuzJ9+nQ5+uijZc8995Trr79+u9t0P3rQ3t4eK87u78HRv3//Xm97yimn
yMyZM0Xko+Mt55xzTqzHSGLgwIFy6qmnyuDBg6W9vV3GjBkj69atk29+85u9HoOZN2+efDTMLK9Y
LMr1118vjY2N8uGHH/b4u9bWVhk+fLgMHjw49Our9R4cveWwdOlSueeee0pHmHbYYQf57ne/K5/9
7Gdl5MiRsR9DyxEVAAAAZOfBBx+U2bNnZ/LYs2fPlgcffDD1xyk33DjrrLMYbngm820krlyHHHJI
sGjRoljbjObNmxeMHj26T4/XfZvZ1VdfHetrHn744dLXPPHEE6G3GzlyZLB06dLSbX/4wx/2+HtT
R1S6X0cccUTsj4r9wQ9+EPt+a2trgzfeeKP0tXfffXewbNmyyMdIu1/233//4J577ik93q233hrk
crketxkzZkxw2WWXBRs3bizdbvXq1cGcOXOCKVOmBA0NDZGPs3nz5tLXXn755UFTU1Mmz49qySI3
Li4uLi4uLi5brjvuuKNqP5cFQRDccccdVcmr3LGU3n5H4YiKmxc7OAz63//9X/n6178eebsXXnhB
jj/+eFm+fHkVoqrMNddcIzvssIOIfPRRo5dffnmqj3fCCSfIgw8+GPvNS19++eXY993R0SGTJ0+W
F198UYrFovznf/5nxZ9IYlJHR4e0tbWV/lwoFEpvoLrV0qVL5Te/+Y3cd999pU9VGTZsmFxwwQVy
2223yWc+8xkZOXJk6I6Tbddz8+bNve4aAQAAgNu++tWvyvPPP1+Vx3r++eflq1/9auqPE7ZzY+7c
uak/NnRhwGHQ7Nmze7wXR5i99tpLFixY0OO9ODT53Oc+JyeddJKIfHScI42jKd0dcsghcscdd0R+
8kl3q1evTvQYXV1dsvfee8umTZvkpptuShpiKtrb23u8d0pdXZ0MGDBgu9stWrRIzjvvPPnd734n
q1atkmKxKIVCQfbcc0+58cYb5bzzzpPdd9+97HBo6NChPdZ1w4YNDDgAAAA81traKscee2zin6eT
Wr16tRx77LE93gMwDQw30B0DDkNmz54tP/7xj0vva/E///M/cuSRR0oul5NcLid1dXVy+umny6JF
i0Tko494vfXWW+Xwww+v+DH7+otqua9vbm6Wf/7nfy7tCJg7d648+eSTfXqc3owZM0bmzZuXaLhR
qVwuJ7W1tVV7f40oLS0tsmHDhtKfGxoaZMiQIWVvu2TJErn44ovlsssukzfffLO086OpqUm+/e1v
y4033iiTJk3aLrdx48b1WNsVK1bwpqMAAACee//992XWrFk93p/PpI6ODpk1a5a8//77qdz/Vgw3
sC0dv+lZbt9995XZs2eXfpH83e9+J3/3d38nDz30UOk2HR0d8utf/1o+/vGPy4svvigiH/1yetNN
NyX+VIytun+KSNwBQfdfgMv9onvllVfKhAkTRETktddekwsvvLCi2OL6wx/+UNHAYdiwYYlun8/n
5S9/+UvkG6tW04YNG3q8AWpzc3Ovn0/+4Ycfyi9/+Uv56le/Kn/+85/lgw8+kK6uLikUCrLffvvJ
9ddfX6rdVtOmTeuxvkuWLKnK544DAABAt8cff1y+9a1vpXLf3/rWt+Txxx9P5b63YriBchhwGHD2
2WeXfnFevXp1ry8UH374oZx55pml3RM77rijnHHGGRU9bvf3b9j2vRvC1NfXl/7/th8te/jhh5fe
Q6Szs1O+973vpb6l7Pbbb6/o66ZMmRL7toVCQV5++WWZPn16RY+VlrVr18rSpUtLA4dhw4bJLrvs
0uvXtLe3y9NPPy0nnXSSzJ49W1599VXp7OyUQqEgBx54oFx33XUycODA0u0POuig0oCjra1N3nrr
LQYcAAAAEBGRG2+8Ua688kqj93nllVfKjTfeaPQ+t1VuuPGNb3yD4QZERME7ndp+df+Ejttuuy3W
17z00kulr7nvvvsqetxXXnmldB+33nprrK9ZuHBh6WvuvPPO0n+vra0NXnzxxdLftbe3B0uXLg29
1qxZs927+279u3fffTd2DkOGDAmKxWLidxK+9957Y91/v379gpUrVya+/2KxWJXeOe6440p13LBh
Q/CLX/wiqKmpifW1NTU1wdSpU4PnnnuutIatra3BhRdeGIhIUCgUgtdee630d/Pnzw8GDx6c2fOk
WrLKj4uLi4uLi4vLxiuXywUPPPCAkZ/DHnjgge0+FdD0Ve7TUk477bQ+3Q+fouLOxQ4OA0aMGFH6
/++9916sr+l+Hq3ST/RYtmxZ6f9v/cSTKN1vt3Tp0tL/HzlypEydOrX059raWtlhhx1Cr8GDB5e9
761XXOvWrZNisRj79lsddthhvR7Lyefzcsopp0hLS0uP+sRVSUyVWLJkSekTYZqammTSpEkybty4
WF/b1dUlr732mpxxxhmlN4na+l4v9fX1stdee8nEiRNL6/TnP/+5x64fAAAAIAgCOfHEE+WNN97o
0/288cYbcuKJJ6b6hvZhOzduuOGG1B4TdmHAYVjc93jofqSk0l+mt75hqYjI5MmTI28/depUGTp0
aOnP3T9qtaurSz744IPYV0tLy3b3v/XvkrwjcxAE8tJLL8W+/VYNDQ1lPzUkl8vJkUceKWvWrJF/
//d/j/2xs9va+j4paVu8eLEsXLiw1AMTJ06UT3/607HfU6Wzs1Nefvllueaaa0Tko/xHjhwpxx57
rJx33nml4ykdHR1y//33M+AAAADAdjZu3CgzZ87s8Qb4SWzYsEFmzpwpGzduNBzZ3zDcQFyZbyOx
/XrttddK24ceeuihWF+zdOnS0tfcfffdFT3uSSed1GPr0jHHHNPr7S+++OLSbdva2oJx48ZVnPPY
sWN7PPaZZ55Z8X2dcMIJFW3VOuKII4J8Ph/k8/lg+PDhwbXXXhu0tbVVdORlW8cff3zV+ue4444L
3nzzzdJj33///cGoUaNif30+nw923XXXoKurKwiCIOjs7AzuuuuuHvncd999QVNTU6bPk2rJMkcu
Li4uLi4uLpuvI488svQzZVxdXV3BkUcemWpc2x5LKRaLFR1LCbtPjqg4dWUegPXXrbfeWmq+1tbW
4MADD+z19t/+9rd7NOw//dM/VfS4DQ0NPd5f4uGHHw69bVNTU/D2228bexKbHHDk8/mgs7Mz8RO9
q6srePfddyv62t50dHQE+Xy+av0zYcKEYO7cuaXBzNKlS4PZs2cnimHYsGHBO++8E7pOhx9+eFAo
FDJ9nlRLljlycXFxcXFxcdl+nX/++Yl+9jr//PNTjafccOMrX/mK0ftlwOHUlXkA1l+f/OQng46O
jlIDvvPOO8GMGTPK3vaUU04J1q9fX7rtihUrgqFDh5a97U9/+tNgwYIFwb333htMmjSp7G1+/vOf
92j+a665ZrvbNDc3B/fcc0+P2/393/99n3I2OeAQkeDuu++u6Ml+4YUXVvR1vfn9739f9R469thj
ewwo/vKXvwQHH3xw7DdpGjZsWLBkyZKy+Tz44INBQ0ND5s+Task6Ty4uLi4uLi4u26877rgj1s9d
d9xxR6pxpDXc2Pa+GXA4dWUegBPXJZdc0qMJ29vbg//7v/8L/u3f/i244oorgl/96lfBwoULexyf
aG1tDU444YSy9/fFL36xx/3dddddZW/X3Nzc43hDEATBK6+8Elx33XXBFVdcEdx8883Be++91+Pv
//u//7vP+ZoecORyucTb4YIgCJYsWRI8+uijib8uTFdXV+rv/FzuGjJkSHDBBRf0iGP+/PnB5MmT
I782n88HU6ZMKZtPS0tLMHXq1KruSAm7qiXrPLm4uLi4uLi4bL/q6+sjf8Z+9NFHg/r6+tRiSHO4
se39M+Bw6so8AGeuK664ImhtbY3VpGvWrAlOPfXU0Ps699xze9z+0UcfDb3t3nvvHfqv99t64okn
QneMJLlMDzhEJPjKV74S7xneTbFYDI4//vge74NSqWKx2OedLX259txzz+D2228vxdPe3h489NBD
we67797r1zU1NQWXX3552ZxOP/30zI+mbL2qJes8ubi4uLi4uLhcuHrbIbxkyZJg2LBhqT122sON
bR+DAYc7V+6v/weGHHTQQXLeeefJwQcfLM3Nzdv9/YoVK+Shhx6SOXPmyFtvvRV6PzvttJM88sgj
Mm7cOGlvb5ezzz5brr/++tDbjx49Wi677DL53Oc+V/Zxly1bJjfddJNcdtllsnnz5sqS62bs2LE9
PhL3rLPOkrlz5/bpPnO5nLz44osyZcqURF8XBIEMGTJE5s2bJ9OnT6/48V966SXZa6+9Uv1oq97k
83k57LDD5Oc//3npI3s7OjrkySeflHPOOUcWLFiw3dfU1NTInnvuKfPnz+9R9yAI5Le//a2cfvrp
0t7eXrUcelOtdY37CTQAAADo3bRp0+SJJ57o8UmRW7ZskQMPPFAWLlyYymOW+7SUhQsXyn/9138Z
fZwZM2bIoYceKiIijzzyiMyYMcPYfZv+uZefb+NjwJGShoYGOeSQQ2THHXeUQYMGyapVq2Tx4sUy
f/782PcxePBgOeCAA+Ttt9+O/bnU9fX1cuihh8quu+4qDQ0NsmbNGnn11VflscceqzCT6ioUCrJp
06YeH6Mbx+rVq2WHHXaQq666Ss4555zELwJtbW3S2NgonZ2dib7OtIaGBpk1a5ZceeWVMnbsWBH5
6CN8X3nlFbngggvkvvvuK902n8/LxIkT5fbbb5e99967lHOxWJRnn31WDj30UNmyZUsmeZTDgAMA
AMA+J5xwgtx5552lP5944oly1113pfJY5YYb1cCAwy2ZbyPh4up+NTc3B21tbYm3bi1atCjI5/PB
pEmTgg0bNsT+ura2tqC5uTnzvEU+ei+SxsbG4Etf+lKwePHiUoydnZ3B0qVLg1/96lfBPvvsE9TW
1gYHHnhg8OSTT/b4FJnOzs7gkUceCcaMGZN5Ltte1ZJ1nlxcXFxcXFxcrl1XXHFFEARBcMUVV6T2
GNseS6kmjqi4c7GDAyo1NzfLypUrE+/kePnll2X69OlSLBblm9/8plx77bVSKBRCp56tra0yatQo
2bhxY2nSGmR0RGWrXC4nAwYMkMMOO0wuuugi2X///UtxtbW1ycaNG2X9+vUydOhQaWpqkkKhICIi
7e3t8oc//EG+853vyMqVKzPPY1sPP/ywfOpTn0r1Mf74xz/KzJkzU30MAAAAH33/+9+Xq6++OpX7
Puqoo+T8889P5b7jeP755+U73/mOsfszuRNl/vz5cthhhxm5Lx8w4IBahUJBXnjhBZk8eXKir1u3
bp1MnDhR1qxZI7lcTj7xiU/INddcI3vvvXdpGJDL5eT1118vvdfFk08+KQsXLpTNmzfLt7/9beO5
JJXL5aSurk4mTZokp59+upx22mlSX19f+vtisSj5fL70/5cvXy4/+tGP5M4775R169apG26IfJTT
okWLZMKECanc/2uvvZa4VwAAAIA0XHrppaX3+KjUI488IpdeeqmZgDzBgAOq5XI5OeWUU+Q3v/lN
orNnxWJRLrzwQrn88stL/y2fz8vgwYNlr732kubmZrnnnnukWCyKiMiXv/xlaW1tlccff1yWL19u
PI9K1dTUyLBhw+Sggw6Ss88+Ww455JAef9/a2ioPP/ywXHTRRfL6668beQPZtNXX18ugQYOMtkfb
lQAAIABJREFU3ufatWulra3N6H0CAAAAsAsDDlghl8vJ3XffLcccc4zU1NQk+tp9991XXnjhhczf
QLRSuVxO6uvrZezYsXLUUUfJ2WefLTvuuKMsWLBAbrrpJrnnnntk9erV0tXVlXWoAAAAAJAZBhyw
Sj6fl+OPP15mz54te+65p+Tz+dCdHUEQSLFYlBdffFF+8pOfpPZuzwAAAACA7DHggJVyuZzkcjkZ
NGiQnHrqqfKlL31Jdtlll9L7PPzHf/yH3HDDDaX3o9D4nhQAAAAAAHMYcAAAAAAAAOvlsw4AAAAA
AACgrxhwAAAAAAAA6zHgAAAAAAAA1mPAAQAAAAAArMeAAwAAAAAAWI8BBwAAAAAAsB4DDgAAAAAA
YD0GHAAAAAAAwHoMOAAAAAAAgPUYcAAAAAAAAOsx4AAAAAAAANZjwAEAAAAAAKzHgAMAAAAAAFiP
AQcAAAAAALAeAw4AAAAAAGA9BhwAAAAAAMB6DDgAAAAAAID1GHAAAAAAAADrMeAAAAAAAADWY8AB
AAAAAACsx4ADAAAAAABYjwEHAAAAAACwHgMOAAAAAABgPQYcAAAAAADAegw4AAAAAACA9RhwAAAA
AAAA6zHgAAAAAAAA1mPAAQAAAAAArMeAAwAAAAAAWI8BBwAAAAAAsB4DDgAAAAAAYD0GHAAAAAAA
wHoMOAAAAAAAgPUYcAAAAAAAAOsx4AAAAAAAANZjwAEAAAAAAKzHgAMAAAAAAFiPAQcAAAAAALAe
Aw4AAAAAAGA9BhwAAAAAAMB6DDgAAAAAAID1GHAAAAAAAADrMeAAAAAAAADWY8ABAAAAAACsx4AD
AAAAAABYjwEHAAAAAACwXmHfsx7NOgZHBKofMoPo4By6yIYlsCBE5VhBNShFqL4tDQuLEM60hjOJ
RPInUwepLp6+4Fa/cEfs2xZSjMNRGRU85sPqa0fYyfNOsiB9C0JUjhVUhXKEYpiBVDjTGs4kEsmf
TB2ktnhqA+sTBhy9YpgB19FFNiyBBSEqxwqqQjlCVb40LCpCONUaTiUTyo8sHaa2gGoDM44BRwlH
TOA6usiGJbAgRMVYPVUoRyh2ZSAVzrSGM4lE8idTB6kunurgUufhgINdGfCB551kQfoWhKgcK6gK
5QjFMAPGOdUWTiXTK38ydZDa4qkNLFOODzgYZsB1dJENS2BBiMqxgqpQjlAcMYFxTrWGU8mE8iNL
h6ktoNrA1HFowMERE7iOLrJhCSwIUTFWTxXKEYpdGUiFM63hTCKR/MnUQaqLpzo49SwccLArAz7w
vJMsSN+CEJVjBVWhHKHYlQHjnGoNp5LplT+ZOkht8dQGZjXlAw6GGXAdXWTDElgQonKsoCqUIxTD
DBjnVGs4lUwoP7J0mNoCqg3MOYoGHBwxgevoIhuWwIIQFWP1VKEcoThiglQ40xrOJBLJn0wdpLp4
qoNzXgYDDnZlwAeed5IF6VsQonKsoCqUIxS7MmCcU63hVDK98idTB6ktntrAvBVI6gMOdmXAdXSR
DUtgQYjKsYKqUI5QDDNgnDOt4UwikfzJ1FFqC6g2MG+FVcTggINhBlxHF2lfAuXhWYAVVIVyhOKI
CVLhTGs4k0gkfzJ1kOriqQ7OS0kqUsGAgyMm8IHnnWRB+haEqBwrqArlCMWuDBjnVGs4lUyv/MnU
QWqLpzYwb5moSMSAg10ZcB1dZMMSWBCicqygKpQjFMMMGOdMaziTSCR/MnWU2gKqDcxbaVWk24CD
YQZcRxdpXwLl4VmAFVSFcoTiiAlS4UxrOJNIJH8ydZDq4qkOzkvVrEihag/HERNUleedZEH6FoSo
HCuoCuUIxa4MGOdUaziVTK/8ydRBaounNjBvaaiI+U9RYVcGqoousmEJLAhROVZQDUrRK4YZMM6Z
1nAmkUj+ZOootQVUG5i3tFakbwMOhhmoKrpI+xIoD88CrKAqlCMUR0yQCmdaw5lEIvmTqYNUF091
cF6yqSLxBxwcMUFVed5JFqRvQYjKsYKqUI5Q7MqAcU61hlPJ9MqfTB2ktnhqA/OWCxXZfsDBrgxU
FV1kwxJYEKJyrKAalKJXDDNgnDOt4UwikfzJ1FFqC6g2MG+5WpECOzNQPXSR9iVQHp4FWEFVKEco
jpggFc60hjOJRPInUwepLp7q4LzkU0W228HhU/JIk+edZEH6FoSoHCuoCuUIxa4MGOdUaziVTCg/
snSY2gKqDcxbVESkwCKgb+ggG5bAghCVYwXVoBS9YpgB45xpDWcSieRPpo5SW0C1gXmLipRn/mNi
4TCeRtqXQHl4FmAFVaEcoThiglQ40xrOJBLJn0wdpLp4qoPzEhWJjwEHQnj+NLIgfQtCVI4VVIVy
hGJXBoxzqjWcSiaUH1k6TG0B1QbmLSrSdww4vMfTyIYlsCBE5VhBNShFKHZlIBXOtIYziUTyJ1MH
qS6e6uC8REUMKLOIDDi8wtNI+xIoD88CrKAqlCMUwwykwpnWcCaRSP5k6iDVxVMdnJeoiAExF5EB
h7M8fxpZkL4FISrHCqpCOUJxxATGOdUaTiUTyo8sHaa2gGoD8xYVMWC7RQwSLSwDDuvxNLJhCSwI
UTlWUA1KEYpdGUiFM63hTCKR/MnUQaqLpzo4L1ERA4LQP1SMAYdVeBppXwLl4VmAFVSFcoRimIFU
ONMaziQSyZ9MHaS2eGoD8xpVMSCFYUY5DDhU4ilkwxJYEKJyrKAqlCMUR0xgnFOt4VQyofzI0mFq
C6g2MG9REQPKHTGpIgYcmeNpZMMSWBCicqygGpQiFLsykApnWsOZRCL5k6mDVBdPdXBeoiIGVGlX
RhIMOKpKR9EzY0H6FoSoHCuoCuUIxTADqXCmNZxJJJI/mTpIbfHUBuY1qmKAwmFGOQw4UqG34FVj
wRJYEKJyrKAqlCMUR0xgnFOt4VQyofzI0mFqC6g2MG9REQMsGWSEYcDRZ/YV3TgLlsCCEBVj9VSh
HKHYlYFUONMaziQSyZ9MHaS6eKqD8xIVMcDyYUY5DDgScaPoFbMgfQtCVI4VVIVyhGKYgVQ40xrO
JBLJn0wdpLZ4agPzFhUxxMFhRjkMOMpyt+CxWbAEFoSoHCuoCuUIxRETGOdUaziVTCg/snSY2gKq
DcxbVMQATwYZYRhweFj07ViwBBaEqBirpwrlCMWuDKTCmdZwJpFI/mTqINXFUx2cl6iIAZ4PM8rx
bMDhedEtSN+CEJVjBVWhHKHYlQHjnGoNp5LplT+ZOkht8dQG5i0qYgjDjFgcHXBQcBuWwIIQlWMF
VaEcoRhmwDinWsOpZEL5kaXD1BZQbWDeoiIGMMjoEwcGHBTdhiWwIETFWD1VKEcojpggFc60hjOJ
RPInUwepLp7q4LxERQxgmGGcZQMOz4tuQfoWhKgcK6gK5QjFrgwY51RrOJVMr/zJ1EFqi6c2MG9R
EUMYZlSF0gEHBbdhCSwIUTlWUBXKEYphBoxzpjWcSSSSP5k6Sm0B1QbmLSpiAIOMTCkYcFB0G5bA
ghAVY/VUoRyhOGKCVDjTGs4kEsmfTB2kuniqg/MSFTGAYYY6VR5weF50C9K3IETlWEFVKEcodmXA
OKdaw6lkeuVPpg5SWzy1gXmLihiw3SKyqlqlNOCg4DYsgQUhKscKqkI5QjHMgHHOtIYziUTyJ1NH
qS2g2sC8RUUMYFeG1QwMOCi69iVQHp4FWEFVKEcojpggFc60hjOJRPInUwepLp7q4LxERQxgmOGc
hAMOz4tuQfoWhKgcK6gK5QjFrgwY51RrOJVMr/zJ1EFqi6c2MG9REQM4YuKNkAEHBbdhCSwIUTlW
UBXKEYphBoxzpjWcSSSSP5k6Sm0B1QbmLSpiALsyvFag6KJ+CZSHZwFWUBXKEYojJkiFM63hTCKR
/MnUQaqLpzo4L1ERAxhmYBsKPia2iizoeQtCVI4VVIVyhGJXBoxzqjWcSqZX/mTqILXFUxuYt6iI
ARwxQUzuDjgs6HkLQlSOFVSDUvSKYQaMc6Y1nEkkkj+ZOkptAdUG5i0qYgC7MtAHbgw4lPe98vAs
wAqqQjlCccQEqXCmNZxJJJI/mTpIdfFUB+clKmIAwwwYZteAw4KetyBE5VhBVShHKHZlwDinWsOp
ZHrlT6YOUls8tYF5i4oYwBETVIneAYcFPW9BiMqxgmpQil4xzIBxzrSGM4lE8idTR6ktoNrAvEVF
DGBXBjKkY8ChvO+Vh2cBVlAVyhGKIyZIhTOt4UwikfzJ1EGqi6c6OC9REQMYZkCZ6g44LOh5C0JU
jhVUhXKEYlcGjHOqNZxKJpQfWTpMbQHVBuYtKmIAR0xgifQGHBb0vAUhKscKqkEpQrErA6lwpjWc
SSSSP5k6SHXxVAfnJSpiALsyYDEzAw7lfa88PAuwgqpQjlAMM5AKZ1rDmUQi+ZOpg1QXT3VwXqIi
BjDMgHJJuzLZgMOCnrcgROVYQVUoRyiOmMA4p1rDqWRC+ZGlw9QWUG1g3qIiBnDEBBYw0ZXhAw4L
et6CEJVjBdWgFKHYlYFUONMaziQSyZ9MHaS6eKqD8xIVMYBdGbCA2c78270VUrh345SHZwFWUBXK
EYphBlLhTGs4k0gkfzJ1kOriqQ7OS1TEAIYZUC6tQUaYgrbngbJwLMQKqkI5QnHEBMY51RpOJRPK
jywdpraAagPzFhUxgCMmsEB6w4z491zdj4ndBk/LvmIF1aAUodiVgVQ40xrOJBLJn0wdpLp4qoPz
EhUxgF0ZsEC1d2bEVZUBB0/LvmIFVaEcoRhmIBXOtIYziUTyJ1MHqS2e2sC8RlUMYJgB5bQOMsIY
H3DwtOwrVlAVyhGKIyYwzqnWcCqZUH5k6TC1BVQbmLeoiAEcMYEFbBtmlNOnAQdPy75g9VShHKHY
lYFUONMaziQSyZ9MHaS6eKqD8xIVMYBdGbCAC8OMcg8da8DB07KvWEFVKEcohhlIhTOt4UwikfzJ
1EFqi6c2MG9REUMYZkA5ZwYZMR9+uwEHT8u+YgVVoRyhOGIC45xqDaeSCeVHlg5TW0C1gXmLihjA
IAMWcHaYkSCUAk/PSrFyqlCOUOzKQCqcaQ1nEonkT6YOUl081cF5iYoYwDADFnBmmGH4oTP9mFh7
8MKmCuUIxa4MGOdUaziVTK/8ydRBaounNjBvURFDGGZAOWcGGVV6eAYc2+GFTRXKEYphBoxzqjWc
SiaUH1k6TG0B1QbmLSpiAIMMWIBhRt95PODghU0VyhGKIyZIhTOt4UwikfzJ1EGqi6c6OC9REQMY
ZsAC5jrTz0FGGE8GHMpW3XeUIxS7MmCcU63hVDK98idTB6ktntrAvEVFDGGYAeXYlVFdDg44LFh1
n1COUAwzYJwzreFMIpH8ydRRaguoNjBvUREDGGTAAgwzsmfxgMPSFXcV5QjFEROkwpnWcCaRSP5k
6iDVxVMdnJeoiAEMM2ABjpjoZMmAw7FVtx3lCMWuDBjnVGs4lUyv/MnUQWqLpzYwb1ERA7ZbRFYV
+rArwy4KBxwerLpNKEcohhkwzpnWcCaRSP5k6ii1BVQbmLeoiAHsyoAFGGbYL8MBh6crrhXlCMUR
E6TCmdZwJpFI/mTqINXFUx2cl6iIAQwzYAGOmLipSgMOVl0VyhGKXRkwzqnWcCqZXvmTqYPUFk9t
YN6iIgZwxAQWYFeGX1IYcLDqqlCOUAwzYJwzreFMIpH8ydRRaguoNjBvURED2JUBCzDMQB8GHKy4
KpQjFEdMkApnWsOZRCL5k6mDVBdPdXBeoiIGMMyAcgwyECbmgINVV4VyhGJXBoxzqjWcSqZX/mTq
ILXFUxuYt6iIARwxgQUYZiCJMgMOVl0NStErhhkwzpnWcCaRSP5k6ii1BVQbmLeoiAHsyoAFGGag
rwqsvBKUIRRHTJAKZ1rDmUQi+ZOpg1QXT3VwXqIiBjDMgHIMMpCWDD8m1mM8CUKxKwPGOdUaTiXT
K38ydZDa4qkNzFtUxACOmMACDDNQTQw40sQToFcMM2CcM63hTCKR/MnUUWoLqDYwb1ERA9iVAQsw
zEDWGHCYwhMgFEdMkApnWsOZRCL5k6mDVBdPdXBeoiIGMMyAcgwyoBUDjkrwJAjFrgwY51RrOJVM
KD+ydJjaAqoNzFtUxACOmMACDDNgEwYcveEJ0CuGGTDOmdZwJpFI/mTqINXFUx2cl6iIAezKgAUY
ZsB2DDi24gkQiiMmSIUzreFMIpH8ydRBqounOjgvUREDGGZAOQYZcJWfAw6eBKHYlQHjnGoNp5IJ
5UeWDlNbQLWBeYuKGMARE1iAYQZ84vaAgydAKHZlIBXOtIYziUTyJ1MHqS6e6uC8REUMYFcGLMAw
A75zZ8DBEyAUwwykwpnWcCaRSP5k6iDVxVMdnJeoiAEMM6AcgwygPDsHHDwJQnHEBMY51RpOJRPK
jywdpraAagPzFhUxgCMmsADDDCA+3QMOngCh2JWBVDjTGs4kEsmfTB2kuniqg/MSFTGAXRmwgDPD
DJ5iyIieAQdPglAMM5AKZ1rDmUQi+ZOpg9QWT21gXqMqBjDMgHLODDIUPDzQXTYDDp4EoThiAuOc
ag2nkgnlR5YOU1tAtYF5i4oYwBETWIBhBpBE35os3QEHT4BQ7MpAKpxpDWcSieRPpg5SXTzVwXmJ
ihjArgxYwJlhBk8xVIX5RjM34OBJEIphBlLhTGs4k0gkfzJ1kNriqQ3Ma1TFAIYZUM6ZQYaCh4cv
qtNolQ04eBKE4ogJjHOqNZxKJpQfWTpMbQHVBuYtKmIAgwxYgGEGkES2Tdb7gIMnQCh2ZSAVzrSG
M4lE8idTB6kunurgvERFDGCYAQs4M8zgKYaq0Ndofxtw6ItNDYYZMM6ptnAqmV75k6mD1BZPbWDe
oiKGMMyAcs4MMhQ8PHxhR6MVLImzajhiAuOcag2nkgnlR5YOU1tAtYF5i4oYwCADFmCYASRhb5MF
ktXHxCrArgykwpnWcCaRSP5k6iDVxVMdnJeoiAEMM2ABc53JIAM+sLPReovaiwEHuzJgnFOt4VQy
vfInUwepLZ7awLxFRQxhmAHl2JUBJGVnowWSLHLnBhwMM2CcU63hVDKh/MjSYWoLqDYwb1ERAxhk
wAIMM4Ak7G0yE5FbO+DgiAlS4UxrOJNIJH8ydZDq4qkOzktUxACGGbAAR0yAJOxstDSjtmLAwa4M
GOdUaziVTK/8ydRBaounNjBvUREDtltEVhX6sCsDSMLeJqt25OoGHAwzYJwzreFMIpH8ydRRaguo
NjBvURED2JUBCzDMAJKwt8mMR17BHWY24OCICVLhTGs4k0gkfzJ1kOriqQ7OS1TEAIYZsABHTIAk
7Gy0VKI2dKdVGXCwKwPGOdUaTiXTK38ydZDa4qkNzFtUxACOmMAC7MoAkrC3yTQPM8oxPuBgmAHj
nGkNZxKJ5E+mjlJbQLWBeYuKGMCuDFiAYQaQhL1NpuGISV9VPODgiAlS4UxrOJNIJH8ydZDq4qkO
zktUxACGGVCOQQaQlJ2NZtuujCRiDTjYlQHjnGoNp5LplT+ZOkht8dQG5i0qYgBHTGABhhlAEvY2
mQu7MpLYbsDBMAPGOdMaziQSyZ9MHaW2gGoD8xYVMYBdGbAAwwwgCXubzLdhRjmFymK2MFNUhzOt
4UwikfzJ1EGqi6c6OC9REQMYZkA5BhlAUnY2mstHTPoq4oiKI1nCPKdaw6lkeuVPpg5SWzy1gXmL
ihjAERNYgGEGkIS9TcaujGS6DTgczxSVc6Y1nEkkkj+ZOkptAdUG5i0qYgC7MmABhhlAEvY2GcOM
vit4mTXCOdMOziQSyZ9MHaS6eKqD8xIVMYBhBpRjkAEkZWejccQkPRV/TCws59QTwKlkQvmRpcPU
FlBtYN6iIgZwxAQWYJgBJGFvk7Ero7oYcPjAmSeBM4lE8idTB6kunurgvERFDGBXBizAMANIwt4m
Y5iRPQYcrnHmSeBMIpH8ydRBqounOjgvUREDGGZAOQYZQFJ2NhpHTPRiwGErp54ATiUTyo8sHaa2
gGoD8xYVMYAjJrAAwwwgCXubjF0ZdmHAYQNnngTOJBLJn0wdpLp4qoPzEhUxgF0ZsADDDCAJe5uM
YYb9GHBo48yTwJlEIvmTqYNUF091cF6iIgYwzIByDDKApOxsNI6YuIsBR1acegI4lUwoP7J0mNoC
qg3MW1TEAI6YwAIMM4Ak7G0ydmX4hQFHNTjzJHAmkUj+ZOog1cVTHZyXqIgB7MqABZwZZvAUQ1XY
2WjsyoAIAw7znHkSOJNIJH8ydZDa4qkNzGtUxQCGGVDOmUGGgoeHL+xsNIYZCMOAo1JOPQGcSiaU
H1k6TG0B1QbmLSpiAEdMYAGGGUAS9jYZR0wQX8CAIxZnngTOJBLJn0wdpLp4qoPzEhUxgF0ZsIAz
wwyeYqgKOxuNXRmIL7ywDDi25cyTwJlEIvmTqYPUFk9tYF6jKgYwzIByzgwyFDw8fGFnozHMQHyB
JCmuvwMOp54ATiUTyo8sHaa2gGoD8xYVMYBBBizAMANIwt4m44gJ4ut7cf0YcDjzJHAmkUj+ZOog
1cVTHZyXqIgBDDNgAWeGGTzFUBV2Nhq7MhBfeoV1b8DhzJPAmUQi+ZOpg9QWT21g3qIihjDMgHLO
DDIUPDx8YWejMcxAfNUtrL0DDqeeAE4lE8qPLB2mtoBqA/MWFTGAQQYswDADSMLeJuOICeLLvrh2
DDiyXydDnEkkkj+ZOkh18VQH5yUqYgDDDFjAXGcyyIAP7Gw0dmUgPr2F1TXg0LtOFXAqmV75k6mD
1BZPbWDeoiKGMMyAcuzKAJKys9EYZiA+uwqb3YDDrnWK4FQyofzI0mFqC6g2MG9REQMYZMACDDOA
JOxtMo6YID77i1udAYf96/RXziQSyZ9MHaS6eKqD8xIVMYBhBizAERMgCTsbjV0ZiM/dwpodcDi1
Tk4l0yt/MnWQ2uKpDcxbVMQQhhlQjl0ZQBL2NhnDDMTnV2ErH3A4s07OJBLJn0wdpbaAagPzFhUx
gEEGLMAwA0jC3ibjiAnio7jxBhzOrJMziUTyJ1MHqS6e6uC8REUMYJgBC3DEBEjCzkZjVwbio7Bh
eg44nFonp5LplT+ZOkht8dQG5i0qYsB2i8iqQh92ZQBJ2NtkDDMQH4VNomD/elmfQGz+ZOootQVU
G5i3qIgB7MqABRhmAEnY22QcMUE8FNaE7D4mtiL+FN2fTB2kuniqg/MSFTGAYQYswBETIAk7G41d
GYiPwqZF8YDDn6L7k6mD1BZPbWDeoiIGcMQEFmBXBpCEvU3GMAPxUdhqUjDg8Kfg/mTqKLUFVBuY
t6iIAezKgAUYZgBJ2NtkHDFBPBRWgyoPOPwpuj+ZOkh18VQH5yUqYgDDDCjHIANIys5GY1cG4qOw
KgWpDjj8Kbo/mTpIbfHUBuYtKmIAR0xgAYYZQBL2Nhm7MhAfxVUppCwGBhz+FNyfTB2ltoBqA/MW
FTGAXRmwAMMMIAl7m4xhBuKhsGolKE3CAYc/RfcnUwepLp7q4LxERQxgmAHlGGQASdnZaBwxQXwU
ViUDZellwOFP0f3J1EFqi6c2MG9REQM4YgILMMwAkrC3ydiVgfgorkoxy5K0egWfCu5Ppo5SW0C1
gXmLihjArgxYgGEGkIS9TcYwA/FQWLVilMZU9RR8TGw6aG+LqS6e6uC8REUMYJgB5RhkAEnZ2Wgc
MUF8FFallHZlJGH9gIPWtpzaAqoNzFtUxACOmMACDDOAJOxtMnZlID6Kq5KCYUY5Vg04aG2LqS6e
6uC8REUMYFcGLMAwA0jC3iZjmIF4KKxaVTxi0ldqBxxaFggVUF081cF5iYoYwDADyjHIAJKys9E4
YoL4KKxKSndlJJH5gEPz4iAGtQVUG5i3qIgBHDGBBRhmAEnY22TsykB8FFclB4YZ5VR1wGHb4qAb
1cVTHZyXqIgB7MqABRhmAEnY2WTsykB8FFYti46Y9FVqAw5XFshLqounOjgvUREDGGZAOQYZQFJ2
NhrDDMRHYVVydFdGEn0ecLi8OF5QW0C1gXmLihjAERNYgGEGkIS9TcYRE8RHcVVimFFWogGHb4vj
FNXFUx2cl6iIAezKgAWcGWbwFENV2Nlo7MpAfBRWLY+OmPRV6ICDBbKY2uKpDcxrVMUAhhlQzplB
hoKHhy/sbDSGGYiPwqrErow+K7A4llNbQLWBeYuKGMARE1iAYQaQhL1NxhETxEdxVWKYkYrMPyYW
ManubNXBeYmKGMCuDFjAmWEGTzFUhZ2Nxq4MxEdh1eKISdUw4NBIbXerDcxbVMQQhhlQzplBhoKH
hy/sbDSGGYiPwqrErgyDKlslBhxZU9vdagPzFhUxgEEGLMAwA0jC3ibjiAnio7gqMcwwyNwqMeCo
FtWdrTo4L1ERAxhmwALODDN4iqEq7Gw0dmUgPgqrEoMMw9JdKQYcaVDb3WoD8xYVMYRhBpRzZpCh
4OHhCzsbjWEG4qOwKjHMMCibVWLA0Vdqu1ttYN6iIgYwyIAFGGYASdjbZBwxQXwUVyWGGQbpWSUG
HHHpqVkZqoPzEhUxgGEGLGCuMxlkwAd2Nhq7MhAfhVWJQYZhuleKAUc5amumNjBvURFDGGZAOXZl
AEnZ2WgMMxAfhVWJYYZBdq4SAw61dVMbmLeoiAEMMmABhhlAEvY2GUdMEB/FVSlGWahcXO6slD8D
DtU1Ux2cl6iIAQwzYAGOmABJ2Nlo7MpAfBRWJXZlGOb2Srk54FBbM7WBeYuKGLDdIrKq0IddGUAS
9jYZwwzER2FVYphhkJ+rZP+AQ23d1AbmLSpiALsyYAGGGUAS9jYZR0wQH8VViSMmBrFSW9kz4FBd
M9XBeYmKGMAwAxbgiAmQhJ2Nxq4MxEdhVWJXhmGsVG90DjjU1kxtYN6iIgZwxAQWYFcGkIS9TcYw
A/FRWJUYZhjEKlUi+wGH2rqpDcxbVMQAdmXAAgwzgCTsbTKOmCAeCqsWR0wMYqVMqd4cMM/ZAAAg
AElEQVSAQ3XNVAfnJSpiAMMMKMcgA0jKzkZjVwbio7AqsSvDMFYqTekMONTWTG1g3qIiBnDEBBZg
mAEkYW+TsSsD8VFclRhmGMQqZaHvAw61dVMbmLeoiAHsyoAFGGYASdjbZAwzEA+FVYsjJgaxUlrE
H3Corpnq4LxERQxgmAHlGGQASdnZaBwxQXwUViV2ZRjEKmlXfsChtm5qA/MWFTGAIyawAMMMIAl7
m4xdGYiP4qrEMMMgVslGBb11UxuYt6iIAezKgAUYZgBJ2NtkDDMQD4VViyMmBrFSrsj+Y2JFhIbS
h4oYwDADyjHIAJKys9E4YoL4KKxK7MowiFVyXZUHHDSUNlTEAI6YwAIMM4Ak7G0ydmUgPoqrEsMM
g1glH6U44KChtKEiBrArAxZgmAEkYW+TMcxAPBRWLY6YGMRK4SOGBhw0lDZUxACGGVCOQQaQlJ2N
xhETxEdhVWJXhkGsEnqXcMBBQ2lDRQzgiAkswDADSMLeJmNXBuKjuCoxzDCIVUJyvQw4aChtqIgB
7MqABRhmAEnY22QMMxAPhVWLIyYGsVIw468DDhpKGypiAMMMKMcgA0jKzkbjiAnio7AqsSvDIFYJ
MfShTQo0WbZYfQM4YgILMMwAkrC3ydiVgfgorkoMMwxilRAhhRap8sfE+o2nuAHsyoAFnBlm8BRD
VdjZaOzKQHwUVi2OmBjESiFClVqEAUdKeIobwDADyjkzyFDw8PCFnY3GMAPxUViV2JVhEKuEGDJs
EwYcfcRT3ACOmMACDDOAJOxtMo6YID6KqxLDDINYJURQ2CIMOBJQWD/7sCsDFnBmmMFTDFVhZ6Ox
KwPxUVi1OGJiECuFCMpbZGt4DDhCKK+fHRhmQDlnBhkKHh6+sLPRGGYgPgqrErsyDGKVEIPyNukt
PO8HHMprZwcGGbAAwwwgCXubjCMmiI/iqsQwwyBWCRGUt0iwzf+G3+JvvBpwKK+fHRhmwALODDN4
iqEq7Gw0dmUgPgqrEoMMw1gpRFDeItHhxUvAyQGH8trZg2EGlHNmkKHg4eELOxuNYQbio7AqMcww
iFVCDMrbJPkwI35C1g84lNfODgwyYAGGGUAS9jYZR0wQH8VViWGGQawSIihvEVO7MpKwasChvH52
YJgBC5jrTAYZ8IGdjcauDMRHYVVikGEYK4UIylski2FGOSoHHMprZw+GGVCOXRlAUnY2GsMMxEdh
VWKYYRCrhBiUt4mWYUY5mQ84lNfODgwyYAGGGUAS9jYZR0wQH8VViWGGQawSIihvEc2DjDBVHXDo
S99CDDNgAY6YAEnY2WjsykB8FFYlBhmGsVKIoLxFbBxmlJPKgMOO1JXbbhFZVejDrgwgCXubjGEG
4qOwKjHMMIhVQgzK28SVYUY5fR5w2Ju6IuzKgAUYZgBJ2NtkHDFBfBRXpRhloXJxsVKIoLxFXB5k
hEk04HAv/QwwzIAFOGICJGFno7ErA/FRWJXYlWEYK4UIylvEx2FGOWUHHH6knjKOmMAC7MoAkrC3
yRhmID4KqxLDDINYJcSgvE0YZoQr+Ju6QezKgAUYZgBJ2NtkHDFBPBRWLY6YGMRKIYLyFmGQkVzm
HxNrHYYZUI5BBpCUnY3GrgzER2FVYleGYawUIihvEYYZZjDgCMMRE1iAYQaQhL1Nxq4MxEdxVWKY
YRCrhBiUtwnDjPQw4BBhVwaswDADSMLeJmOYgXgorFocMTGIlUIE5S3CIKP6/BtwMMyAcgwygKTs
bDSOmCA+CqsSuzIMYpUQg/I2YZihg7sDDo6YwAIMM4Ak7G0ydmUgPoqrEsMMg1glxKC8TRhm6OXG
gINdGbAAwwwgCXubjGEG4qGwanHExCBWChGUtwiDDPvYN+BgmAHlGGQASdnZaBwxQXwUViV2ZRjE
KiEG5W3CMMMNegccHDGBBRhmAEnY22TsykB8FFclhhkGsUqIoLxFGGS4TceAg10ZsADDDPiitpCX
T+wxWE75ux1lz52bJJ/LVT2GYjGQ9z9olbufWCH3PblCPtjQXrXHtnGYscPQejnxkDFy9P4jZMSg
uvQfsBfL17TJHx5dJnf873LZsLkj0dfm8znZa+cm+fqnx8v+uw2SfrX5lKKESUtWb5H/N3+p/P7R
ZdLWUcw6HI6YGMVKIYLyFmGY4Z+akfudcmlVH5FhBpRjkAHfHbP/CPn//mF32WFoveQyGG6IiORy
OWkeUCsf222wTNxhgNz/l1XGH8OVIya7jhkgPztjqszYa6gMqK+pfgDbaOpfkH0nDZLOrkCefWNd
oq/dd9dmufzUKTJ5XKMUarLpPSTXPKBWPj55sHR0BfLcovXVe2B2ZRjEKiEG5W3CMMNdW1a9Gvu2
6f3TSLDtFXx09fiPQLa2a1NF92bbw8MNA+prZObHR6r55TKXE/nEHkPk45MH9+l+jD89yt1hBs+5
frV5+dbMnWSnkQ3Vf/Be5HM5OWSvoVIoJPsx48h9R8jw5mx3oKAyNfmcfO6TO6S36ybm803B09IC
rBIiKPkeFyY6POUJIFVmvgtFDjJoKGSPYQYQraFfQSaOHpB1GNv5+qfHx75tVYYZShw0ZYgcsHvf
hj9p6V+XfDfJoXsNSyESVEsuJ2Z2fcV4zvHrS1ysEiIob5Ho8JQngKpL/h4cQegfABXMdmXGPc5T
DFXxt0Yb1FgjQ5pqM4ylvGkTBsqYYfWy9IPW0n9L5elh0XNuSFOt/NMXd5X+/bI/llLOirWtUizG
X9ARg+rYvWG5DS0d0treFf8LYraHRU/LDLFKiEF5m0SHpzwBqBA+4Niuf2go6MMwA0giusmmT2yu
QhzJ5XMik8Y2yvvdBhx9YvnzraFfjZw9a4LqgcCyD9s+2tAZ0x7jB6YXDKpiwVu9vP8GwwyDWCVE
UN4iDDKQpo+OqHDEBBZw5ogJ+2pRFZU12e47NqUYU+Xy+ZzsuXOzVLT73cHn28d2HyxH7DMi6zBC
BYHIklWbpZhgwvGx3QalGBGq4fFX1nz0fzhiYhCrhAjKW4QjJqi2QqJ/XgGqgF0ZQFLmGm2vCXr/
FX2PcY1SV8j3/jGUHjznhjfXybdm7iQN/fR+hGpnV1HeX70l0ddMGtuYUjSolteXbAodZiAKq4QY
lLcJOzOgQfL34AAMYpgBJJFukzX1L8hOI/qn+hh9sfvYRqmvq/lowOHp861Qk5PvHj9Rdh2j741g
u+sqBrJqfXvs2w9qrJUxQ+tTjAhpW72+XVata/P1qZkQq4QIyluEQQY00/vPP3AOR0yAJKrfZGOH
95d8XsfHw5bT1FCQQ6YO9fr5tv9ug+WgqUOyDiNSZ1cgyz9si7jV33p76MDa9D5eFFXx7ooWn5+a
veAHBkRQ3iIcMYFt+GkCxpn9/T/jaQKv2agKHY02ZbzO99/o7rgDR2YdQqZOP2a8NPbXv/mypbVL
PtzYfQdH7z0+clA/BhyWe/HdjVmHkDH+9QMxKG8RhhlwAT9NoE+c2ZWh4OHhA90/AO80qiHrECLt
u+sgGTGoX9ZhVF0+l5Nvf3Znmab4PVK6e/HdDVIsFiVuj48aUi/96viRxGaLlm7KOoQq0vs6DiV0
f7uPEZ7yBIBtdWtTfppAbM4MM3jNRlXY1WS1hbyMG673/Te6+8Qeg7MOoeo+tvsg+fvDx2YdRmxP
vLI20e3HDK2XfEUfkQMNWtu7ZM3GjqzDSIldr+XIgPIWYVcGnBPRsgw4sB2zv/9nPE3gNRtVYWej
dY+2oV+NDGzQf/RBRGT6xGbV7xViWl0hL6ceNU5qC/Z8y357eUui2+86hk9QsdnGzV2yZpPtAw7+
9QMxKG8RhhlwSkUvywGfouI7sy9rGb9I8hqN1NnbZFGRN/avkSFNdVWJpa92HjVABjYUZJ31v1DF
c8LBO8j0ic1ZhxFbS2uXLHx7faKvGaf403sQbX1Lh6xeF/WmsprY+1qOKlHeItHhKU8A2FZFLVv+
ixhweMTcSx2DDPjAzkarNOoB9QVrdnBMGN0ggxtrvRhw7DG+Sc753M5SY9GOlfdWb078NWOH8RGx
NtvU2iUbWjqzDiOEna/lqCLlLcIwA85J3LLJdhvZs98VsaV/xKSK2EmHqrCz0UxGPW5Ef2myZMAx
oL5Gpu5kx5tt9kVDvxr52qftOpoiIvLOimQDjk/sMcSrI0cueuP9jVIMsn7d5IgJYlDeIhwxgVMq
PGLS1x6366cmbMfsyxzDDLjO3h+AjUe9zZ1NsOATVLqb+XH3Py72qP1GyEFThmQdRmLvrdqS6PbT
Jthz/AblvVT1j4i183UcVaT82310eMoTALZVUbum0+N2/HMdRMTky1rGL5C8PqMq7Gy0VKKOcaeT
xzWl8cip2X/SIBneXCer17dnHUoqJu4wQM767M7Sr9auf4coBoEsTjjg2H+3QSlFg2p58Z0NKd67
na/lqCLlLRIdnvIEgO4qatfq9rhdPzl5wuzMll0ZcJ29/8qRStQV3ukelg04REQO2Wto1iGkorF/
Qc46bmcZ1FibdSiJbWnrkjUb4w+d+verkUlj+QQVm7W1F+W91cmGWuXZ+1qOKlLeItHhKU8A6E7R
rowkGHBkzGwLMMyA6+xtMuORG/xdYGBDrQxrtuMTVLqbsdcwyefce++GAycPko9PHpx1GBVpae2S
FWvjf5rGiOZ+UlvjXg198sbSTdJVTPriY+9rOapE+bwrOjzlCQDbsnSYUQ5HVKrIXMkzbh4dvQvn
2dloqUSd8lJM3cnOf0EfM7ReRgyqS/QLtS7bF7axf0G+PWuidUdTttrc1iUfrI9fjwmjG6z6hBhs
77lFUR8JbOdrOapIeYtEh6c8AaC7itrVrh5nwJECsy3AMAOus7fJbBxmlDPF0k8kGTqwzqIBR7zC
XvWNKVZ/ZOraTR3S0toV+/YjB/eTnIO7cHzy+ntb32DU3tdyVJHyNmGYAad4MMwox85/IlKEIyZA
EvY2meYjJn01cfSAbB64j5oaCrKXuk/gqLywh00bpjCfZJK82WQ+l5PxIxqE+Ya92jsDeXt5i9j0
Wo4qUfQ9rhyOmMA5Dh0x6SsGHAmYa4GMXzR5zUZV2NlkqTw9FC9FY/+C7GzZR8R2NyPTNxo1W9hz
T9xF+tfZ/W150bKW2Lct1ORk1JB+KUaDtK3f1CFb2uPv2IGjFH+PE4kTnvIEgO4q+kHVr1/+OKJS
htlyZ9w87vYu1LC3yVKJ3LLlaB5QKw397P2leurOA6V5QEHWt3Sm/EjpFbZQk5PZJ0+S0UPsPZqy
VZIdHIWanIwZZu9wDSLL17bKhpaOrMNANSn/HhcdnvIEgO4qald63N6fag0xO8vKeDLmz2AOmbG3
yaqyK8Oe5SgZOrBWBtTbO+uuK+TlqP1HGrzH6hf2oClDDeeQjVXr2hJ9XGihJi/Dm+37KFz8zYcb
2mVTgvdcgUWUf4+LDk95AsC2KmpX93u8kqy8GXCYfZnL+EWT12xUhZ1NlsrTw86liKV5QK00WDzg
EBE5Zv+Rkq/okziyL+yA+ho5+bAx1n5qSnfL17RKMeHHhVZWN2ixam2rdHY59ILoq+xfCnsVHZ7y
BIDuKvpB1Y9f/kxlaP9PVGWYLX/GzeR+LyNz9r5oVmWQYcdSVGzM0HqpK9j9S+boof1kzNCo4x06
C3vyYWNl710GZR2GEc+/Ff94iohIZ1dRln7QmlI0qIanX1+XdQhISudLYQnDDDilonZ1v8fT/nHb
+gEHwwwgCXubrCrDDA+NG2H/eyA09S/IpDFbPwnGjilVLify8clD5B+P3VkKNXYPmLZ6Z0XEG4xu
U5ItbV1y7xMrpKW1U4qBvhohXEtrp9z0p8Xy5+dXZx0Kwih/KYwOT3kCwLYYZpSVRYbW7Es2uxgZ
N497vQuV7Gy0VKK2cymqYupOTVmH0Gd1hbzsMmaAPGzRL1uN9QX5hyPHZR2GMW0dRVmycvNHf4j5
fCsGIv/vkaWyaFmL7Di8v9Qq2kk0oL4g/3DkjtLYP7sfk4rFQO7/y0p56d1kO2PSlsvl5I2lm+T5
ReuzDgVbKf8eFx2e8gSA7ipqVz96XEuWKgccDDOAJOxtMuOR27sUmRk7zP5P7sjlRPbd1a5jHodN
Hy4f282umHuzaUuXtLR2hT4Hw56aXcVAnn59rTz9+trUYqvE2GH18qVPjc00ho7OQB56bpU88sKH
mcYBZZR/n+s9POXBA9timFGW9gwzH3AwzACSsLfJGGboM3Z4fxnU6ManWEyf2CyDGmtl3Sb9H1m5
29hG+cGJu2QdhlHrNrXL+pZOZ56Wo4bUZ/7Gr+2dRVm+pi3TGJAh5U8mdmXAOQwzyrIxw6p99zZ7
ki7jc3kcC0RV2NlkqTw97FwK9fae2Jx1CMYUanLyqenDsw4jUr/avJz12Z1lQH1N1qEYtWFzp1Mf
Fzp0YJ3UZTzg6OgqygfrGXB4Qfn3uOjwlCcAdFfRD6p+/PLnSoapfPc2uzgZL7UrlYZi9r5oVmWQ
YcdSWGm3HRuzDsGoEw/ZQf3Hjh657wj52G6Dsw7DuCWrNktLa2fWYRiz86gBUpvxm7++v3qLrNmo
f0cSElD+PS46POUJANuqqF3d73HXn8l9HnAwzACSsLfJ2JXhnn12cWcHh4jIxNEDZKeRej8VZlBj
rXz3+IlSW7D+A8y289p7m7IOwaidRvbPOgR51bE19Y7y73HsyoBz2JVRlvsZbi/2T1lmWyDjhvKj
n5E5O5sslaeHnUvhtOYBtTJiUF3WYRiVz4tMHqdzV0p9XY1c882pzrznybYWr9qSdQhGjR6S/Zvv
Pr9oXdYhIC7l3+MYZsApFf2g6keP+5FltLIDDnZlAEnYOzGryiDDjqXwzrDmOqmtcWsnQT6Xk2k7
D1R5TGXGtKGyu2NHgrp73YndBn970dppVPY7gZ7jY1j1Uf49Ljo85QkA26qoXd3vcZ7JvSuYXYyM
l5bKInV2NlkqUdu5FPir8SMapF+dW290KSIyaWyT1BVy0tqup0H71+Xl1KPGS72D6y0ism5Th6zZ
2J51GAmF98eOw/vLwIZsP2Ru05ZOWbWONxjNlJ6XkLKiw1OeALCtxC3rR4/7kaVZFX4HZ5ABH9jZ
aAwzEMewgbVScPD37Yk7NMjAhlppbdfxy2G/2rycf9IkmTh6QNahpGbh2xuyDqEXyV+8pu40MIU4
knlzWUvWIfhF+fc4hhlwSkXt6keP+5Fl+mLsT+aICVxn70Yvjpggvp5FHTu8XvI5fUc5+mpAfUE+
ttugrMMoOXCPIXLUfiOyDiNVj738YdYh/JWZF68j9sn+44ZfeIvjKalQ/j2OIyZwDkdMyuKZnK5t
BhwZLjWVRlXY2WSpPD3sXApEiu6WXE5klII3UUzLZw4YlXUIIiJSV8jLN44e7+SnpnS3fE0Wu2XS
ewGbslP2ny703urNWYdgP+Xf46LDU54AsK3ELevHL3/uZ6hPIZNlprKoCjsbLZWo7VwKRKq8sONH
ZP8mimnZf9Ig6Vebl7aOYjYB/LUsXzliR9l9x6ZsYqiSDZs75e3laR6nqO6L19CBdTJ8YLafdNPW
XsxoaGQx5d/josNTngDQXUXt6keP+5Glfun/sxJjK6TO3glwVXZl2LEUiGSusLU1eRk1pJ+huPTJ
53Oy765VOqYSUpY9dx4oZx63szh4CqiHNRvaDA6Ssn/x2mFovUjGNdvc1inrWzqzDUIr5d/josNT
ngCwrYra1f0e55msm7kBB5VGVdjZZKk8PexcCkRK/8V0tx0bpal/tp8Skbbpu6RwzCBGWQIR6d+v
Rk49erz5x1do5bp2aW2vZMCh8wVswugBkst4wrFxS6d8uIEdHEpbpCQ6POUJANtK3LJ+/PLnfobu
qewnXCqLqrCz0VKJ2s6lQKRsCjtlvNvHJkREJo4eIHWFvLR3VvDLd8yyhN3skD2HygG7D07+uBZa
u6lD2jq6ermFXS9eowbXZ77rpqW1SzZsrmwHx7DmfjL6r7uz2joC6ejsktb2orS2d0lre5e0dQRS
DBTWRGFI3UWHpzwBoLuK2tX9Hnc/Q39EDzioNlJnb5MZj9zepUAkPcU9YPKQrENI3bgR/WVQY62s
WhfxL+F9HGZsq7F/jXzvhInSr9btNxbd6v3VW6Sza+vq6OnxShRq/n/2zjtMsrLK/99bOXZ1zmE6
zExPniFnUBQMKIJZMWBYAyor+1td16xrYF1ExbCLERVFECMqIEhQhAGGybF7OudUXdWVw63fHz0D
PT1VdXM+n+fhAWaq6r7vOee94XvPew6Dllrti+8en4gjkS4nGhWnsdqDL79rIza2B4ECkMyyyGZZ
xFI5JNI5JNMsookshmeS6B+PYXAqgYHJuLq1anQeIiRkEKaDxIyimH+G1uYFgYM8TaiCMQONsjII
/ujbsQwDnKnE9g2d0VLjQcjveEHgkFnIKIbdxuBTb1mPupB565usZnw+Cb3HPF+cDtvz2Q9acmgk
Jup7HfU+9LYFnxfX3K7lf9fBVfI7LFvA0HQCu/sjeOLgPA6PLCGVZZFI5cVlP61E52FBYgZhOgSH
rDVi3BqzJFbiIK8TymHM4CIxg+CP8RxbE3QhYPL6GwDgcdmxtTOEvrHSHT7k9t7Wzgqcvd4aW1NO
cnRU3MO4HnHYGV2IU/0T4mzaVO2ByyFsf43NxqCryY+uJj9ee3EzYskcJhdSGJxK4PDIEg4MLeHI
6BJiSY4tMzo/FZKYQZgKysooivlnSPDF/He5hAoY95RCW0wI/pjDuR0N5m0Pu5qLt9Tg3r9PAFDe
ewwDvO+qNagOattiVG0GppRsEasuLocNTTXab1E5OBQV9b3akAt2m7QCIgGvA2tbAljbEsAVZ9YD
AJLpPB7bP4+7HxvDvuNRsIUC9FjGAyAhgzAhJGYUxfwzJKRAAgchEGOeUigrg+CPuR2rhxR8tThz
bSU8bjuSIuoZCOVdV3ZYprDoSUZmkkiL6qCiT7Z1h+ByaFs7ZSqcFlV/AwA66r0yj2YZr9uOl51V
jyvOrMPYbApPHw3juWOL2DcYwfhcSpFj8oHEDMJ00BaTolhjlkRphEcACRxEGYx5SiExg+CP9Rxr
pQwOv2d5m8rOIwuKHqen2Y83Xtqi6DH0yNNHw1oPQVY2r6nQegiiszcYBljXpmx3JBvDoL3ei/Z6
L15zQROS6TyePrqA2/80jGNjym5VIjGDMBWUlVEU88+QKI98EUACBwEjn1JoiwnBH3Kuy2FDR711
BA4AOKe3UnGB49XnN6ImpO7WlNlIBpksq2nXj0PD4h7G9cq2Lu2L7+7qWxT93dqK0sVE5cZhZxD0
OXD5jnpcvqMe+waj+MM/J7FvIIrBqfiKzjrCICGDMB0kZhTF/DMkyqNsBJDAYTmMeUqhrAyCP+TY
UricNtRWardFZXYxA4eDQVVAPTFga2cFXA6b9I4QJWir8+K1FzfDxkirfSCUb/ymH91NAbzrZe2q
HnclzxwT/zCuRzZ3aJ/B0T8hrqZJe71P0/ovWzsrsKkjiIWlDJ45sohb7+3HXDRT9jskZhCmgoSM
klhjlkRp1I8AbTebEgpSKPGP/lFk1MY0BcEJOVYILocNDRoKHN/94yB+9tdRVY9ZX+lGbUiZN9t+
jwO3fWgrfG67Ir9figNDEfzlmWnUaSxWzZ5swWsCepr9cDnVFalWE4lnEY6VFwVKoYftNXbbchea
V5zbgAdvvhA3v2cTzlhbiYDXweNMTedywkCIClfzx7hxnzwIeVAwAgT+DGVwmALjnj5oiwnBD3Ks
HLicNtRWaPeWdyqcEv2GWiw1FU40VLkxMS9vMUSGAV5+dj1aVd4iEk/lcOu9A/B7HOio1257ylw0
DdZEy7JdB1u3IvEckmmOTKMSNj9PZwVuGQa44qx6XLK1FnsHIrjn8XE89Nws6FxOGA7KzCiK+WdI
lEehCJDpZ0ngMBzGPKXQFhOCP+RYpVjX4odTwy4Rk/MpDM8kEU1kUeFTR2jxexzobvZjd39E1t/1
OG1402UtkttyCuWJA/M4OBJFU5UHtSHtMjgGJuPIm0jhWNca0HoIWFjKYCmRe+EPeJqXYYBNOsjg
KIbHZcO5vVU4t7cK+wcjuPlXfTg8smSq2CFMAgkZJbHGLInS6FvMKAZtUdEtxk30oi0mBH/IsWqy
VeMiilPh5S0Nh4aXVD3u2esqZf/Nj1zTje5mv+y/y8UdD40inWFRHXRqWnNhKpxGoWCO9WpjGLTV
KdNiVQhzkTTiyazgU2FNhRudjdpnoHCxpTOE73x4Oz7x5nXoVbjjC0GUhbaYFMW4Tx6EPCi8xUTF
wCKBQxcY93Qi+8jp7GpSyLF64Jz12qWx90/Ekc4up98/2ydvNgUXZ6+vgpw1QLd3h/Cmy9RvC3vf
U1PPi0MttR54XOrW/jgJyxYwPpeESfQNeN12TbNhTtI/EUdeRC3cxirtx86XkN+B113cgrs+eTY+
8Kou1TOgCAtCYkZRzD9DojwqChkaBBcJHKqjA6+LQJF4NaYpCE7IsXrEYWM0fcs7NvdCDYx9A1FR
D3JiqQo4sVGmDhl+jwPvuKJNlt8SwtB0At/63fHn/39rl/xZKXzJsQVTFRgNeO2or1SvxWopBqeS
or6XyuRlHok6vO+Va3DnJ87C5Tvq4HbS7SghEVE3qjp5GlMY88+QKI85sjKEQFcUxTDuSZOyMgj+
kGN1SRG3tNX54Pdo88YfAEZmEs//91wkg/moug/I56wXKwicasjeNj8u3lwj38B4wBYK+P0/J09p
u7mlU7vtRrl8AePz5hE4/B4HqoPaCxwDkzGR30vgpv/dj51HwugbixlK8OhtC+Ir796Er713M6oC
2vuAMAiUlVEUut22OgpGgMECi4qMyoLOvVwG2UduXFMQZSHH6hYerikA6GzStsbAkZEX6m4sLGUw
FU6jXsU2p5fvqMMdD46CLbuvorwxaytcuOm1Paqn1UfiOTzw7MzzW0ICXgc6G1VnQrUAACAASURB
VLXzZzqTx8yivF1ptKQm6ESFT9vboVQmj5FpcRkcbKGAR/bM4ZE9c89HsNtpQ22FCw3VHtRWuNBR
70VjtQeN1W5UBlyor3ShOujSxRYRl8OGS7bW4uefOAvf/t1xPLZvDom0cUQaQmFE3X6Y/57F/DMk
yqNQBJgksEjgEIwxPa/IqI1pCoITcqwu4emWUh/rbFS/IOZKVraHjcazmF5IA53qHb++0oXG6pPt
YsXF+Ntf2o6NHeoXR/zcTw9jcuEFQWFbVwguDbvhHB2LIZ4yzwPoWh10UBmcSiCTE7Zvq1wUp7Ms
xueTGJ8/VTTxuGzwuuwI+pyoCjqxZU0FLtpcg21dIXjd2mV4AUBLjQeffVsvnjocxhfuPIKFFRlL
hAUgIaMk1pglURoSM4RCAkdJjOt1ysog+EPO1SUSxYzVMAzQ1aSdwBFP5TAXeeFhpQBg55EwXnpm
nWpj8LrsaKn1YGJe3Fvyda0BXHFmvcyj4uaxffN4fP/8KX92/gbtisUCwJ7jUU2PLzebZKrPIoXn
OArvll/r/M/jqQyLVIZFOJbFyAyw93gEP394FE6HDedtqMZ5G6qwvSuEuko3qoMuOOzqZnh4XHZc
tq0WnY1n4Ov39uOxfXOqHp9QCRIzimL+GRLlUTACLBZcJHAAMLLXScwg+EGO1S08t5hIweOyo6ZC
u/3t4VgOOfbUWewfUvch2eexY02DD88cDYv6/psua1V1Sw0AxFN5/OrR0VP+zG5jsKNHuwKjAHBA
Zd/JSpHFtE4HGRy7+pbjknutK3Muz+ZY/H3/HP6+fw5+jx3NNV50Nflx5Vn1OGtdJSp86rYk7mjw
4XNv78XDu2dxyz19SGZUrEpMyAuJGUUx/wyJ8lBWhpJYUOAwpudpiwnBH3KsLpE5K0MIQa8D1UF1
H1BWMrOYRi5/6syOjcUQjmVRFVBnXDaGwaaOIO4R8d31rQFcc2GT7GPiYufhBTxzbPGUP6upcKFK
Q18WCsCe4+q2+RUNj8VU4XOip1nb7Vt5toBDI7Eiw9XmXB5P5dE3HkPfeAwPPDsNn9uO11zYjOsu
b0PI74Dfo86tY1XAhddd3IKmag8+/7MjmDFR5x5TQkJGSawxS6I0JGaojYm7qBi3lrDsozauKQhO
yLG6hKdb1PJehd+B2pC62QcrCS9lkc+fPrtH9qibfr5pjfCtCFVBF77wjg0KjKY88VQOt9zbf5ow
1FTtUe0BsxizkTTiqZxmxy+KhGucFjVVVjO7mEYml4dez+WJdB6/+NsoXvuFnfjo9/bjR/cPn1IT
Rmku3FSDb92wFZdurdVFUVQCIteb+e9X6Hbb6igYARRYgjCJwGFcr6siZhAmgC6buoWHW7T2XtDr
QKVfu4fi8FLmtC0qAPCoyvvre5r9glPtL95crXr9kkIB+MZvB04URD2VmgoXPC7tikEen0xwf0hJ
ZF5IWtamOclMJIOMAVq7JtN5PH00jG/97jhe/8Wn8fEfHMDMYpqjM5E89LYF8dV3b8L5G6vBkMah
LoLXnNZXPHUw/wyJ8qgoZFBwCcaAAocxva5IvBrTFAQn5FhdwnMR69F761q0rTEwE8mAPUXgWLbM
sbElLMbVzQZ40fZa3p8NeB14x0vbVS+0ODAVx+MlxJ+uJj9cDu2e8PonYuodTIXFtLFD+/obE3NJ
pLPGqjERSy63Ln7dF3biK788huf6Fk/LNpIbr9uOr757E97/yk4ENW7ra0pE3ajq8YonP9aYJVEa
FcUMQhZ0LHAYV8JSRcgwhikITsixuoSnW4ziPS2LKBYKQHgpjWJWSqTzGJ5WNyPg8h38O7e852Ud
mrzhv/PhUcxGitcb2Niu7ZaKiTkFtiZodI1zu2xoq/cpfyAOJhdSyCosDihFNJHDPY+P44O37cXH
vn8AsxFlW7sGvA685xVr8NFruxU9jukRtd6McsUTD91uWx0FI4ACS1V0IoEb18uyj9y4piDKQo7V
LTxcY3Tv9Wr4UFxAAeNFtloAQCKVx9BUHNu61GvTua0rhAqfE9FEtuzntneH8KbLWlUa1Qs8czSM
3z4xWfLvtcw4SKbzGJsT12b3eXS0mEJ+J4Je7W+D1Bb5lCCVyeNve2bxxMF5XHNhM157cTO6mvyK
1Myw2xhce1ELbAyDb/9hEHMlxEDiBILXnI4WqYJYY5ZEaRSKAAosXaBBBocxJSxFND1jmoLghByr
S3guYrN5z+Oyo6dZy7fUTNFaEsBy94gjoypueQDgc9vRVuct+xmbjcG1FzbB7VL3EhlL5nDrb46X
/PvakBt1KreqXUkqk8d8VMAbep0vppoKFyr92nWkOcmEigU7lSadZXHXo2P4wDf34Dt/GEAmp9zW
m1df0IwvX79R06K7ukLUjarOF6lMWGOWRHEoK8MqrHSDglcF43qZsjII/pBzdQlPt1jBe+ta/XA5
tNuNWCgUsBgr/VC8fzCq4mgAm205C+LgcOnj7ugJ4fIz6lUc1TL3PzONY2OlBZ9ze6tg07DCYjLD
Yi5a5G25zhdSqeFV+Jzw6eDhWGwGR8jvQHdzAAyAXL6AbI5FNl9AJssimckjmc4jkc4jX6TAr9LM
RTP40f3DeODZGXz6ul6cubYSTplr2dgY4JzeKtz5H2fhw9/Zi9FZidlFRkKUS3W+UGXA/DMkykNZ
GVaByyUyXdmN6XlFRm1MUxCckGN1iwW2mEhhrcYFRsfmUoiUKSR6dGwJyXQeXrc6nUFsDIPORj9s
DFO0+4Pf48Bn3toLn0rjOUl4KYO7Hh0v+zB68eYaFUd0OslMHuFoVtcLintoL3yitdYDt1Pblhxj
c0nMiahb4XHZ8a/X9uDV5zcBWBY4MjkWmSyLdJZFPJVDIs0ilsxiaDqJ6XAKu/sWMTKbRCRefnuW
nIzPJfFv/7sfF22uxkde04OWWo/sx1jT6MN/Xb8RH/3ePiwsqTc31aAtJkWxxiyJ0pCYYRUKq/7N
BxEChzE9T2IGwR9yrC6hrAxRbF6jXn2LYozMlH87ncsXcP+zM7jmwiaVRgR0N/vhdDJIZ06NFoYB
XnluA9rry29hkRu2UMD//LofxyfjJT9jszE4o6dSxVGdTt9YXPFOGUIQImYUo6NBXT8XY3g6KSrD
otLvwI7uyudrXNhtDNxOG1BkShdueuG/szkW/ZMJ7Dy8gEf3zWF8NnlCDFGuTW08tdxx5dlji/jk
W9bj0q21stfm2NYVwo///Uz8y617MB026JYfysooiTVmSRRHQe9TYOkKOd1RRuAwrtdpiwnBH3Ku
LiExQxZsNgadjdo+xO0diHB+5sFdKgscTX447TakcWp9gOqgC29+kfqFRfcPRvHw7tmyn2mq9iDo
UzerZDUHhrh9qQRShYxSbOvSVjACwOn3Uvg9DoQCwt9ROR02bGgLYENbAO+8oh2TCykMTydwaGQJ
Tx1awL7BKFIZZcSO+WgG//mjQ3jVeY24/soONNfIm83RUe/D597ei0/88CAWYzrP5CAxoyjmnyFR
HsrKsApKu8T2wmGMVyVFkbIxxjQFwYmCRYYIafBwC3mPL6daqNLvQIVP2yKKu/u4H4qfPRZW7KGq
GDUVrqKFRl9zQRPWNKhbkDWXL+AnD44gnS1fjHFNg0+RjhRC2N2vfL0U7nUu35lgbYv6LYBXs39w
UdT3Aj4HqgIuycdvqvbgvA3VeNeVHbj9ozvw5DcvxY3XdCPodSgSb6lMHvc8Po73fWM3RmaSKLJL
TBLnb6jGF96xQfO1cgqCQ9YaVzzzz5Aoj0IRQIGlO7Rwic0onlfEOLQITAo5VpfwvGcj7/GBnzGr
Ak74Pdq+9efaogIAbAHYO6BusdFLt9ae8v+9J95oq80zR8N48tAC5+daaz2wy1ykUQjZHIv+cXk7
3qgpZqympdajWt2XUiTSefRPlN6WVI7eVmVaPzMMcP2VHfjzly/Atz+0DW9+UStaOboOiWF0Nom3
3fwsfvHIqOzbni7ZUotPvXU9Qmp3yBGlS1jjimeNWRLFUVCwo8DSFXqSZrUrrV8G2Y2jJ4sTMkOO
1SU83ULe44N4K1UFXZq2UJyNpDHHo61ooVDA0dElFUb0AisFDpeDwQ2v7kLAq66tIvEsPvp/+zmz
N2wMg64mv6YdVIamE6JbfnJfgtW/SO/o1n57yqSE9rDbukMyjuR0gl4Hzt9Yjf/3+rX46cfOxFfe
vQl1IekZIyuJxLO49d5+fOkXR5BMly5ELIarL2jCO16qoGApKlzNf8Wj222ro6KQQYGlKXp3h6YC
hyLxqneLEyKhs5su4ekW8h5f5LVSU7UbXrd2p/mZxSItRYtQKABHx2KqFrDsbQugKrj8wLaxI4it
Xco+MK4mm2Px84fHkM5wiwZ2O4O2enW3zqymb5xfpgF3BOvjTLCuTZkMCCH0jcVEb9HY0qlO8WC7
jUF10IWXn92AP33pQnziTeuwrTsEp0ytp3P5An77xCT+9XsHMCZjm1cbw+C6l7Th6vMb4ZCa+SQ4
ZK1xxTP/DInyqChmEJpiRJeodueriHGMaHGCB+RYXcLTLeQ9PqhzA9yp8Vt/vgIHAAxMxpHOqleH
AwA2ti8/5N54zVpU+NTN3piNZHDv38fLf+hEWNgZBq0KtNcUwvEi21OMImYUY3u3tt2FAGBygf/6
WInHZVek3SoXLgeDN17Wim99cCtufs+monVsxPLM0TBu/O4+7OkXV5OkGC6HDf/2+rX82yuLOi3r
N8blwhpyDVEaBSOAAktXmGmtKyJwyG4cM1mcWAU5VpeQmCEj2lmpu0nbt/4j0/zfyB6fTCASlzdN
nYsN7QG88dIW1R92szkWX7+3H+GTnR44rnGVfoesD5NCYQvA0fF4mSg21kW6NuRGY5W2glGeLWBs
jrs+TTF62wKaCpchvxMv3l6HP37xfHzo6i5ZYpMtFHB8Mo5/u/0Anjg4L8Mol6nwOfG+qzpRX+k+
9S9EhatxYlws5p8hUR4VhQwKLk0xuzskCRyKxKvZLW5Z6OymS3i6hbzHF31ZqaNBuy4RhQIwMc9f
4MjmWPzjIHexTTl5/SUteP+rulQ9JgD8bfcsHt0zxztELllVEFVtYsksFpZO1lLRV4yLoabCCbdT
2wKj2RyLiXlxNTjWtgRkHo14rr+yA7fdsA3vfcUauGTYtjIfzeBzPz2Mx/bNyTC6ZXrbgrjthm2o
8Dp4hqw1rnjmnyFRHhXFDEJTrOgS3lcjRYxjRYtbAnKsLuHpFvIeH/R/A+x02NBRr91b/0yWxVw0
K+g7Dz03o9BoilNf6UalX92tKTOLafzgL8PIs/zj5ez1VQqOiJtoPIelRBZ6i3GxNFR54HZq20Y0
mytgnkcB3mJsaNe+fshJ7DYGaxp9uOHVXbjlfZvR1eSX3KJ1NpLBf/7oEP62Z1amUQLrWgN498vX
FBmbvs/jcqD/qxWhLApGAAWWrrD2Wj911kUFDtmNY22LmxxyrC7h4RZalnwxppU2r9H2ISibZxGJ
CxM49hyPYC4iri6BUfjjU1MYnBK2NUFrgWMhlsGiQF/qmdoKF1waZ3BkcqyoLioelx09LdplZpXj
4i21+OFNZ+BdV3ZI/q14Kof/uvMI/rRzSoaRLbe/ff2lLbh4SzWMdi4XgjGvVoR8qChkUHBpinXd
wS8YbaqIGYQJoLObLuHpFvIcX8xjqfM38iyspxDpLIupsDCxIptjcWSMX7cOIzK5kMIPBWZvrGn0
IaRylslqIvEclhLq1kdRkrUtAUhMMpDMsbGYKJtW+Byo8DkVGJE8VAWduOHqLtz3xfNRUyGtrezC
Uhaf/vEh/G23PJkcPrcd3/jgNrTUapfZJifmuVoR4qCsDKtgXZeIn7m0DZPWtbjJIcfqEp5uIe/x
wfyC3ZY12naJyOULoh7gnjkSFt06U8/EkjncfNcxJNPCOsV0NWr/tr6/SAcVI9NU7eb+kMIcGV0S
9T22AEOsj9Y6L+749zNxxZn1/Nu0FjklswXga3f34YkD8hUe/fgb1yHg1VY0FIL5r1ZEeRSMAAos
XWHttS7vzPkJHNa2uMkhx+oSkVkZ5L1iWM9KLocNXRp3UInEs1hKCt/W0De+hGRG3XaxavD0kTCe
PBQW/L3uZu0FjuMT5sqqWaMD0ei5/oio781H0/ife47h4FAUU+E0psLpFQVg9UVrnRdfun4jbnpt
D5yrC5AKOC1PLqRw0//ux9NH5ClCfOHmGrxoW50svyU31rtaEaeiopBBwaUp1nWHOsF4uoRtHQtb
DHKsLuHpFvIeX8hSANBY7YbbqUgXcN7sHYiIetM8MpvEYiwLn1vbGglykkzn8aMHRpDJsZyfXWmy
5QKO2qfT902YJ4PD6bChpUbbFrEAcFRkBkehADxxcAFPFOk4FPI7UBVwoSroQludF03VbrTW+VAX
cqGtzof6StfpQoPCOB02vOHSFlQFXPjuHwYwOsuns9LpJ450No+v3nUM//O+zehqktZFxm5j8LE3
rsXRsSUcG9MutulqZXUUigAKLN1hXZdoN3OHha1uYsipuoTEDBkhK5WjLuRW/UFmNUdF1tKYWkhj
NpJGsw4eQuXijgdHcHj49Adarij2uW1ortFW4Eim8xiYFFYUVc+sbw1ovjZmIxnMLMpfTDcSzyES
z2FoOoHd/YsAABvDwOu2I+i1I+B14Oz1VbjyrAb0tgXgcakjIjrsNrz8nAa01Xvx8dsPYPyU9rj8
z+WDU3F86seH8d0bt6PSL60OSdDnxL+9bi3+7f/2I5ZUtr4MXa2sjoIRQMGlK6ztDn3NXturPCER
yjnTLbTFREbISkJprPbApfFD3KHhqKjv5dkCdotM39cju/oW8eMHR5AvFMpEcfGzgc/jQF2ltvUi
DgxFkeWReWIULtikbfFdABieVm/LD1soIJ7KYSqcRv9EHL98ZAzv/NouvPQ/nsAX7zyCv+2Zxdhc
UlDhW7FsXlOBWz6wBdu6K04UeRV2zEJh+bzy2Z8cwpIMosQZaytx6dZayb+zErpaWR3aYmIVrOsO
YwQjCRyGQf/BZEl4rnPyHl/IUnJQF3LxL+ynEMPT4t/6P/ScPF0TtCbPFnDPY+Ortqbwj3Gv24YG
jQUOscUw9cr5G6q1HgIODIkT/+RkKZHDvX+fwL/ffgA33LYXn/zxITx1WJ4aF+XobQvilvdvxWXb
xQsLTx1ewK8eHZM8FqfDhg+8qhOVAXHZIHS1sjoqihmEZhjjcV4pjDtzEjh0iXEDytTwdAt5jw/W
vmQoTVudttsaRmYSSAjsFrKSg8NRhHVaOFEIe49HcP+z0ygUxMX4GT2VmgtVB4bMI3DYbQy2dGrb
XQjQV9HWPFvA8HQC9z8zjfd/Yw+u+8qz+NvuWUXbAtdWuPD5t2/A9p5KUe1601kW3/7dcTx7VHrH
pdY6Hz593QbYywyErlZWR8EIoMDSFdZ2h7lmTwKHptBlU7eIzMog7xWDrKQmDKN9542RGT6FBFdQ
JET+eUj5t8lKMjabxOd+dljSb2zvDsk0GnHk2YKpWsQ213jAaKsXIZ1lMR/VgXhX4rR8YCiKj//g
ID78nb2465FRSUJlOYI+J2770Da89MwG2EQ65TN3HJIlPs/trcKOnuW1Rlcrq6OikEHBpSnWdYc1
gpEEDtUwfzAZEp7rnLzHB2ucNI1AS622GRxHy3Um4Bkij+83rsCRZwv45SOjwoWeVWzrrpRpROKY
j2YQSylbgFFNWmu9mgscS4ksFmLC2yeLRsRpOZvLY0//Ir561zG8+tNP4m+7ZxSp0RH0OvDxN61D
e4O489XEfArfu29QchZHwOvAm1/cBmgcG4TaUFaGFbD2nal1Z04ChyJYN6B0DU+3kPf4QFbSKzUV
btRWuDQdw+zJDhESwmRwMo7wkooPgjIyNJ3Ag7tmJP1GdYULHfXaClVTC2kk0+YpMNpc6wGj8VNs
MsNiUantV6LWW/kvzUXS+PfbD+Dj3z+AJw8tIJuX91xfHXThex/ZgQ3tQVHff3zfLH7+0IjkcVy6
tQ7n9Gpfn4VQAgUfcelWSFdY2x3Wnv1qSOCQhLV1QV0jMiuDvFcMspKR2LxG3IOCXOTZAibmU5LD
ZDqcxuisMduT3vS9/ZiNSHuI3bJG+1oRi/HsqgKpxoVhgM4Gv/YZHMkcFuQQ7hQQM0qRZwt46LkZ
3PS9vfjWb/tFDbccTTUefOqtvagRIczm8gXc9rvj2NW3KGkMDjuDz71tA9xOui02NioKGXQrpCnW
dQcFY1lOmIPO5LyhYNIlPNc5eY8PdNI0A+dq/BZyKZmXJfMimsji6Kix6j/k2QK++8cBDM9IF2bW
NPhkGJE0xueSyGTNIXA47TY013q0HgYODy8JE41EnZaVOZcnMyx+9tcRvOt/dmHn4QWwUveGrGDT
mgp84R0bEfLz72hyclbpHIsf3j+EtMRYbahy4/Id9ZJ+g1ATysqwAta+M7XuzDnhCAwSOIpCAaVL
eLqFvMcHspJZ0bpLRDyZRVSmDgz/ODAvy++oxeBUAr97YlKW39reo239DWC51a+cD7Fa4rAzqK/U
XuDoGy/TQUXFrAwpPNe3iI99fz9+9lfpW0NWcuHmGnzkmu7Tsij4PODsPLyAPzwpbe3ZbQyuOq+R
sjh0h4KPuHQrpCus7Q5rz74sIkzjUHZEeoeCR7fwcA15jy9kKasQ9DmwqUPbLSpLyTwWZSqiuPNI
GPFUHn6PXZbfU5JMjsWPHxjGzMn6IxIIeh2a11EBlmuJmAWnw4amarfWw8Ch4ejyfwg8LdsYBrUh
J/weBxgGsDGAy2lDNl9ANscimysgnWWRTOcRV6EwbCSew6339uPIyBL+3xvWidpeUoyrzmvC7v4I
/viUMLEily/gll/3YXt3CGtbAqKPf876KmzsqMDufmlbXgixKHS/QrdBusO6LrHuzHkhk3ksJHBQ
QOkSnm4h7/GBrGR19PCGejEmrfPGyihOZVn8bc8sXnVeo/SBKcwfn5zEXyUWFj1JZcCJqgD/VH2l
MGoNlGK01npQFdTepsfGlnhuMTmVy8+ow3tf0YmgzwG7jQHDMHA5bMjlWWSyLLL5ApLpHJLpPGYW
0xiaTuDIaAx7+sPy1PwowYO7ZjCzmMEn3rwOPRKEhZO4nTbc9Noe9I3HcGR0SdB3k+k8fnT/MD77
tl54XOJEUafDhk++ZT3e8uVnTFN/Rr+QmGEFrO0Oa8++LAqbxqQCBwWULiExQ0bISsTpdDVq23UD
AI5PxMHyaCnJ9xOP7JnFVec2al4cshx94zF874+Dsj0QVQacqAxom8GRybEYn0tpOgY5aa/3waZx
EA1OJZDKrI4Rfufyy7bVYV2rOAFh7/EI/n5gDn95ehpLiSyWkjnJrVVPkmcL2NUXxge+uRv//S9b
sEOGrVXVFS7c/N7NeNf/7MJ8VFix3sf3zaJvvBVbOkOij7+2JYCXnlmPP+2cEv0bxEoUvF+hWyFd
YW13WHv2ZdHANAbfaGjt0jO6hodbyHt8ISsRHJwIi4567QtTTsyf/lDMHcGlP7F/MIKpsL4ftO95
bFzWt+SttV74PNpenvcNRDQ9vtxcsrVW6yHg8EgUYs/l61rFbz3b1h3Ch67uxt2fPgff/vB23Hht
D7Z1hWC3ySf4zEYy+PRPDmHn4QVZfq+tzou3Xt4m+HuxVB43/6pPsth41blN8HtM+g5QUVSslUG3
QppiXXdQMJZER6YxkMChE4sRp8IzmMl7fNDRmYHQLyVCxMYwaKzWfovKweEl0WJGMWKpPPonyhRm
1Jjh6QTufnxc1mKcXU1+zbMNHt9vrAKvXPS2aVubBljOpBADwwBtddLXtt/jwNauEN55RQfu+PhZ
+NYN27C9uxJ2kXeCq1fx6GwSN/3fflnqV9htDN764jZ0iOgmtH8wIjn7orc9iNqQ9nVw9I2KYgah
Gda+M7XuzDnRuWl0KnDo3GpWhadbyHt8ICsRHAi8q3A5bWio0r6I4uDUSTFCntuiVCaPQ0NR2cYn
J5MLKbz31t2y/+4Za7XvoPLMUfMUWQx6Hehs1Da7iS0UcFykULemwS+6pkQ5Ltxcg9tvOgO3fmAb
LtlaC5ej+C2hkJUcS+bwmTsOYVdfWPL4PC47vv2h7aLOa/c8Po6FJWHbW1ZSHXTiDZe2iP6+uVDo
EdfaT866xNrusPbsy2JA02gscNDZTbfwcAt5jy9kJYIDGULEaWdk62QgltHZJCLxLOSM8UIBeE6H
HQ0KBeDux8YxG5HeNWU160XWWpCLdJbF0LR+s2aE0qaDrVvRRO7E2hDOuRuqZB7NC7gcDC7ZWotb
3rcF3/7wdjRUuyVfrUZmkvjgt/bimaPSRY62Oi9ee3GL4Bo8x8Zi2CPxvHH1+c3wuvXfwUleKCvD
KljXJfT0UhITmUZFgcMkFjMbPIOZvMcHE50ZCOVQKETcTpvmW1SGFWorum8gguRpxRm15fDoEn75
yJhsxRpP0lDlQcCr7d7/8bkk8nmTnLsKwKZ27benLC5lRXcX2iyhYCZfnA4bzumtwi//8xy884p2
hPzSOs6kMnl87e5jmFyQVj+HYYDXXdyCNQK3qmRzLH728BhyEuI46HPgDZe2iv6+vlHwfoVug3SF
te9MrTtzTkxuGoUEDpNbzajwdAt5jw9kJYIDle8q1jT6USnxoUQq+waU2UqSzLB46Dl5WrDKwVIi
h//4wQGkMnnZf/u8DdWy/6ZQpsNpWWuKqEaJ9dbT4tduTCdYjGcRS4qLl/N6lcvgWE110IUPv6YH
t//rdmzskCYMHRuP4ePfP4CoyMyVk9RUuHDjNT2Cv7enfxH3PzMt6dgv2laLoMaCo3RUFDIMeNow
E9Z2h7VnXxYLmkaiwEFnN90iMiuDvFcMshLBgQ5CZH1bQPNWquPzScV++57HxnTx0J1nC7j78TGM
zCgz162dFYr8rhBGZ5Ng9ZUwczo815zTYUNdSPvaNFMLKSREZHA013hRg0/YdgAAIABJREFUq/L4
HXYGve0V+MYHtuKq8xrhtIs7sRQKwN6BCG75dR/SWWkB9aLtdXjpmQ2CznFsoYAf/GVIksDS0eBH
u4hCp9pBWRlWwbouoaeXkpBpnkeAwEEW0yU8g5m8xwc6MxA80GmI7OhRPo29HHm2gCGFtqgAwLHx
OCaLtKBVm/7xOH716Lgiv223Mdig8XYKtrDsRz2ISQBEnpZf+KDfY9NFN4zjEzHkWeE2ba7RbttZ
Q5UHn33bBnzw1V3wuMS/D3tg1wwe3i09A+tNl7Wiwicsm2I6nMLBkSXRx6wKOLFFB6Lj6Sh4v6LT
a5xVsfadqXVnzgmZpiwlrlhkNV3C0y3kPT6QlQgOdH5XsXpY6zVug7mwlEEsKa7GAB+yORaHR2KK
/T4fUpk8vn5vH2YW5S8sCiyn4lcFtd1mxLJAWEL3CUmIWm/lv+R121EZ0F7gGJgUJ/6113tlHokw
XA4b3vWyNfjMdRtQIXILXDKdxxd+fkR0F5mTbO8OYWuXsA5DiXQeD+0SL64wDPCysxo0btusopCh
o2ucFbGuOygYy0KmEYyNrKZDeK5zOh3whaxEcKDzEOEaXmXAgdZabQuMLsaySKTkr0lxkjxbwDNH
w6LegsvFLx8Zw84j0jtDlKI25FakHagQcnlWsWKxpyB4zYm74vnddl1kcAxM8nu4Xz07rQsHn+SV
5zbiln/ZjBaRGSXJdB5f+eURSa1bHXYGH7q6q2Q721I8um9OUr2crV0htKkmNKkoZhCaYl2XWHfm
nNCDnWxo3CaW4BvIFO98oDMDwQOdhwj38E7/RHud9nvE56MZxEV2ieDL0bElZHPaOGxkJol7/zGh
6DFqK1zwStgKIAe5fAGTYRm3Aok6Lcu3SNe1BeHTuNVnni1gcOpUgYOPWRx2Bi212mZwrOSc3mp8
+roNcIisyfFcfwSP7JmVNIbetiBeeW6joO/MRdL4yYMjoo9ptzG49qJm0d8vjoL3Kzq/xlkNa9+Z
WnfmnJBpFIUEDjUhMUNGyEoEBzq/q+AeHv8JbO3Sfo/4fDSDlMKtXI9PxLGk4DaYcnz/z4MYm1Wu
iCoAtNZ54XZq+zA+F80gvCSyKKOo9absIu1uCsj6e2LY3b8oaoZOh031AqNcnL+xGt/4wFZRhVvz
bAH/e98gpiUKaC87uwFup7Db1z8/PYWlhPhio5durZUglKkoZOjoGmdFrOsOCsaykGlUhwQOJeC5
zul0wBeyEsGBzkOEe3jSJlBXqf1D0PCM8oUpl5I5PLpX2htgMfz2iQnct3NK8eO01/s074RzaJhn
q1/BIavNFW9Lp7a1aYBlgUMM+XwBUQkP5Upx8ZZavOtlHbDbhAfrzGIan/vpEUnH39AeFFxzaGw2
iX2D4ttY11S40dPCRyxTUcwgNMW6LrHuzDmhBzvdYPTm3trDM3ApvvlAViJ4oPMw4R6evBNwO23o
afbL+ptimAkrU3hzNb/9xwSuvahZ1MOVGMZmk/jf+wahRlORzkbttyPs6ouc+gei5q2PReqwM+hu
1j6D47nVNuVJJsfia3f34cBgBCxbwPGpBBaXsgjHMkikl2tKVPqd8LrtaKhyo6Peh56WAJprPOhs
9KOmQrnaI9de1IzxuRR+/rDwrR97ji/iiYPzuHBTjahjh/xOXHlWPfYN8Ldrni1g5+EFnL+xWlTB
UL/HjjUNvhXHVDDG9bF8iBNY2x3Wnn1ZyDS6hgQOIZCYISNkJYIDnYeI2kJGKQJeB6qD2hdRPDgs
vhWjEI6OxXB0NIaNHeq8mf/VY+OYXVSnq0irDmqpHByMCAxd/S7U9nqfog/5fMjmWAxNi+8eMh1O
la0fsRhbzvA4fKIVqo1h4PfYEfI7saEjiLe9pB3buuRvIe1x2XHjtd0Ym0sKzqpKpPP43RMTogUO
AHjFOU349u8HkEzzLx66bzCKTJYVVcjXbmOwrSuEPzwpYx0e/S4dy2Jdl1h35rwg8xgO2qJSDNpi
IjNkJYIDnYeI0ltMpODzOFDh016rno+qk8GRZwv44f1DCMeUFR3ybAGP7JnFb/8xrvjWGwDwue2i
O1TIRSSexZHRUq14jXfF62zSPrNpejGNpIQOHkJhCwUsJXMYm0vir7tm8Pabn8W/fGM3/rZ7BtG4
vNtdXA4b3n9VJ+pFbJF7dO8cjo2Jb/tcHXTiVec1CfrOgaEo5iLizxtbpQhFxlo6lsC6LrHuzDkx
3mWOKAEJHDwDmeKdD3RmIHig8xDRs5hRjKDHrvlb6smFFBbEFqYUwWP75vCpHx/CU4cXEJH5oS2e
yuPoaAzf+f0APvWTQ4gp2Pp2JVs65X/LLpSByZPtYfUV42LZ1KF98d2phTQyWW3tt/PwAj7xo0P4
4G178cTBeVkFu/VtAbz/qk7B38vkWHzuZ4eRzYkvTHztRc2COrpkcyzuf3Za9PG6mvz8suXMsXxM
g7XvTK07c07INKZG+9d+asIjeCm++UKWIjjQeYhwD0/nEzhBbaVbVMq1nBwZUWd7ykly+QKeOLiA
Jw4uqHpcJdnRo73AMTaXgFHinguGAda3al9/Yz6alvQQLxepTB77ByO48bv78IpzGvCv1/SgKuiS
XNTWxjB47cUteHDXNHYeCQuqVXNkZAkHh5ewvVtc7DfXeLC+NYiDnIVxXxjUX3dN4V0v6xBVh8Nh
Z3DZtjr85h/jq3+W0AnWdYl1Z84LMo/lMGcGB0+5lsQ7vpClCA50HiJGy8oQwmYdvKXeJbJLBPEC
ktLfZWJgQnytCL1wcvX6PA5UBp1aDwfD0wlk89oLHCfJ5lj8/p+T+NB39uLAkLjip8W48Zq1glvH
5tkCHt49gzwr7nwb9DmxoX11LZ7y5/IjozFMzIlvU3vJllqjXSJMi3Gv2lKx7sw5sXa6jong78hS
nzS+wMEzkCne+UBnBoIHOg8RM4sZxTh7fZXWQ1A9g8NseFx2bO3UVqjKswVMhcU/+KkN19WqKuhC
yKe9wDE+n1KlA49QDg5Fcd1Xn8V9T03JsmVlfVtA1Lno6SNhQYVCV2JjgAs2VUPouXz3cfGC7Pkb
q+F2Gv/W2UhY+87UujPnhExjEvg7UojLjXWW5jEza58IhUBWIjjQ+WLiHp7OJyATXRoXUozEszg+
keD+IFGSupALDru2l+NEOq9atxihiFnFtRUuVAa0FziGp/W9Nr7yyyP49ePjkn/HbmNww9Xd8HuE
bZfrG49hjwTBYXt3SLDgsLt/UbToZLfb0F6vfbcjs2L+K3YprHG/IhoyjUng50g5VoM+BQ6eM6N4
5wtZiuBA5yHCPTydT0Ah2up9CPm1LaU0F80gp6MUfEOwKlRba72waXw1jiVymJjXPoNDrpVc4XPA
79G+zNj4XFLrIZQllsrj5l8dw68eHZP8Wy01Hlx/ZYeg7+TZAn50/7DoY1YHXUW2qRRhRUCNTCcQ
T+VEHc/GAG31XlHfJU7FmldtwMoz54R0HpPA35FKuVt7gYPnzCje+UBnBoIHOg8REjP409Wo/ZvE
ifkUsnnr+oATHuHaWuuF3Sax2qNEsvkCYiIf+sSg9NWqpzkguYCmVEZnE5hZVKd9shRy+QK+fm8f
HpDQYeQkLz+nkWctjhe8fnA4isl5cUIQwzC45sKWUj9dNLAm51NYSojrvmRjGLTVaX/eNRLWvjO1
7sw5IdOYBP6OVNPl6gocPGZm7ROhEMhKBAc6X0zcw9P5BHTA5jXaFxidnE8hk6UMDgCiwpVhCqiv
cmkucAxOxkQ/9HGhxSrubNL+IXT/oHFq06QyLL75m37JgkxTtQeXbK1d9aflIyCVyePpY+K3qbx4
ex1cdhvv4JqLZpBIiztnMQzQUOUW1YXFClj3ik33K2Uh05gEfo7Uw2pQJn+T5ywovvlAViJ4oPMw
4R6eziegQxgG6G7Wtv4GAEyHU7IUKTQUoqZb/Es2hkFrrfYP433jcVmKYeolEvQg/j19RL42xj63
HR0NPmzpDOGizTVor/ci5HchzxYwu5jGweEonj6ygMMjMUyFU6Ja047Pp3DDbXvww5vOQIVfXP0S
u43BBZuqce/fhW152Xl4Hled2yhK6PN5HGip82Jwkl8XoFQmj77xmOjzZ1udDw47g0xOL9GuPtad
OWD12ZeFTGMS+DtSry6XLnCQmCEjZCWCBzoPExIz1CHodaKtTtu94IUCMDKr7xoDkpFRzCiG3cag
sdoj5iCysm9QWMtQPa9ij8uOJh3YdOeRsCy/s641gH+9tgcbOypQVaRwal3IhY0dQVx7UTPG51J4
fP8sfvDnYYRjwovGHhuL4Z7HJ3D9y9pFZylctKkGXrddUHeU0dkklpI5VIoQVhgG6G7y8xY4AGDf
QAQvO7tB8LEAoKbCBZvGGVdqoue1rjzWnn1ZyDQmwfhiRjGEbVGhLSYyQlYiOND5YqItJtri99jh
cQnrWCA3BRQwvaD/GgO8ERWu0mLcZmPQUqv9w/jx8VjJvzPaKt7UUaH52oincphakFa01eOy462X
t+GeT5+LCzfVFBU3VmK3MWiv9+K6y9vxm8+diw3tAYh5Dv/dPycwK2GryvK427k/uCKgJuaSiMbF
18XoaBCWBTUgQAxZTVO1Bw7tK9gpgtHWunzQ/UpZyDQmwThbTKRS/BTNc2ZGn7w6mCFMCMXReYhw
D0/nEzAh9VVuVPi07RJRKADDM+IfFDRD1GlZmXO5z2NHTYVL8u9IYWEpg/ETHVTMsJI3dvDoqqEw
w9NJFCRYz+9x4D/fvB43XtMj6vvVQRduff82XLCpRuA3CxiZieP2Pw2KOu5J3nBJCxz2FeoKR2At
RLOiBSGGWRYdhGxvOTQcFXUsAAj6HLBp3NZZKta+M7XuzDmxdmCYCP6ONKu7bXxnZlYDyAtZieCB
zsOk/PDo6qcXaivcCHi1FTiOjsYQiavXeUMUosJVvRjfvKZC8wKjQ1MJU61kPdTf6J8QL/w57Aw+
9oa1uPqCJrid4h+km2o8uOV9W0pkN5Q/l//67+PoK5PVw0VdpRvrW4O8lw9bKOBZCYVGG6s9pwoq
HETiWcxFhG/hAQCnw4bmGuO0irX2Fdvasy8LmcYk8HeklVx+2pWTHl/4QlYiOND5YuIeno4HT6Cp
2q39g/F0QtPjn4bOxYxiXCj4Dbv8PNcv/sFSb3hcdvS2BbQeBmbCKdFFWy/YWIMXba+XZRwelx3f
+fB2NNd4IDTGH3puWnQBYQYM1rUK88OREfFdZ5YFDmFi0Ois+POXHgo8F8O6V22d33BpDZnGJPBz
JK0GwGblyfODwoTggc5DhHt4Op8AcRprW7R/iHt496w2BxZ1WtbnuXytwIdAJTgs4cFSb1T4HPB5
tM1syrPA8Iz4h+f/fMt6hPzyzaG5xoMrzxIumPx9/zwWY+LqYjAMsLYlCCF1Sg+PiN820ljlFpTB
AQDjc+JrpDRWuUV/Vw70eTZTC+vOnBNrB4aJ4O9IcndxjL2JUHYoTAgOdH7x4B6ezidA8KatXvvW
ogeGhHXeEIWocDVGjHvddpzRU6npGFKZPOaj4lL19UhrnRdet7YFRrO5POYi4op0vu6SFtk7wNht
DF59fjOcfCtjnlgyQ1MJSYVS2+q8cAmoxjmzmEYqw7/zykq8bgdcDmECh5S51VeqJ3AY42ymFNae
fVnINCaBvyPJ5fyxsMBBYUJwoPMQoawMa7NW4xTphaUspsMyd1AxSVYGX9rqtBepFmM50W/p9Uht
yC2pboUcZLIsJkV0F7LbGLzinEYFRgR0NvpP37rDsXziqRyeOrwg+pgNVW7+osoJxubEtZ122BlU
VwgTHabDEjI4FGpDbNyzmVSMfS5XHDKNSRCflUEuF4YFBA4KE4IHOg8REjOIlWxsDyKocQeVyXlx
DyIARJ6WzRfjaxq1FziiiSziKZ0XihVAU5VbUNaAEqSyLGZFZHDUV7pRF1Kmow7DAG+4tE3w8tl1
LCz6mI3VHjgF1sUYmxV/XulsFCb6LopsSwtAcucja9+ZWnfmnFg7MEwEf0eSu5VB2ztk2aGwIDjQ
eYhwD0/nEyBUYUOH9l0iBvkWGBUVsuaP8wKA1lrtOzEsxrOISHjQ0xstOrBp33gMsSSXaHR6jFdX
OBXtjHTehmrB3zkwKK2dqt9jR1hAM5aZRfFZYcuFVPmzlBAv7FUF+Qsc5j+blcPasy8LmcYk8Hck
uVw9DJzBQZoXwYHOQ4SyMgixbO8OaT0ETM4XSe+WJSvDfHFebIYMgxLtO9WlfzyGdJbVehiyIbRz
hxLsOb66Ng2/GPe67Ipmn9SGXII7Ly3Gs5gUWavCxjCoEZiREpUgtoX8TkGfz+VZ0V1inCUKmpr/
bFYKa5zLRUGmMRHiszLI5epiAIGDwoTggc5DhMQMQk42tAc1PX6eLSynkksWM8wH31l6XHbJae5y
IKXQoh7Rw7afQ8NR6DXOxbSWHpbQDrqrSdi2kaiErAqhAkcmxyIjUtyrDrosckYrhnVnzgmZxiTw
f/Ykl+sTnW1RobAgONB5iHAPT+cTIHRPdYUL1QFhN/Jyk8myHJ03zB/nUmfoddlRq1C9BSE8169C
JxyVCPmdqApoa9NCAdhzfFHTMZQiEs8ikxP+QD8lomDqSYS27JWyXUrN7jlCi6caF/Ofy0VDpjEJ
/B1JLtcQgcbXUOCgMCE40HmIkJhBaEFDpRsup7ZtMFMZFqOzSVglxpWYpcdlQ0OlMp0YhDA0Hdd6
CLJxbm+V1kPAbCTNo/7GCVYHlsLL6eDQkqjvReLi2wiX2spRimRaXJtYQirWOJeLgkxjIvg5k1yu
MTI4QAWBg8KE4IHOw4TEDEIvtNZ54XIKTzOXk0yOxXxU5haxOkGtlVwVdKFS40ycoam4pEKLeuNc
EUU05aZ/vERFTR1cIn77j3FR38vlxQ++OiisdataFACksyzS2QI82idSqYwOglGvkGlMAmVlGAaF
HCCzwEFhQnCg8xAhIYPQO5V+p6h99HIyOpvg/5Zap2i9krd1hcBo60b0TZgnewMANumgu9DB4SXt
g6sIC0sZ/OPAvKjvup3it2MsxoRlfzgEZnzwoZQ7XE4b3BqLxcqiw0DUE2Qek0BihiFQ2fgSBA4K
E4IDnYcIiRmEEels9GkucOw2WN0GPa7k9Tro9rH3tG4fxqU66EJ3s/Y2HZrSp2h031OTSGXEbf+Q
0ro2LbDmR4XAQqGr0eNaVwfrzpwTMo2JoC0mhkAHDuBx1dLBKAn9o/MwITGDMAtt9dp3iTg2Jm4v
v9IYaRVv7dK21S9bKOjWj2JoqHLDrnHdx0Q6j7mI/rZuzS6m8ccnJ0V/v7lGfK0YoV16nBKcKLTd
sY1hwIhMo9K2tbKRznQqQ6YxCZSVYRh06oBVAodOR0noB52HCAkZhOlYFbLN1doXptyjgwwOI69k
t9OGjgZthapIPHuiUKxROTUC2ut9mm/5SaRyCMfEdwFRgnSWxed/dgj94+IzS3okZMYslO22dDoV
PvHZIuEl4dthXCK7oQg9ljiMfJZTATKPSSAxwxAYzPgOw42YUA+dhwaJGYTp4BGybfVe5cdRhqVE
DrMqv6U220ruaNB+m9HsYgapjJZvoYXAHQGN1R4w0NamsVSeo32yuqSzLH50/xD+vl9c7Q0AqAw4
UV0hrgonWyhgZEaYiNYoQcAdnxd2LIedES2KRWQvzmu2s5yMkGlMAgkZhsEEDtCwTSyhK3QezCRm
EKZCVLguf0nsG0e5ODZWokuEDFhlFeuhQOvkQgoJ3bXkFB8BHqdN8wyO6YWUSm/2uVlK5nDrr4/h
L09PS/qdCzbWiP5ueCmLPFtcRCvl6dqQ+K4r4SVh2TNS2jTHU1LWsFXOdCIg05gEEjMMg0kdQAKH
1dB5IJOQQZgOCWJGMQan4uhs9IsejhTYQgF/fHJClt+y8kqemE/h6OgS1rcFNTk+Wyjg0b2zootO
yoO8EdA3EUOeLWiWGcMWCvjJg8PIs9pGdibHYndfGF/6xVEMTyck/962bvG1YqYWUsjmCoI8LbZ1
cqEAzAlsXS2leOrEHJ9sESuf5XhA5jEJJGYYAosZX+OSXISiFIr8oyO4h6fzCRDEagSHbLEvlP/S
13/dh3FeN9fyshjL4u5Hx/Ho3jnB36WVfDqf//kR9I0rlw1TinAsix/8ZRh/lvhmXxgKRcCKn3ti
/xx++JchTbJjZhbTuP2+QfzzoPitIGJJZfKYWkhh7/EI7nhwGB++bQ8++K09sogbAPCnnVMYnhZe
vyOVyeOBZ6eRFCii/fGpSVGZRU8fXcDhEWFFc5/tC4uy03w0g7sfG1/1p3SWK4nwyxyhS/g7klyu
MWR8MJve/YAFp21CdO5FyswgTIXMWRlCYBjA7bSjq8mPqqC0lop8mV1MY3wuhVQmX/YNNa1i/jDM
8naj3rYAAj51/BiNZzE8nUAsmQdbUMJbCkYAj59mmOV2sWtbArCr1FIlnsxieDqJSDwr2aZ2GwOX
0yaokkgBy9kLLFtALl+Q3a8n43R1ZgzXUQoAMllWcEaLGBsAQDbHIpsXdqyT59KWWmF1jWYXk1hK
5qDIEjI6ZBOTQFkZhsFCDlg49FvenyWBw2jo3FskZBCmQ0MxQ8+Yf4ZEeRSKAAos3WFdl1h35rwg
85gEEjMMARlfkMBBNTj0jM6DmcQMwlSQkFESa8ySKA2JGVbBui6x7sw5IdOYBBIyDAM5QALLxiOB
Qy/oPJhJzCBMBYkZRTH/DInyaLvFhFAPa7vD2rMvC5nGJJCYYRjIASIpbzgSONRG54FMQgZhOkjM
KIr5Z0iUh7IyrIJ1XWLdmfOCzGMS+DmS3K0x5AAJFFb9mxsSOJRE58FMYgZhKkjIKIk1ZkmUhsQM
q2Bdl1h35pyQaUwCZWUYBnKABOQxHgkccqHzYCYxgzAVJGYUxfwzJMpDW0ysgrXdYe3Zl4VMYxJI
zDAEZHwJKGs8EjiEovNgJiGDMB0kZhTF/DMkykNZGVbBui6x7sx5QeYxCbTFxBCQAySgvvFI4CiH
zoOZxAzCVJCQURJrzJIoDYkZVsDa7rD27MtCpjEJlJVhGMgBEtCH8UjgOIk+/FESEjMIU0FiRlHM
P0OiPLTFxCpY2x3Wnn1ZyDQmgcQMQ0DGl4C+jWc9gUPf/iAhgzAfJGYUxfwzJMpDWRlWwbouse7M
eUHmMQm0xcQQkAMkYDzjmVvg0Lk/SMwgTAUJGSWxxiyJ0pCYYQWs7Q5rz74sZBqTQFkZhoEcIAFz
GM88AofO/VF+eDofPEGshsSMoph/hkR5aIuJVbC2O6w9+7KQaUwCiRmGgIwvAXMbz3gCh879QVkZ
hOkgMaMo5p8hUR7KyrAK1nWJdWfOCzKPSaAtJoaAHCAB6xlP3wKHzv1BYgZhKkjIKIlZZ2m3MQj5
nQj6HKitcKO93ouGKjdqKlyor/QAAJKZPBZjWUzOJzE4FcfobBLxVB7RRA6pTF6TcTMMEPI7sa0r
hKsvaMK2rhAqAy4sLGXQPxHHrx4dxZ7jEUTiWRRkcR6JGVbA2u6w9uzLQqYxCZSVYRjIARIg4wF6
ETh07gsSMgjTQWJGUcw/w2W8bjuuPKsBZ62rRFeTH221XlT4nby+m0jnMR1OY2QmgT3HI7j/mSlM
zKcUHvGpnL+xGu97ZRe2dFbAbmOe//P6SjfqK924YGM1nj0Wxpd/cQTHJxMCfllfW0wu3lKDF2+v
h91uK/r38WQOP7x/EHORjMTBWQ+11vpZ66pw1XmNsNuK+zCVyePOh0cwNC0kTsWzeU0FNnUE0dHg
g9/rRDyVw/B0Ak8emsfIjDpj0DVWuQiYHhIzDAEZXwJkvHIwm979gLoW0rk/SMwgTIfgkLVGjFtj
li9wMlvjva/oxFte3Crb78aSOXz/z0O4+7ExJDN5mTImisMwwOU76vGl6zfC47Jzfn50Nom3fuUZ
ROLZIn+r76wMG8PgiW9dBp+7/Dy/dOcR3P3YmDwHNSlarvU/f/kitNZ6yn7mll/34Y4HhxU4+vLM
nQ4bdvSE8KGr12J7d6joJ/NsAX94cgJfu/sYkuk88qwwqzEM4HbaYbcBqQwr+PuaYIAhEnygLSaG
gBwgATIeACwc+i3vzyqbwaFzf5CYQZgKysooiTVmWZrWWi/ecGkLXn5OI+or3bL+dsDrwEdf24Nr
L2rGHX8dwV+enkIirczWlR3dlfjsdb28xA0AaKvz4j0vX4Nb7+0Dq4TyomBgNdd6OMUNAJhZTCs3
CIOhx3VeFeC+zZoJy5EBVXz2Pc0BvP9VXbhkS23ZdWO3Mbjmwha8ZEc97n58HD9/aATzUf6x1Vjl
wVffswWNVW7c9dgYfnz/kNAJKIceA4MQAWVlGAZygATIeHJQPGdSKIUS/+gE7uHpfAIEsRpR4Wr+
GKeVfDovOaMed37ibLz9pR2yixsr6Wjw4ZNvWY//eucGBLzya+d2G4P3vnIN7600Jzl7fRWCPhnG
o3JgtdZ6eX1uaDqu7EB0ihHWeVO1B34Pd+zNCt5ixG/2bXVefOOD23DFmQ28RcGgz4nrr+zAHR87
C43V5TNPVvIvr+zCjp5KNNV4ceM1PfjN586XZ90JxQiBQfCAvyPJ5RpCN10SIOMJQahlhAscOvcF
9/B0PgGCWI3gkLXGSdP8M5SG12XDh1/TjS++cyMqA04wDPd3pGK3Mbj8jAbc+oGtvB/Q+bKhPYgz
eioFf6866Hy+YCovdLJ8WnjYL5cvYFLl+idaoAN3iKKzyc/rcwtLpQQO8cG4rjWAb96wHe31Pl6f
X4mNYdBe78NPP3Y2Lt1aW/azVQEXPvu2DXjtxS2nfL+7KYBrL2op802J6GSdEnLAz5Hkco0h40uA
jCcEOaxVXuDQuT9IzCBMhairtzVi3BqzlA+f246b37sF11/ZwWubg9ycs74Kt35gK6qDwrItirPs
8ete0s77LfRK7HYbGKZExOg4sFrquAWOmcUU0llWhdGog9keYHoq3mgPAAAgAElEQVTbgrw+Nx1O
Q86Zt9f78JV3b0FPc0D0bwBAY7UHX373Fnzqrb1wO0+/XextD+JbN2zDay4sLmTMRWTaPmWmoLA0
/Fc4uVxjyAESIOMJQSlrOZ7/dR3DPTydT4AgViMqZM0f5+afofK4nTZ85rpeXLKlVpWsjVKsbQng
g6/qwn/94qiAbxWPALuNwWUcb5JLkc+zKLCM4YKrtoJ7O5GRu6cYzB2i4CNwzC6mEU8VK4Irnje9
qA1rW6SJGycJeh14w6Vt2N5dhX8emkMknoPXbUdvWxAXbqo5pYvRSgan4nhkz6zwA1ohMCwBf0eS
yzWEjC8BMp4Q1LaWQ2/+ITGDMB2CQ9YaMW6NWaqL3+PAF9+5ES/aLl7cmItmEI1nkc2x8LrtaK3z
wibixxgGuPrCZuw+HsGfdk4V+QT/CPB5HPCKzESJp/KIJuR9gFQap51BUzW3wDEwaYz6G1Zd6608
snBG55KyHvOlZ9TjTZe1lfz7/okY/rZ7FkdGlxBNZFAVcOGSLXV41flNZX93XWsA61r5iSZjc0nc
cNvu8sWGrRoUpoSfM8nlGkMOkAAZTwh6sJYGFaBegMQMwlRQVkZJrDFLbXHYGXzkmh5cvqOO93fy
7HINh70DETy4axpPHwkXfSg5Z30VLtlai8u21qKpxguHnZ/g4XLY8B9vXIddfWFMLYivFZHJLret
LPW2uByzkQwWY8bKdPB57LyKU05KsKkSWHudnzp7u43Bxg7uDI4Dg1FZR/Hyc5uLrs+lRA63/2kA
v3xkFJncqduaHnh2Gj95cAj//d6t6G7mVzekFLFkDt/6bT/GVwo31g4ME0FZGYaBHCABMp4Q9Got
VQQOEjII00FiRlHMP0P98pIz6nHVuQ28Pz8wGcddj47hH/vnMLGQQrkuqk8fDePpo2H8+IFhXLS5
Bv/v9etQwbNDQtDnxGsuaMLtfxoS3ao1nWExMBkXlXb/p6cmDVenwudx8qqdMiHz238hWHet85t5
bcjF63PHJ2JSBnMa3/5dH9rqPFjf+oK4kkjn8cU7D+P+Z4plUi3TNx7DB2/bjRuv6cYVZzbyFjFX
Eo5l8d93HcFDu6atHCAmgcQMQ0DGlwAZTwhGs5Y8bWJXwF0shIqvEAZDcMiarVReccw/Q+NQX+nG
Z67r5dWeNZcv4JE9s3j7f+/Crx4dw/h8eXFjJfPRDH7/z0m8+UtPo5/ngxnDAC/e0QCfm+flpkRg
3fv4OO9xnmR4OoHf/3NC2Jd0QMBjh5/Dl4UCMCtXEUcOrLvWxc885HeCAbdIMCxzm9+ByThu+t5e
9I3HwBYKyOZY3HLP0bLixkkm55P4jx8cwC2/PoZ4Ksf7mGyhgMGpOD74zefwp51TyOWtEyHmQHzh
T/K0ipDxJUDGE4IZrCUpg4MyMwhTQVkZJbHGLI2J123HDa/u4rWlIZ1l8X/3DeCH9w8LOMLp3h+b
S+CTPzqI73xkB2oruN9U9zT7sbY1iN39i1w/XZLf/3MCr7qgCZs6Knh9fmw2iY9+by//A+gIj8vO
mcERS2YRS5apcSACa69zeWffUsOvTfKhkSVZjwsAo7NJXP+1Z3Dd5e0YnErgLzzEjZXc+fAI9g1E
8OYXteElZ9SX7V40OpvAn3dO4a5HxjAfVUdwI8RCWRmGgRwgATKeEMxqLV4CBwkZhOkgMaMo5p+h
+VjT4MMVZ/HbmvLt3x/Hzx8aLfMJ/hFwZHQJ77llF371qXOLtpBcid3G4JXnNGJ332LZz5Ujkc7j
6/ccw3c+soOzXWwsmcPnf3bYMEU4VxP0OTizcWKpvKC37Kux7lpXZ+Z1lW7OQr+zkTTSWXlFqpNE
Ezl8774B4V88YZ79AxEcGorirkdG8anretHbdqqweGg4iv+7bwBPHJhHNs8Kzq4ilIbEDENAxpcA
GU8IVrPWaXdQJGYQpkNwyFojxq0xS/Pznld0cr7tz7MF/PzhUfz0ryMr/lR6BAxNx/HAs9N41XlN
nA9zV57VgK/88ijyrPjjPntsETd+Zy/e/tIObO8JnZK1kmcLmI9m8PBzM/j5wyMYm9WuPoVUmms8
nJ9JpvPlu1SswLprXbuZVwW4M5uicWW7+5QVHXiYJs8WsG8ggjd98WnUV7kR8jthtzEYn0siovDY
Cb6QkGEYyAESIOMJgawFOMobgUxEGAjKyiiK+WdoXbqb/Xjxdu6uKQOTcfz4/kHIHQ0FFnjgmSlc
cWb5NHYAqPA70d0cwLExaSn5Tx1ewN6BCKqDLqxvC6Cx2nOiCGkM43MpLCxlDF8DoC7E3SI2mc4j
uUrgMPaspaKf2dttDOqruH04F1Wpu49E07CFAqYWUpI6IRFyQGKGYSAHSICMJwSyFooawVHybwhC
z5CYURTzz5A4id3G4I2XtoKrc2omx+KOv44gHJPwxrVMYB0ciiKWzHEKHADQWueRLHAAyw/34+nk
qa0oTURXE3erzng6j3g6b8E1r/8Z220MQn4n5+dmF9Pyb+3Qv3kIXpCYYQjI+BIg4wmBrHUCnoaw
kckI3SO4nK81an2bf4ZEOWoqnDi3t4rzc/sHI7w6KDyPwMAKx7LYezzC66cbq7m3XhBASx13gcqJ
+SSyOWO1vxWOMc9ydhtQHeTeoiKpC441LnMWgL8jyeUaQ8aXABlPCGQtSD7hyd4mliBEIyqYzX8a
oJsaq1M8Arqa/GioKi8Y5NkCfviXodIPwjIFFt9OEBU82thamZMuqOWxRWV20WwdK8xzlnPYbajg
yOBYbvPLc4uKeUxjcfg7klyuMeQAkdAdq1DIWlDECHS3SWiDqOA1/7I3/wyJ8vCPgJ5mP7wcxUWH
puLoG48pHlijMwlen+N66LMSpVwS9DnQUMktcIzPGbUegvnPcg67DdWB8rGeZwsILxURqcxvHovA
35Hkcg0h40uAjCcEstYJVDIECRyEspCQURJrzJIojbQIOGNtNednRmYSCC8p3+1gOswvm8CqrSSF
THtNg4/X5ybmjSBwWNPhLqeNMwsnl2cRS+SsaiITQUKGYSAHSICMJwSyFjQ3AgkchHyQmFEU88+Q
KI8yEbC1K8T5mcMjS7qq07CUzGk9BEWRw9MttfwEjrE5flkz6kFnupO08aihks0XMLOoUhcVQiZI
zDAM5ACRkOGEQhaDLo1AAgchDhIzimL+GRLlUSgCVv1sV3MAdSHuIoaHhqPKjGcVfFpiAkDcRAKH
Umu9pyXA63PadZChs1xZCkBbHbdIlcuxWCi2RYXQCSRmGAIyvgTIeEIga53AIIYggYMoDwkZJbHG
LInSqCNmFKOlhl83kpEZdbYx8KkZAQBzUWO+sVZzrbfWcr/9H55OqLTdh85yJSljmt72IOfX82wB
SwnzCH7GhYQMw0AOkAAZTwhkLRjeCCRwEC9AYkZRzD9DojwKRoDIn+bzAAUAcxF1BI7NndzbZQD9
F8bUw1rvauR++z8dVsKOepi9ThFomrU8snCWkjkk0nmRAyLEQWKGISDjS4CMJxSyGExpBBI4rAqJ
GUUx/wyJ8miXlSGEjgY/52fmo2nEU+o8QDVWc2eU5NkCRmfjKoyGH3pc60GfE34erXSPjcckHEWP
M9cRMpiHTxbOkRF1to9ZF36OpNWgMeQACZDxhEDWOoGhDCF+sCRwmB0SMkpijVkSpTGGmFEMPm/5
BybVKULpdNjQzGPLzPhcUpWOLqsx0jr3e+xw2hnOzw1P8fWtkWavMgqZxu208RL8jk/oR+wzNpSV
YRjIARIg4wmBrAUDGkHeAZPAYSZIzCiK+WdIlEd/W0ykYLcxqONR82KQ90OwNLI5FkNTcbidNuTy
LNgCg1yeRZ4tIJdjkWeBVCaP/7rzsORjeVx2uJ22on/HFgpIZljVusYwDBDyOVFd4cKmNRU4e30V
mqo86GjwIeR3wuu2I5bMYX4pi8PDUezqC2PP8QimwylE4zmwRYpoVAddcJWY30rG54sVGJU/GEN+
J2pDLqxvDeKc3hqsafShqdqDkN8Jh51BJJbF5EIKA1MJ/GP/LA6PLGE2kkYqUzpzyMYw8HsdsJXQ
cfJsAYlUvqh9RFPipxgGCPldqA46sbkzhN62ILZ0VqC51ouQ3wmXw4Z0lsXITBKT8wk8fTSMJw7M
YyGaRjhWXKxrq+fXBUeNIrE2hkGF34nqoBMb2oM4Y20VupsDaK3zwuO0ocLvxHQ4jUg8i8MjS/j7
/lkcGV3CTLi8DwEg6HXAVsKJLFtQqGPS6Y60MQyCPgdCARfaaj3Y2l2JtS1BdDT4UBlwIuBxwOu2
YzaSRiKVx2wkjWNjSzgwFMWBwQgi8QwWNBBeTQ3ddEmAjCcUshgMaATlB0wCh1EhMaMo5p8hUR7j
ZmXwpTrohNPO/RA8MCFlG4MwPvmjg2iu8SKVZZHLs0hl8sjmCkhn8kjnWGSyy4KHFDZ3VuADV3Uh
4Ct+2WJZYN9gBF//dZ+k43BhYxisbQ3gsq21uGRrLbqaAvB77EU/G/A6EPA60FHvxcvObkAqk8ex
sRge2zf3/9l77zBJzure/9tpuif25Jndmd3Z2byrlbQKSEgESUgogJBMkkQwCMuX6AsGg9GF62ub
H06Ey8UJsLEN2DJJlgCDbEAkIaGcdqXNeSfn6Zme6Vy/P2ZWmt3t7nqrqqvrfev9fp7Hz/W1emfO
e86p6qlvnYBv/2oAieTpD1aNdWFEI8V/1inyBWP54didpAwEgM09jbjxslU4f30cW3obURstblNH
cxQdzVGctz6Omy7rxvhMGs8fS+Cun5/E4/univ6bN7yiB6+9dBVKpXAub+BrPz6GB3ZP2DuAoFvW
dtbhja/owUWbW14QpYoRjQSxqacem3rq8crzOvDeG3M4OpLEL58dxz2/HsJk4vRNKN0tYgOADzpq
MzJndVsMb76iFy/Z0or+VfVoLNH61NUSRVdLFJt7G3Dz5aswmcjgqYPT+O6vBvDI3uIxvObCTrzl
VWsQCRcPYjZXwL/dfwK/eGbcwQnMA7l1bSOuu7gbF29uQW9HHVobaxAoIZx1xKNAHOjrqsPFm1sA
AImFHAbGF/Dwnknc/9QonjvGtiHLSPTdqB50nhXorWWUcoR3xlLgkB0KGSXR45SkNP4XM4rRHo8i
EjZvYzg8XD2BY2wmjbEZd1ZengrHp24/BxtWlZ890tMec03gCASA2poQbr+2D3fcsK7kw105YjUh
nLc+jvPWx/GOV/fhI19+Fk8emHmhWqEhFjKN7dRcxvTtul1qoyHcemUvfu/mjaixeL5gIICulhi6
WmJ41QWd+Lf7j+PLPzp6mojTWBvGG17egx3rmsr+rMGJRXOBw8Z1GggAsZogfuf6ftx+3bqS1UDl
aKgN49z+OM7tj+Omy1bjT77xPJ4+OPtCDNvj5tVVhuHOwN1AYEmQeevVfXj3a/tRV0KYKkdbUw1e
fVEXXn1RF3706Aj+/K69p1VjBALAx2/bii6T1dD5vCEocFhrMQmFAuhqjuIDN2/ETZetFv63xWiq
C2N7XxO29zXhjhv68cNHhvHFew5idCZVpS1FikGfOIDOswK9BQWdIJfBFDhkgmJGUfx/QlIef7WY
OCVeH0GoVH3/Mi++5VeLUuEIhwJY02E+uHHP8bnKGrSCqy/oxB03rMM5feUfzkWJ14fx1x/Yia//
5Bj+5cfHkc7m0dZUYyosLKTyyOUrn7iXbG3B+27cgIuW32475W1X96F/VT0+8U/PvdDO0VgXQYPA
ENXhM1twKnDcUDCAq3Z24F3Xr8O5glt/zOjrqsPf/s8L8IW7D+Leh4aQzRXQK5CnYzMpJFOVb+F4
6bZWvOfG9bhwU2VieN3FXWhrjODPv7kfx0aWZoa0NtaYihsAMDxVTMBxNi+jp70Wt1+7Dtde3IXW
xhrhnyXKjS9dhS29Dfj7/zyM+58aq/jPVwYFvxflgc6zCj0GBZ0gv8HWX1+QymAU+R93/pFS+P+E
pDwuZUCxH6tocjXVRxAyGUQ5m8xKv4LSSjjamqJCFQUnxisv6kTCQXzgpvX47LvPrZi4cYr6WAjv
uXE93nntWgQDAfS0mT8czyazyFR4zshrL+3GV37/ooqJG8DSm/6XndOOf73zEsRqlioJGmvDqBeo
KhiZSlX8Or39urX47HvOq5i4cYr6WBh/eNsWvPrCDgAQEuLGZzMVtQEAbnxpN77wvp0VEzeAJWHx
pdvb8Edv34qG5TastiZzcQMADgzMQeQKF701d7fG8K8fvwS3XrnGFXHjFJt6G/G595yPD75+k6mQ
7At88r3oDXSeFXz0Z5gzlHKCulGjwOE2tnJD3YSygv9PSMpTRTHDR7Q11ZjO4JhbyKFQnVmbplTi
btbZLPZAc3CgshUcddEQPn7rFtxxQ79rDzuhYAC/fU0fLt3WitUC60Wn5jJIZysX3De8fDU+8dZt
rp1vbWcdPvLGTagJB1FfG0ZdiXklpygYBkamK9fuVBcL4cNv2oQPvWGza2esCQfxv9++Hde/pLvk
LI+VjBStbrBHOBTA7df24c/vONfUt3a5cGMLfvvadQAgVKECFJ8xYuc+EAgAt1zRi//448vQ0Rwt
OWOjkixdk2vx9mv63P9l1cTn343uQudZgd6Cgo9yShlrCltUKomtXFA7gUTw/wlJeVzMAA2Tq6sl
ZvpH/kQiU7VtIitxKxwiW2OAyg5urAkH8anbt+PqCzpdf5Mbr4/gc+85T6hKZT6Vq1hsb3zpKnz8
1q0lh4hWihtfugrf+dUA6qMh1EXL/9kxv5Cr6Drhd7+mH79dhQfVhtow/uQd202rq4AiLTgOuObC
Lrz/5g0V+3nFCIUCeNd1ffj506PoFGhPAYADg/MVuR+8/eq1+ODrN71QBVQtYjUhfPD1GzExm8aP
Hh2u6u92jIbfi5WDzrMKPQYFnaCcwZahwGEXihlF8f8JSXlcygAm1gu0NJi/IZ6dzzreWmJGNUPS
IVAWny8YODZamdW4AQBvfVVvVcSNU5TacnEmk7OZisT2ki0t+F+3bXFd3ACWHv5/7+YNODg4byrO
LWbySGedt1dFwkG858b1+J0b+h3/LFFEKyiGJp1XcAQCwIWbWvCp27dX5eE/VhPCR2/ZgqPDSdPP
zi3mMD3nrA0nHArgtqvW4g9v3eLo5zihJhzE+163HruPJXBi1PzcnsDvRgfQeVagt5ZRyhFKGVtR
KHCYQSGjJHqckpSGYoYXtDeZt2tMzWUqNohShnCIVHDMzGewWKG5Izv64/gfr7HXlpLK5LH76CwG
JlKYnsugNhpCW1MNLtrUgjaB2JkxMl2Z9oY/ePNmNNSai2XFODaSxIGBeQxOLCIUCqKpPoItPfXY
2NNQcrvMFed3CM2HSKbyWMw4r1B56bZW3HbVGlv/diGVx54TCQxPpjA+m0a8PoL2eBQXbmxGY4k1
xaLkCwYmKjCDo62pBn/w5s22xY2jI0nsOT6HmfmllqfO5ig29dRjy5rSc2Yu3tSC7QJzaMYqkKPn
9cfx/pusV6bk8waOjy3gwMAcxmczyOULaGuqwZY1jVjfXW95+9GazjrcdmUvPvPt/ZZtqTgy3IyV
hc6zAr0FBZ2gnMGuQoFjJRQziuL/E5LysMVEJlYJDKJMLORsveWXMRyhYECoLH5m3ulWiqXTt8ej
+OL7z0djnfjD/0I6j8ND8/j6T47j189NFBVaYjUh7NzQjPfeuB47+pssr2E9hdN1vKFgAB+7ZTO2
rRUfmJrPGxibTeP+J0fxH78exJESb/H7uupx21W9eM0l3Wg5YxBkKBhAs0D1UXIxhwWHG0Ya6yJ4
300b0GRBjJhbyGLP8Tl88xcn8YtnxoquCY1GgrhyZwfedd06bOptRESgHeVMMtkCEgvOW3Buvny1
6brdleQLBkan03jouQn8y4+PYWC8eLVTZ3MMd9ywDtde3H2WIBcKBYQqjZwOUV3XVYf/+76dwlVN
hgEcG03iZ0+N4e5fD5TcINUej+L1L+/BLa/sFWr1A5bWH7/5lb2462cnqreZSsYbsTLQeVagt5ZR
zhHKGVx19BU4LOeGHsmkxylJaViVITvtcfMqAJE3qKqEJBwKoCFm/lV1UniDSumTh4IBvP3qNUI+
PsWzh2fwD/cdxZMHpsturkll8nhk7yR2HZnBTZetwkfeZO/tu9MBlTvWNeHNV4hXNqQyedx1/3Hc
8+CQqY+Pjybx2W8fwH2PjeDdr+nHFed3WLYvmco5rsT58Bs3Wnr43310Fn9z7yE8cWC6bOVTOlvA
jx8fxSN7pnD1hZ3L80usCVWpTB7JlLPzbVnTiPfcuF748+lsAV/78TF8/6FBDJzxkH7maUdnUvjM
d/bj+78Zwh/eusXWVpZxByJcY20YH3z9JuFqp4VUDt+4/zj+49eDptfGxGwa//ijI/jx4yN4/00b
8NpLVwn9jlhNCL//hk342D/sEvq8JVS5EUsJnWcFemsZpRyhlLFS4X+Bg1UZJdHjlKQ0FDNUIxQM
CG1pGF4hcKgejppICG1x8wqOsZliDzfWTt8ej+LVF3ULfdYwgJ89PYo7v/qcpbWtC+k8vvXLAQxM
LOLz7znf8gyMmXn7b8dDwQBed9lq4cqDqbkMPv4Pu/Dovmnh31EwDOw+MouPfmUXvviBnbj8nDZL
Nk7NO1uDu6mnAVdf0Cn02XzBwH8+PIy//NY+LFgQHWaTWdzz60FEwkF87JbNlqpxFjMFxzH8wM0b
hMWxxXQef/L15/Bfj48KXw25vIHnjyfw8a/uxt9/8EJs6mmwZONM0n6Fyta1TXjFue1Cn51NZvEn
39iD+58atfQ7Towt4M6v7sb8Yg5vvqIXQYFSjp0bmtHdEnPWIqb6zdhT6Dwr0FtQ0AnKGSw1/loT
a2vDjb/W4hRDuU1FpMK4lAFMrKqzoz9u+hnDACYTGd+EIxIKoEmgVH1qLgOnyXjTZauwRnAN5n2P
DePTd+2z/TD+2L5pfPMXJyz9m3S2gGE7FRzL7mhvqhF++J9byOJPv7EHj++fsf77sGTrF+4+iPlF
a+0mg8KVOMW59uIuxAVaYQDgO78cwGe+vd+SuLGSex4YwF33W41hvmylT3kMbO9rxPnrze8DwNI1
8ftfegb3WRA3VjIylcJHv/JsCfGwhIUGSra/mFEfW9pcIiLejEyl8OEvPWtZ3FjJl/7zCJ47mhD6
bGNdGP2r6sV+ML8bHUDnWYHeWkY5JyhnsHKoK3BYzg09bgP+PyEpj0sZwMSSgr5OsYdvpxsMZCIc
CggNdpxMODtza2MEHxBct/nArnF88p+fXxZV7JHJFfCVHx3FnAUB4MTYQvnhsSZfc7deuVa49P9d
n30Cv3hmHIViwygE2T8wh7/7/iFL/2bI4QrV33pZj9Ab+Uf2TOKvvrXfsgCzkmzewBfvOYTDQ+Lr
iRfTecwKVTgUD+TLdrSfNd+kFH9z7yE8vGdS2LZiHBlO4rPfOSD8+Vy+gJl5exUcF21uwfnrm00/
l84W8Jff2ofH90/Z+j2nmEyk8beC+VkfC2Pj6iKVLPxudACdZwV6axmlHKHHs6eMyC9w2MoNPZJJ
j1OS4rh402RiScXKMJwjUMEBwN5bfikxUBMJormh/ANdOlvAZMLZ8M2rdnYKPRifHF/AF+455OjB
/xSL6Tz+7K59wp8fWFndYPE6bawL45Yrekx/h2EA9/x6AIeHKrMW866fncRxCys2Bx2sUL3y/A50
CQykPTG2gD/7930ViWHBMHDXz04KD/Wdmc8ie1rVj/i93ABwzYXmFTgFw8A///dR3P3rgaLDUq3y
zOGZkoNlzySXN5BYsC781cXC+N0b1gsN/vzhI8P41a5xy7+jGA/vmcSTB8WqlFa3xfjdaBv+YWEF
egsKagNKGet75BI4bOWG/xNKuWucVJgqChlMLE8xC8d6gRLpoyPJiq2IrS7FT9/XWYeacPmnnly+
gLkF+2/ia8JBoQdHAPjXnx7HUcGHPRF++ewYRgWHMh4bSdq+Ti/Z0oomgfktqUwe/3q/+AO7CL95
XvxN+5QDoUq0AucbPzmOk2OV24jx/PGEcNXC0iYO8xtusath29pGbChWRXAGJ8cWcfcDA0L2iDA2
nca+k2KtHJlcwVY11fruevR11Zl+bjKRwWe/s7+i9zjRKqN2gVlAhH9YWIHeWkY5JyhnsHZ4J3BY
zg09bgP+PyEpTxXFDOIpdkJStET6DAYnZK/esHYvF1kRm8kZjgYbtsdrsFpg/e6hoXl865cDFXnz
f4psroCTY2IzC54/LvaQeSbBQAAXbDQv/QeAex8atNRyIcKzh2eEHkjzeQPHR+3Nb1jTWSt0fczM
Z/DDR4YrGsOTYwuYmBUTZs6cT2Hlarj58h6EguYlDr/aNV7RKq6CYeCRPWIiVS5fEGzBOZ3NvQ2m
a4TzeQN/+71DSDpcI3waxlJllEi7mZW1w3rAPyysQG9BwUc55Qwmy7gvcNjKDT2SSY9TkuK4eNNk
YklFpSLd0lCD1kbzN/AHBuds/HS3cH7y/m7zqpVMNo8ZB/MwOptjWNUaM/3cvQ8O2f4dZ7HsjkJB
fMXtgM0BnLFoEBtWm/txbjGHL/3giK3fUY7RmTQWM+aDNYemFpHO2hvaum1NEwICf9F846cnHAz5
LIaBZCorPPdm/+C8rashHArg5TvEtovc8+uBildxHRcU4TK5AmaS1gWIl+1oN20RG0+k8cheBzNF
StyOUpk8RqfNBap6gXXV/oV/WFiB3oKCTlDOYFKGyt6tbeWC/xPI/yck5XEpA5hY0uFmSMzebp7i
mUOzLlpRCvdOLiJwZHMFzDpoUdm6ttF0c8PUXAZPHhRfl3oaZdxTMAwkBN545xxUNzTEIujpMC//
33V4xtbbdzMWUnnk8+bCxeiU/faUdd31CKD8A3ImV8B3fuWkdaN4IA0DmBZsURkTbEc6k+6WmFAF
we6jszhcwRaqU4hWhEzOZrBgo8LinL4m088cODmPCZH2F2fIIyQAACAASURBVIu3o2yugLmFyue9
mvAPCyvQW8so5wjlDCYWsS9wWM4NPZJJj1OS0lDM0IVqh6SjWaz/e2CicrMFilPdk4u0jswkc0gJ
VAiUYtuaRtPPjM+kzd/y2nCNYUCo5H5iNm27raI2GkSnQP48ts+mgGNCKpMXmumx94S96qNQKIDe
jlrTAZX7TswhKbw1RczXpz4l2iIl2o50Jmu76oXWp/7o0RFbP9+MdEbMb3ZaY7pbY+hpN7/O959M
nH2dV/F2lLW5Elpe+IeFFegtKOgE5QwmFcJc4GBVRlH8f0JSHhczgMklFbKEo6fdvIWiYBgVnp/g
7emDgQA29ZhXcBwbcfbGWmR46+Rc5vRNLRV0jcDiCMzMZ1GwOfizrSmKumj5h+NUJo+jDv1Yikg4
gGDQvH/kmIVtK6f9/FAQq9rMr4+9J+aKiETiPi33yYDA+o+xmbRtIa6tMYJIuLwPDQN4eM+ErZ9v
Rl1U7H3Y/gHr95+ta8yrN4Cl6hQvb0nJVCVbm6qNLN9kakBvQUEnKGcwcZHTv7EoZhTF/yck5WFV
hi7IHJJ4nXmLyvis3TkUcp58tcBDK7C0utUJazrN2zde2GBSYYKBANoEtjNMJDKwu9hko8D8jXS2
IDRo0Q6xmhBCAiqO6CySMwmHAmhrLL9KGADGphdhCFbBWHV1t+B6Wru0NkVNB4wmFrKYtTH/QgSR
DTyAvQqVcwXXX9udQWNGILC0SckM0U053iLnvVxW6K1llHOEcgaTKhMWzxE9kkmPU5LSUMzQBdVC
ItKiMiYwKE+lk7c2ibXlHBy0X3lQHwujVeDh+OiIMxGlFIGg2HaGyUTadgXHaoHy/0y2gHnh9g1r
tDVFURMxf4AcnLDn42AAaG0qH8N83igqAFbiagiHAkI55ESIa2+qMW3BmU1mK7redyVrOsxzCAAG
rMbQENsOtfSz3RE4YpGQ0P11dFq2DVXq3MtlgN6Cgk5QzmAiAQZKtqj4P6H8f0JSHraY6IIfwhEO
BYSGjJ69qlLt0/d1mVdWADYfHJdds1Zg+CYgKh5ZJxQIoKvFvFJlKpGxPYNjnYAfU9mCa2+oG2rD
iITKCxxTcxlkc3bOZ6A2GjKtcMobwOxC1pUroqkugvqY+XyME2P2H9A7BXJkYjbt2pyIjmaxaqr9
J8vMUSnh/NUC7Xej0yksVnT7zYuEw0HUmWxIMQxgXHAVsDuofS+vNvQWFHSCcgYTjymXMWEdEsr/
JyTlYVWGLvg1JOFQEC0CAsfSH+D+8YLoW2PTuSNlXNLXLSZwDE268/Y4GAyg3aRFxTCWZoDY1DfQ
1yXQopLJuyZwdDbXIGTSozKVyCBjuiK2uAN6O2pNf34+756A01QXRq3AjIqzBUhxOgTamKbmssjm
3BEBugUElpHp1NKaXwt5GgkH0SkgnozYGF4qSk04iHh9+fhl8wXhVcDO8M/9uxrQW8so5wjlDCYe
Y3Vxr++WevOS0R2KGbqgU0jCoQBahGYMyFZC7QyRsv+puSxy+eVssJEUfQLzNwDng0xLEQgAzSbz
DQoFA1Mi6zGLEAoFhAbUjs3Y39Jihsjb/7nFHLKn4mhx8KfIpp1svoBxmytazaiLhRGrKV+hki8Y
ODJsfwCwWQsOsDSDI+dCi0owEMDaTnMfTyUylq/BzuYoIgIDWnYfTVj7wRZY21mLoEn/TzZnuDDf
RKdvMefQW1DQCcoZTCSgIq2jFfgZnsBLRnfYYqILeodj6fSRENDSYDJjoGBgsipvGKtDKCjWujE4
seAoSboEhkOOTC2/mXaB+lgYjSYzOAqGgUmbAkdHPCq0XvT4qDszRgAxH88mT1UflA5mqf8isgUn
nzdcG6LaUBtGzGTGyPxiDqmM/RwSWfM7NZdBwYU0rY2G0Cgw5Hh40rrA2lgbRtBkeCoAHBl2R2AE
gP5u8/zJ5AqYmffXEGeZocegoBOUM5h4jJsZo4TAwUtGd1iVoQv6hqT8ySPhkGmLSi5vKDLlX4z6
2jCaTcrGAWDU4WyMTT3mAw6HXSyP37HOfEVmvmBgwoHAIYKd9Z6iiM4YWdmiYuVesL3P3IeLmQKS
KXeGqMbrI6YzHBbSOaSz9tpHYjUhNNaaXwt2BIainOH8aDhoWqEC2BMhWppqYDKeBYB7LWIAsE5E
4MgWMJMUub/q+y1mB3prGeUcoZzBxGOqnTHSCRy8ZHSHYoYu6BsS6ydvaYigNlr+LXwuX8Cs0B/g
ErPCNdFwEDGTMwPAUQdvdmujQaE30/vKDU50SL9A9YFhALM23x73Cg5RrWwLzuk53iawDWcikUHe
ZovMKoEWlYMD7sVQpEVmfjFve0jm1jWNQp+zNeNDwOX1sRDiAmtiJxPWf39bYxRhE4Ujlzdw0EUB
TuQazOSK3V/1/RazA70FBZ2gnMFEAmTIGs8EDhkOT7yELSa6oHc4KnP69QJrFLO5AqbmFBI4TFxT
WxNCg8lbcQAYn7X/1ro+FkYkbF4ef2LUvbfH29aaP7zmCgbGbM6P6Bccojo2Y/eM5QMZCgawqlWk
vcLe+ULBgNCWmL0uilQiVTKJZBYLNgUOkRYcwwCmy4lgDm5FSxUk5QUOw7BX6dTSEEbIpEVldj6D
VMad6htArMJoei6DxbR7NvgNvb/3l1HOCcoZTDxG5oypisAhswNINWBVhi7oGxJ3T75e4CE1XzAw
m5R0BocN99RGQ6arNwuGgbEZ+2duqosgajI7AQAGxt3r/1/Taf7w6qS6ok3g4XshncfAuMjDqVgg
V35qo0ALEADbAk6PYIXKiTH3Zoz0Cmz7WcwUBLbEFOfc/rjQ50ZOtWtV+HZUGw2hzuRaXEjnkFiw
JgAEAkB7cwwm8z0xk8zBhdmpAJYGxIpsazo26t49QGX0/c4/A6UcoZSxRBJUy5qKCxyqOYBUGooZ
uqBvSKp/cpEe8WzO/iDKilFB19RFg2gweWucSjtry2mPR1EXK/87srkCBibcq+DYLlDBcdLBw3lP
m/nb6bN/vrUtJuUQFThO2Bxy2iGwXQRw5kMzRDbxTM2lkcnZEzhErn8AGHYpT7taYqgJlxcC05mC
rQqVJpMBu8BSlVbWpu/KY6CnTWxGjVtblFRC3+/8FSjnBOUMJhIgVdYIGXP2h2wLHFIdnngAW0x0
Qe9wyHH6DQItKm5uGSiKy67pbI4hbLI+cjGTRzJlr+wfWHozbfLchvlU3vaDqRldLVHTt9cAsOeE
vfaKhtqw0HDKpeoJ84DaCflGgdwFYPnt/ym6W80FHADYe8K9NaMdAhtOnFSQiAzCPeD1jJFUDgmL
c2ICENuUND2XdVjBUfofi6wwBoCjmgkccnzzeYxyTlDOYOIx0mWMqUHiFgsJHNI5gFQZVmXogr4h
kfvkInMURqfd2/ThhXvaBVorkqkckov2Kzgaa8OIRsqX3s/MZ5B2sN6zHC0NYm+P99kUOOqiYaFB
rWe+na5kuDf1ig3ItJu/qwQEjrGZtGtrfutiYaEBnBOzFh7+VwSgsVbs5w+6WGUkUkGSzlrfUhMI
iK0QnprLIJ8XzUpr2SsyoBYAjg67N+TUS+T+5qsiSjlCKWOJJEiVNTarMqxwlsAhlQOIB1DM0AG9
w6HW6buao6ZD+IAKbfqQyDUimw1SNsviT9Hdat7/P5vMuvZwvKZT7OFqeMrqw+tSIOuiAdQLDGod
mFh0LfSbBaoP9hxPoGBzg0qryIYWO9tFBNm21nxFLVBmzanJsUVmqADAM4dnhT5nh7UCLTiLaRvV
VAGgpbF8i5FhLMWveH44z1qRAbX5vIHBCRcF5Coh0e3dO5RzgnIGEwmQKmsqWJVhhbBUTiBVhC0m
uqB3ONQ/vegDjuUWFcldI/JQtZDOYX7R/maD1kbzN+MLqTyyefdaVMzI5AoYmiz3cFU6kPW1YdQJ
VHAMjLvz9r8uGjJ9gAWAkzZ/fzgUEKrgOO7i/I31gvMxBscXbV1zIhtaAGC/i1ti1goIcROz1meM
BAC0mcxQMWAsC1Tu3LDMfj8AjCfSSGXsC6leIPntvToo5wTlDCYeI1XGVKEqwwqerYkl1YRVGbqg
b0j8e/J1XWIPUAPjZR7iFHSPSG/+/GLOUXXFGoENHFNzGaTS7ggczQ3mD1dj06kV5fnWtpjEakKI
1ZQfMrKYziOx4M564fZ4FALFRzg0aK/8PxoJoaHWXMAZm3avgqOn3TxP8w7W/IqIYIB7m37CoYDQ
nBM7Itn2viYETUqoTlVwuEEkHES7gMAx6JIAWAkUvLW7g1KOUMpYIglSZY1kYkYxKHD4DooZOqB3
OPQ6/SqBLRiZXAGDkylfuWatwOrGk2POHjy6BXw7PlOqPN4ZoWAAq1rNH16X1uCW/v3lLOuIRxGr
KS8AJFN5R20+5WiPRxEQmKJ60LbAEUCjyaYdwN35NBtWm88YGZlK2a4AEKmAWUznccLhtVCKPoEW
DsDeEFURcQguChy1NUHUC+TPYKn2oirjo9u7fZRzgnIGEwmQKms8ajFxCgUOZWGLiS7oHQ69Tw8A
rQIPOCdGF3zlqv7ueoRMNqgAwBGHmw1aBCoopufdqW6IhINCFRwjKx7OrYZ4tYCAk0zlXBM4VreZ
zzgBgIOD9torasIh1JtsicnnjdN8aJsizg8EgM295jNGnAgsItUTYzPuCThrO8UqyMq3GRXP3E09
[...]
9ukaJMxgZv12WphBdcmDjIjEhdEOQzREmFGJxkVMFXC4y6h+CbVP1xhBBjPru9PCDKpLHmakLIq2
GKIhnphUo3HbGRdwuMdn1L2IuidrlDCDmfXbaUEGPRBmUJ0hGmIroxKNG2v7gMNdRvVLqH26Bgkz
mFm/nRZmUF3yICMicWG0wxANEWZUonFTeDrgcJdR/RJqn64xggxm1nenhRlUlzzMSFkUbTFEQzwx
qUbj5rLZ593WPXTdkzVKmMHM+u20IIMeCDOozhANsZVRicat23q/Teza1R6o2qdrzKLNMAm96LfT
wgyqSx5kRCQujHYYoiHCjEo0LoNCAUftgap9usbYymBmfXdamEF1ycOMlEXRFkM0xBOTajQuqwYD
jtrDVPt0DRJmMLN+Oy3IoAfCDKozRENsZVSica1JHnDUHqjap2uMJyasQb+dFmZQXfIgIyJxYbTD
EA0RZlSicc16XusSBRx1B6ruyRplK4OZ9d1pYQbVJQ8zUhZFWwzREE9MqtG4Jq3QtgUCjtrDVPt0
DRJmMLN+Oy3IoAfCDKozRENsZVSicc3aYetmDjhqD1Tt0zVGkMEa9NttYQbVCTLogUEaIsyoROOa
NWHrJgw46g5U3ZM1SpjBzPrutDCD6oQZVGeIhnhiUo3GNWkNbdtBwFF7mGqfrkHCDGbWb6cFGfRA
mEF1hmiIrYxKNK5Za2rdj36Ylwg4ag9U7dM1RpDBGvTbbWEG1Qky6IFBGiLMqETjmrWG1q36IZ4X
cNQdqLona5Qwg5n12+ltTt7vhVCSMIPqDNEQT0yq0bgmLbSVMcZmteGqdZoChBnMrN9O28qgB8IM
qjNEQ2xlVKJxzWogzBiywLeJnY5Pl0QEGaxBv90WZlCdIIMeGKQhwoxKNK5JjQYZ22ki4PCpkoww
g5n122lPTOiBMIPqDNEQT0yq0bgmFQszhqQLOHyqJCPMYGb9dtpWBtVtneVHSaQsirYYoiG2MirR
uGZ1EGYMWTTgyHYZXRNkMLO+Oy3MoDpbGfTAIA0RZlSicU3qNMjYzloCjlYuoxvCDGbWb6c9MaEH
wgyqM0RDPDGpRuOaJMx4SZMHHC1fRknCDGbWb6dtZVCdJyb0wBANsZVRicY1S5gxwg9PsauAo8Zl
FCHIYGZ9d1qYQXW2MqjOEG1HmFGJxjVJkDHCS59ipYCjxmUUIsxgZv122hMTeiDMoDpDNMQTk2o0
rknCjBF2dooXBRw1LqMQYQYz67fTtjKozhMTemCIhtjKqETjmiXMGGG6U2zWuJACBBnMrO9OCzOo
zlYG1RmiIbYyqtG4JgkyRpj/FIt+m9huCTOYWb+dFmTQA2EG1RmiIcKMSjStWcKMEZY5hYBjbsIM
ZtZvp4UZVOeJCT0wREM8MalE45olzBghzykEHFMRZDCzvjstzKA6WxlUZ4iG2MqoRuOaJMgYIf8p
BBw7IcxgZv12WpBBD4QZVGeIhggzKtG0ZgkzRmjzFAKOlyLMYGb9dlqYQXWemNADQzTEE5NKNK5Z
wowVtX+C5xNwPEuQwcz67rQwg+psZVCdIRpiK6MajWuSIGOEGqc4mz4DDmEGM+u304IMeiDMoDpD
NMRWRiUa1yxhxgg1TjFW/YBDmMHM+u20MIPqkgcZEYkLox2GaIgwoxKNa5YwY0Xtn2BKdQIOQQYz
67vTwgyqSx5mpCyKthiiIZ6YVKNxTRJkjFDjFHNqM+AQZjCzfjstyKAHwgyqM0RDbGVUonHNEmaM
UOMU65Y/4BBmMLN+Oy3MoLrkQUZE4sJohyEaIsyoROOatYbW1ZiOGqfIIk/AIchgZn13WphBdcnD
jJRF0RZDNMQTk2o0rkm2MkaocYrMlgk4hBnMrN9OCzLogTCD6gzREFsZlWhcs4QZI9Q4RWvmDTgW
7amB6kW/nRZmUF3yICMicWG0wxANEWZUonHN8sRkRTVOUcV0AYetDGbWd6eFGVSXPMxIWRRtMURD
PDGpRuOaZCtjhBqnqGxnAYcwg5n122lBBj0QZlCdIRpiK6MSjWuWMGOEGqfozdkDDk9MWIN+Oy3M
oLrkQUZE4sJohyEaIsyoROOa5YnJimqcgqf9MOCwlcHM+u60MIPqkocZKYuiLYZoiCcm1Whck2xl
jFDjFGxvc709NlC96LfTggx6IMygOkM0xFZGJRrXLGHGCDVOwTgzfRcVw9STfrstzKA6QQY9MEhD
hBmVaFyzPDFZUY1TMI0JAg4D1Yu+Oy3MoDphBtUZoiGemFSjcU2ylTFCjVMwn5EBh4HqRb+dFmTQ
A2EG1RmiIbYyKtG4ZgkzRqhxCtZrm4DDMPWk324LM6hOkEEPDNIQYUYlGtcsT0xWVOMULOyZMdo0
UP3ot9PbnLzfC6EkYQbVGaIhnphUo3FNspUxQo1TsLCzjNFMX2SUpfX7V4etDHogzKA6QzTEVkYl
GtcsYcYINU7BgnYwQgKOxvX914Ywg+oEGfTAIA0RZlSicU0SZIxQ4xQsbKIxEnA0pN+/OjwxoQfC
DKozREM8MalG45okzBihxilY2IxjJOBIqt+/OmxlUN3WWX6URMqiaIshGmIroxKNa5YwY4Qap2BB
C4yQgGNhff+1IcygOlsZ9MAgDRFmVKJxTRJkjFDjFCwsyRgJONYoSc8X4IkJPRBmUJ0hGuKJSTUa
1yRhxgg1TsHCEo+RgGMmiXs+M1sZVOeJCT0wRENsZVSicc0SZoxQ4xQsKP0IvbhAAccupe/5rIQZ
VGcrg+oM0RBbGdVoXJMEGSPUOAULSz9GqxUo4Bghfc9nI8igB8IMqjNEQ4QZlWhas4QZI9Q4BQtL
PUa7K07AsY3UPZ+VMIPqPDGhB4ZoiCcmlWhcs4QZI9Q4BQtKP0K7L/BH/4TuA470PZ+VMIPqbGVQ
nSEaYiujGo1rkiBjhBqnYGHpx2j6MGNIVwFH+p7PRpBBD4QZVGeIhggzKtG0ZgkzRqhxChaWeoym
KW6nf0rZgCN1z2clzKA6T0zogSEa4olJJRrXLGHGito/AQmkH6P1bGWM0XzAkb7nsxJmUJ2tDKoz
RENsZVSjcU0SZIxQ4xQsLP0Y5QszhjQVcKTv+WwEGfRAmEF1hmiIrYxKNK5ZwowRapyChaUeo2Wf
mOxW2oAjdc9nJcyguuRBRkTiwmiHIRoizKhE45olzFhR+ycggfRj1MZWxhiLBxzZLmS9hBlUlzzM
SFkUbTFEQzwxqUbjmiTIGKHGKVhY6jFqeytjjLUGHC1cyDwEGfRAmEF1hmiIrYxKNK5ZwowRapyC
haUeo37CjCGzBRytXsjuCTOoLnmQEZG4MNphiIYIMyrRuGatoXU1pqPGKVhY+jGq98Rkt3YdcFS7
kHGEGVSXPMxIWRRtMURDPDGpRuOaZCtjhBqnYGGpx6jvrYwxRgUcPVzIMEEGPRBmUJ0hGmIroxKN
a5YwY4Qap2BB6UdImLEb2wYcvV6IMIP6kgcZEYkLox2GaIgwoxKNa5YnJiuqcQoWln6MPDGZ2mbf
FyLMoLrkYUbKomiLIRriiUk1GtckWxkj1DgFC0s9RrYy1mXxbxO7HoIMeiDMoDpDNMRWRiUa1yxh
xgg1TsGC0o+QMGNJBQMOYQbVJQ8yIhIXRjsM0RBhRiUa1yxPTFZU4xQsLP0YeWKSTeMBhzCD6pKH
GSmLoi2GaIgnJtVoXJNsZYxQ4xQsLPUY2cpoRSMBhyCDHggzqM4QDbGVUYnGNUuYMUKNU7Cg9CMk
zGhZwoBDmEF1ggx6YJCGCDMq0bhmeWKyohqnYGHpx8gTk2oWDjiEGVQnzKA6QzTEE5NqNK5JtjJG
qHEKFpZ6jGxl9GJNAYcggx4IM6jOEA2xlVGJxjVLmDFCjVOwoPQjZCujZzMEHMIMqhNk0AODNESY
UYnGNcsTkxXVOAULSz9GwgxeaBcBxzajYEIoRZhBdYZoiCcm1Whck2xljFDjFCws9Rh5YsJqVgw4
bGXQA2EG1RmiIbYyKtG4ZgkzRqhxChaUfoRsZbBzAwGHMIPqBBn0wCANEWZUonFNEmSMUOMULCz9
GAkzmNbmi0bChFCKMIPqDNEQT0yq0bgmCTNGqHEKFpZ6jDwxYT02TQk1bJ3lR0mkLIq2GKIhtjIq
0bhmCTNGqHEKFpR+hGxlsJw1fZtYmJKtDHpgkIYIMyrRuCYJMkaocQoWln6MhBnkIuAgOWEG1Rmi
IZ6YVKNxTRJmjFDjFCws9Rh5YkIbBBwk4YkJPTBEQ2xlVKJxzRJmjFDjFCwo/QjZyqBdAg4WYCuD
6gzRdoQZlWhckwQZI9Q4BQtLP0bCDGoRcDAzYQbVGaIhnphUo3FNEmaMUOMULCz1GHliQg+2BBxM
xRMTemCIhtjKqETjmiXMGKHGKVhQ+hGylUF1W4P/M8IGBztiK4PqDNEQWxnVaFyTBBkj1DgFC0s/
RsIMqtt6wX+9FAEHL0GYQXWGaIgwoxJNa5YwY4Qap2BhqcfIExN6MC7MGCLg4BmemNADQzTEE5NK
NK5ZwowRapyCBaUfIVsZVLf9E5PdEnB0yVYG1RmiIbYyqtG4JgkyRqhxChaWfoyEGVS3+62MMQQc
5QkzqM4QDbGVUYnGNUuYMUKNU7Cw1GPkiQk9WG+YMUTAUUbyICMicWG0wxANEWZUonHNEmasqP0T
kED6MbKVQXXzPTHZLQFHk5KHGSmLoi2GaIgnJtVoXJMEGSPUOAULSz9GwgyqW34rYwwBR3rCDKoz
RENsZVSicc0SZoxQ4xQsLPUYeWJCD9oKM4YIONJIHmREJC6MdhiiIcKMSjSuWcKMFbV/AhJIP0a2
Mqgu7xOT3RJwLCJ5mJGyKNpiiIZ4YlKNxjVJkDFCjVOwsNRjZCuDHrS/lTGGgGN2wgyqM0RDbGVU
onHNEmaMUOMULCj9CAkz6EFfYcYQAcdkkgcZEYkLox2GaIgwoxKNa9YaWldjOmqcgoWlHyNPTKiu
7hOT3RJw7EjyMCNlUbTFEA3xxKQajWuSrYwRapyChaUeI1sZ9MBWxhgCjpckzKA6QzTEVkYlGtcs
YcYINU7BgtKPkDCD6mxlTEHA8ZzkQUZE4sJohyEaIsyoROOa5YnJimqcgoWlHyNPTKhOmDGl519h
pwFH8jAjZVG0xRAN8cSkGo1rkq2MEWqcgoWlHiNbGfTAE5MpvdQ1dhBwCDOozhANsZVRicY1S5gx
Qo1TsKD0IyTMoDpbGVPa6RUWCjgEGfTAIA0RZlSicc3yxGRFNU7BwtKPkScmVCfMmNKUV9howCHM
oDpDNMQTk2o0rkm2MkaocQoWlnqMbGXQA09MpjT3NTYQcAgzqM4QDbGVUYnGNUuYMUKNU7Cg9CMk
zKA6WxlTWuoKEwUcggx6YJCGCDMq0bhmeWKyohqnYGHpx8gTE6qzlTGlTNe4UMAhzKA6QzTEE5Nq
NK5JtjJGqHEKFpZ6jGxl0ANhxpSyX+MaAg5hBtUZoiG2MirRuGYJM0aocQoWlH6EbGVQnScmU2r1
CicMOAQZ9MAgDRFmVKJxTRJkjFDjFCws/RgJM6jOVsaUKl3jDgMOYQbVGaIhnphUo3FNEmaMUOMU
LCz1GHliQg+EGVOqfo0vEXBsneVHSaQsirYYoiG2MirRuGYJM0aocQoWlH6EbGVQnScmU+r1Cp8X
cNjKoAcGaYgwoxKNa5IgY4Qap2Bh6cdImEF1tjKm5Bp/aHMr43UkLInWGKIhnphUo3FNEmaMUOMU
LCz1GHliQg+EGVNyjWe30LeJfR4dYtcM0RBbGZVoXLOEGSPUOAULSj9CtjKozhOTKbnCnVlfwKFD
7Joh2o4woxKNa5IgY4Qap2Bh6cdImEF1tjKm5BqnM0/AoUPsmiEa4olJNRrXJGHGCDVOwcJSj5En
JvRAmDEl1ziv3QccOsSuGaIhtjIq0bhmCTNGqHEKFpR+hGxlUJ0nJlNyhctYPeDQIXbNEA2xlVGN
xjVJkDFCjVOwsPRjJMygOlsZU3KNeQwHHDrErhmiIcKMSjStWcKMEWqcgoWlHiNPTOiBMGMqrjCr
H3ZmU5fYPUM0xBOTSjSuWcKMEWqcggWlHyFbGVTnicmUXGFWZ+/M8t8mlob4NB9iK6MajWuSIGOE
GqdgYenHSJhBdbYypuQaM9pZVwQcbMOn+RBhRiWa1ixhxgg1TsHCUo+RJyb0QJgxFVeY1XSdEXAQ
PtWHeWJSicY1S5ixovZPQALpx8hWBtV5YjIlV5jVvJ0RcHTFp/kQWxnVaFyTBBkj1DgFC0s/RsIM
qrOVMSXXmNEyXRFwlOXTfIitjEo0rlnCjBFqnIKFpR4jT0zogTBjKq4wqzydEXCUkGegMhFmVKJx
zRJmrKj9E5BA+jGylUF1nphMyRVmlbAzzytJwNGUhMOUgCcm1WhckwQZI9Q4BQtLPUa2MuiBrYwp
ucaMknblJcoScKSVdKAWZiujEo1rljBjhBqnYGGpx0iYQQ+EGVNxhVkl7MwOSxJwpJBwoBIQZlSi
cc1aQ+tqTEeNU7Cw9GPkiQnVeWIyJVeYVcLOTFiSgGOtEg5TAp6YVKNxTbKVMUKNU7Cw1GNkK4Me
2MqYkmvMKGlXZi5LwDGbpAO1MFsZlWhcs4QZI9Q4BQtKP0LCDKqzlTElV5hVws4sVJKAYxIJByoB
YUYlGtcsT0xWVOMULCz9GHliQnXCjCm5wqwSdiZRSQKOURJ1LhFPTKrRuCbZyhihxilYWOoxspVB
DzwxmZJrzChpV5KW9SwBx7aSd24htjIq0bhmCTNGqHEKFpR+hIQZVGcrY0quMKuEnUlY0ioEHBHR
bPdmJsyoROOa5YnJimqcgoWlHyNPTKhOmDElV5hR0q4kLWsnOgs4CnVuQp6YVKNxTbKVMUKNU7Cw
1GNkK4MeeGIyJdeYUdKuJC1rKoUDjuKd2yFbGZVoXLOEGSPUOAULSj9Cwgyqs5UxJVeYVcLOJCxp
HYoEHJ127yUIMyrRuGZ5YrKiGqdgYemRaD+lAAAcG0lEQVTHyBMTqrOVMSXXmFHSriQtawmNBRw6
N8QTk2o0rkm2MkaocQoWlnqMbGXQA2HGlFxjRkm7krSsLBIHHDo3xFZGJRrXLGHGCDVOwYLSj5Ct
DKrzxGRKrjCrhJ1JWFILkgQcujdEmFGJxjXLE5MV1TgFC0s/RsIMqrOVMSXXmFHSriQtq0VrDjh0
bognJtVoXJNsZYxQ4xQsLPUYeWJCD4QZU3KNGSXtStKyqpgx4NC5IbYyKtG4ZgkzRqhxChaUfoRs
ZVCdJyZTcoVZJexMwpJ6MFHAoXtDhBmVaFyTBBkj1DgFC0s/RsIMqrOVMSXXmFHSriQtq0cjAw6d
G+KJSTUa1yRhxgg1TsHCUo+RJyb0QJgxJdeYUdKuJC2Lp50l4NC5IbYyKtG4ZgkzRqhxChaUfoRs
ZVCdJyZTcoVZJexMwpJ4aZs6tz1hRiUa1yRBxgg1TsHC0o+RMIPqbGVMyTVmlLQrSctiNc9vX5Jv
E7ssT0yq0bgmCTNGqHEKFpZ6jDwxoQfCjCm5xoySdiVpWazmpdrXXcBhK6MSjWuWMGOEGqdgQelH
yFYG1XliMiVXmFXCziQsiXF20sKyAYetjGo0rkmCjBFqnIKFpR8jYQbV2cqYkmvMKGlXkpbFaqZs
X4mAQ5hRiaY1S5gxQo1TsLDUY+SJCT0QZkzFFWaVtDNJy2I1c7evuYDDE5NKNK5ZwowRapyCBaUf
IVsZVOeJyZRcYVYJO5OwJMZZooVpAw5bGdVoXJMEGSPUOAULSz9Gwgyqs5UxJdeYUdKuJC2L1WRq
X4qAQ5hRiaY1S5gxQo1TsLDUY+SJCT0QZkzFFWaVtDNJy2I1udr34mrWHnB4YlKJxjVLmLGi9k9A
AunHyFYG1XliMiVXmFXCziQsiXFytXC1amYLOGxlVKNxTRJkjFDjFCws/RgJM6jOVsaUXGNGSbuS
tCxWk699O69okoDDVkYlGtcsYcYINU7BwlKPkScm9ECYMRVXmFXCziQsiXFytXD6akYHHMKMSjSu
WcKMFbV/AhJIP0a2MqjOE5MpucKsEnYmYUmMk6uF66lm24DDE5NqNK5JgowRapyChaUeI1sZ9MBW
xpRcY0ZJu5K0LFaTr33LVbS57YfPd0usROOaJcwYocYpWFjqMRJm0ANhxlRcYVYJO5OwJMbJ1cJc
1UREbG5FZKyLlWhcs9bQuhrTUeMULCz9GHliQnWemEzJFWaVsDMJS2KcXC3MVc12NhupE41qk62M
EWqcgoWlHiNbGfTAVsaUXGNGSbuStCxWk699+Spa1WzfJpadaneYuifMGKHGKVhQ+hESZlCdrYwp
ucKsEnYmYUmMk6uFuaqZgoBjUfUGqhuemKyoxilYWPox8sSE6oQZU3KFWSXsTMKSGCdXC3NVMxcB
x9r0MVDl2MoYocYpWFjqMbKVQQ88MZmSa8woaVeSlsVq8rUvX0XrIuCYXL/D1Dxhxgg1TsGC0o+Q
MIPqbGVMyRVmlbAzCUtinFwtzFVNBgKOXTFQzfLEZEU1TsHC0o+RJyZUJ8yYkivMKGlXkpbF6nK1
MFc1KW0JOEYwUE2ylTFCjVOwsNRjZCuDHnhiMiXXmFHSriQti9Xka1++ilI5y/UIOF7EMDVLmDFC
jVOwoPQjJMygOlsZU3KFWSXsTMKSGCdXC3NVk9LIK+o84DBQzfLEZEU1TsHC0o+RJyZUZytjSq4x
o6RdSVoWq8nXvnwVpTPBFXUUcBioJtnKGKHGKVhY6jGylUEPhBlTco0ZJe1K0rJYTa725aompRmv
qGDAYaCaJcwYocYpWFD6EbKVQXWemEzJFWaVsDMJS2KcXC3MVU1Ka76ixgMOA9UsT0xWVOMULCz9
GAkzqM5WxpRcY0ZJu5K0LFaTr335KkonwRU1FHAkuC3Gs5UxQo1TsLDUY+SJCT0QZkzJNWaUtCtJ
y2I1udqXq5qUEl9RwoAj8W1xdsKMEWqcggWlHyFbGVTnicmUXGFWCTuTsCTGydXCXNWk1NgVLRxw
NHZbPE2QMUKNU7Cw9GMkzKA6WxlTco0ZJe1K0rJYTb725asolSLXs8aAo8iN9UaYMUKNU7Cw1GPk
iQk9EGZMyTVmlLQrSctiNbnal6ualApf0QwBR+Hbqk6YMUKNU7Cg9CNkK4PqPDGZkivMKmFnEpbE
OLlamKualDq7ol0GHJ3dVhWCjBFqnIKFpR8jYQbV2cqYkmvMKGlXkpbFavK1L19FqbieiBgVcLix
JgkzRqhxChaWeow8MaEHwowpucaMknYlaVmsJlf7clWTkiva1kDA4baaJcwYocYpWFD6EbKVQXWe
mEzJFWaVsDMJS2KcXC3MVU1KrmiUTTfWIEHGCDVOwcLSj5Ewg+psZUzJNWaUtCtJy2I1+dqXr6JU
XM8kFv42sbwkYcYINU7BwlKPkScm9ECYMRVXmFXSziQti9Xkal+ualJyRbMRcGQizBihxilYUPoR
spVBdZ6YTMkVZpWwMwlLYpxcLcxVTUquaK0EHEsQZIxQ4xQsLP0YCTOozlbGlFxjRkm7krQsVpOv
ffkqSsX1pCDgmJswY4Qap2BhqcfIExN6IMyYiivMKmlnkpbFanK1L1c1KbmitAQcUxJmjFDjFCwo
/QjZyqA6T0ym5AqzStiZhCUxTq4W5qomJVfUFAHHTggyRqhxChaWfoyEGVRnK2NKrjGjpF1JWhar
yde+fBWl4noK2BJwvCRhxgg1TsHCUo+RJyb0QJgxFVeYVdLOJC2L1eRqX65qUnJFBQw3UcDxfMKM
FbV/AhJIP0a2MqjOE5MpucKsEnYmYUmMk6uFuapJyRU1blwD+ww4BBkj1DgFC0s/RsIMqrOVMSXX
mFHSriQti9Xka1++ilJxPQXsvon1Aw5hxgg1TsHCUo+RJyb0QJgxFVeYVcLOJCyJcXK1MFc1Kbmi
AuZpYq2AQ5ixovZPQALpx8hWBtV5YjIlV5hVws4kLIlxcrUwVzUpuaLGrbeBbQYcgowRapyChaUe
I1sZ9MBWxpRcY0ZJu5K0LFaTr335KkrF9RSwXBOf/cj5Aw5hxgg1TsGC0o+QMIMeCDOm4gqzStiZ
hCUxTq4W5qomJVdUwPJhxpBcAcca7qjG51KNU7Cw9GPkiQnVeWIyJVeYVcLOJCyJcXK1MFc1Kbmi
xuUMMrazTMBhK2OEGqdgYanHyFYGPbCVMSXXmFHSriQti9Xka1++ilJxPQW0FWYMmT/gEGaMUOMU
LCj9CAkzqM5WxpRcYVYJO5OwJMbJ1cJc1aTkigpoP8wYMm3A4YnJimqcgoWlHyNPTKhOmDElV5hV
ws4kLIlxcrUwVzUpuaLG1QwytrOzgMNWxgg1TsHCUo+RrQx64InJlFxjRkm7krQsVpOvffkqSsX1
FNBXmDHkpQMOYcYINU7BgtKPkDCD6mxlTMkVZpWwMwlLYpxcLcxVTUquqABhxpAXBhyemKyoxilY
WPox8sSE6oQZU3KFGSXtStKyWF2uFuaqJiVX1DhBxhibc1bd4oW8WI1TsLDUY2Qrgx54YjIl15hR
0q4kLYvV5GtfvopScT0FCDN2a7IvMlrjQmqcggWlHyFhBtXZypiSK8wqYWcSlsQ4uVqYq5qUXFEB
wow5jA44alxGjVOwsPRj5IkJ1dnKmJJrzChpV5KWxWrytS9fRem4osYJMtbprAFHjQupcQoWlnqM
bGXQA2HGlFxjRkm7krQsVpOrfbmqSckVFSDMWNpzAUeNC6lxChaUfoRsZVCdJyZTcoVZJexMwpIY
J1cLc1WTkisqQJiR0Wabl9Nm1SSTfoyEGVRnK2NKrjGjpF1JWharyde+fBWl44oaJ8hoyWRfZHQ+
2soEUo+RJyb0QJgxJdeYUdKuJC2L1eRqX65qUnJFBQgzmjJwackCDm1ll9KPkK0MqvPEZEquMKuE
nUlYEuPkamGualJyRY1btoHGZ6QRF7ZQwKGlTCD9GAkzqM5WxpRcY0ZJu5K0LFaTr335KkrF9RRg
K6Mpu7y0NQQc62vroQObce3lF8TVl54fVx4/L644dm5cctG5cezCw3H0/MNx/pEDce45B+Lg/s04
uH8z9uxZW2kAAAAwu62tiMefeDIef+LJ+N4jp+K7jzwe3/nuo3H/gz+Ib/7l9+Oe+78XX7vv4fjK
vQ/Fl+95MB479eRChU7/R04ccKw3o3rllRfGDa88Fjdcdyyuf8XL4zUnLoqrLjlvrTUAAABAFnv2
PP3//D90YDMuOPdgXBXb/zvyV7/13fji3Q/E5758f/zpn98f/8+X7osvfe070xa0xphgz/63/fc7
+HDLLNucd+RAvPX6y+Jt118ebz15abzpNZfEy845sEgtAAAAUMn3fnAqPvNn34xPf/4b8Uef+0Z8
+nP3xMOPnFr9D1j4Xc4KAceyFe7b3Ij3vvnquPVNV8W733RVvOGVxxatBwAAAHrw2S/dF5/6k6/G
7/+7r8b/+cd/EaefPPPDX0z4RUZ+JODIU+HJa18e73/btfETb70m3nXjlUuXAwAAAN36gz/5Wvzu
p78c/+oPvxyf//K3ly5n0J79b/vv8qQaEXHrTSfir73ruvir77wuLj/2sqXLAQAAAJ5xz/3fi3/+
B1+K3/7Ul+L3/91Xli7nBdIEHO9/27Xx0+95Vfz0ra+Ocw/vX7ocAAAAYBvff/SJ+K3f+7P4Z7/3
xfhXf/jlpcuJiAQBx7tvvCr+5vteG3/zfa+Nwwf3LVkKAAAAMMKjj5+Of/q7X4j//V9/IT71ma8u
WstiAcdrr74oPvyBk/ELHzgZx48eWaIEAAAAYALfeuCR+Cf/8nPxv/3O5+L/vfsvF6lh7QHHvs2N
+OUP3RB3fPCGeNOrj6/zQwMAAAAz+swXvxX/6z//bPzPv/3ZF37XlTXYXOcHu+X1l8cvf+iG+Mht
16/zwwIAAABrcNNrLombXnNJvOV1l8U/+u3Pxh/+6T1r+9h7917x3r+/jg/0qz/9xvj4R98Zf+Ut
V6/jwwEAAAALueGVx+Om114asSfiM3/2rRk/0g8fpcwecFx7+QXx8Y++I/6b/+BdcezCc+b8UAAA
AEASxy48J257+3Vx4csOxZe/8VA8+L3Hdvknnv0rbMwacLzn5hPxiV95Z/z8T5yMPXvm+igAAABA
Rnv2RLzl5GXxissvjPsf/EF85d7vrvg7x3+50NkCjg9/4GT8+kffEW+/4Yo5/ngAAACgEdddeWG8
/pXH4tHHT8fn/vz+5/3KdN/3ZJaA4z/7uTfHJ37lnXHNpedP/UcDAAAADTp+9Ei8/YYr46kzZ+Lf
fv4bk//5kwYcB/dvxn/1S7fEr3/0HfGycw5M9ccCAAAABZxzaF+8+8YTsbm5EX/8+Xvjyaem+1ay
kwUc5xzaFx//6Dvi7/3SLbG5d2OKPxIAAAAoZnPvRrz7TSdi/7698enP3xOnn5wm5Jgk4Dj38P74
9Y++I/7zX3jr7isCAAAAynv7DVfE/n2b8W8//4144vRTu/7zdh1w7NvciI8LNwAAAICRbnn9FbF3
70b8wV1fjTNndvcFR3cdcPzX//7b4+/90i27KgIAAADo09tvuCLObG3FH/zJ13b15+wq4Hj2u6Vs
bOzZVREAAABAv97+hivjB489savvrrLjrwb64Q+cjL/782/xBUUBAACAXdncuxH/xUduiY/85Ot3
/GfsKJ14z80n4u/8/Fvi2NFzdvyBAQAAAJ51/OiR+LsfviV+/M3X7Oj3jw44rr38gvhPf/bmOHnt
y3f0AQEAAACGXP+Ki+Nv/9xb4hVXXDj6944OOP7jv35TfOCWa0d/IAAAAICXcts7rov/5GffPPr3
jQo4fvWn3xh/62feNPqDAAAAAKzqP/obb46P/cxNo37PygHH266/LP7Dn7ox9viGKQAAAMCM9uyJ
+NjtN8Utr79i5d+zUsBxcP9mfPSvvcHX3QAAAADW4vpXXBy/8lM3xsH9myv98ysFHHd88Pr4yG3X
76owAAAAgDF+8YM3xC996A0v+c9txQoBx2uvvig+ctvOvw8tAAAAwE7d8cEb4nXXPP2iZGub/0QM
BRw/8k99+AMn4+bXXrKGkgEAAABe6M2vuyw+/JM3PBdkbGdjMPZ4xq03nYhfeP/JeSoEAAAAWMFH
bnt9/PjNV5/1nznrE5W/8VdeE8cvOjJpUQAAAABjXHLRkfjZ9519AWPbgOP9t1wbf/29r5m8KAAA
AICxfvZ9r4vb3n7dtr++bcBx+3teHece3j9LUQAAAABjnHt4f/zMe1+77a8PBhzvuflE/NStr5qt
KAAAAICxbn/Pa+K9b75m8NcGA44Pves62xsAAABAKuce3h8fevfwQsaLAo6T1748bnv7K2YvCgAA
AGCsD77zurj+FRfHj35X2GcCjh/+zPtvuSauuuS8xQoFAAAA2M6JS86P22558Rcb3Xg62Hjawf2b
8RNvvXaddQEAAACM8hO3XBsH92++4Ode8ETl1ptPxLtuvHKtRQEAAACM8WNvOhE//uarX/BzzwUc
WxHxY2+6at01AQAAAIx2680/EnA8+9U3jhzaL+AAAAAAmnDrTSfiyPO+A+xzGxzveMMV8YZXHluk
KAAAAIAx3viq4/HON/zwy2w8F3C87fWXL1IQAAAAwE7c8oYrnvvfz33J0becvHSRYgAAAAB24q0n
L49nvzvsRkTEK688Gm953WVL1gQAAAAwyluvvzxeddXRiHgm4Hjjq47FOYf2LVoUAAAAwBjnHNoX
N776koh4JuC4/hUXL1oQAAAAwE5cf93T3zBlIyLidde+fNFiAAAAAHbi5LVPL21s7N+3N05eI+AA
AAAA2nPy2otj/769sfHKKy+Mqy45b+l6AAAAAEY7cen58aqrjsbGiUvPX7oWAAAAgB27+tILYuOE
7Q0AAACgYScuPT82Lr/4ZUvXAQAAALBjlx97WWxc+vIjS9cBAAAAsGOXvvzc2Dh2oYADAAAAaNfx
o0di4+h5h5auAwAAAGDHjp53WMABAAAAtO3o+Ydi4/ChfUvXAQAAALBj5xzcH3ueOP3U1r7NjaVr
AQAAANiR00+eiT1nzmxt7dmzdCkAAAAAO7O1FbFna2tra+lCAAAAAHbD2xQAAACgeQIOAAAAoHkC
DgAAAKB5Ag4AAACgeQIOAAAAoHkCDgAAAKB5Ag4AAACgeQIOAAAAoHkCDgAAAKB5Ag4AAACgeQIO
AAAAoHkCDgAAAKB5Ag4AAACgeQIOAAAAoHkCDgAAAKB5Ag4AAACgeQIOAAAAoHkCDgAAAKB5Ag4A
AACgeQIOAAAAoHkCDgAAAKB5Ag4AAACgeQIOAAAAoHkCDgAAAKB5Ag4AAACgeQIOAAAAoHkCDgAA
AKB5m0sXANCrRx57Kj77Fw/HF772SPz5vT+Ir97/WNz7ncfjLx8+Hd995HT84PGn4vRTW7G1tbV0
qV3Ys2dP7Nu7J845uDfOP7IvXn7evrjs6ME4cexQXHfZOXHyqnPjjde+LI4c2rt0qV156qmn4tSp
U/H444/Ho48+Go899thzP37yySfjqaeeWrpEOrN3797Y3NyMgwcPxoEDB+LQoUNx+PDh5368d6+/
IwCWsmfL/+UMsBYPPXI6fvczD8SnPved+KMvfje+8NXvL10SO3DyxLlxy2vOjx97/dF4/00XxQVH
9i1dUhlbW1vxxBNPxMMPPxwPPvhgfOc731m6JNiRo0ePxoUXXhjnnXde7N+/P/bs2bN0SQBdEHAA
zOgvH34i/umnvhW//en74//6U/+yVtGtNxyNf+9tx+LnfuySePl5+5cupzlbW1vx6KOPxre//e34
5je/edZ/dmNjIw4cOBD79u2Lzc3N2NjYiI2NDf/yyNpsbW3FmTNn4syZM/Hkk0/G6dOn49SpU3Hm
zJmz/r5LL700Lr744jh8+LB5BZiRgANgBv/ij78d/8u/+Ub8H390/9KlsEY/dcux+OX3XR4ffMvF
S5eS3unTp+P++++Pr33ta4O/fujQoTj33HPjnHPOiSNHjsTBgwdj/34BEjk98cQT8fjjj8cjjzwS
P/jBD+L73/9+PPbYY4P/7FVXXRXHjh2LfftsfwFMTcABMKF/8Dtfjzv/xdc9P+ncyRPnxq998Mr4
Wz955dKlpPPoo4/G17/+9Rc9P9nY2IgLL7wwLrjggjjvvPPiwIEDC1UI0zh16lQ8/PDD8dBDD8WD
Dz74oi2Po0ePxpVXXhmHDx9eqEKAegQcABP4B7/z9fgf/tlX4iv3Pbp0KSRy9fHD8V/+zNWCjng6
2Lj77rvj4YcffsHPX3DBBXHRRRfFRRddFBsbvrkbNZ05cyYeeOCBeOCBB+Khhx56wa+dd955cc01
1wg6ACYg4ADYhd/5v78dH//Hfx6f/YvvLV0Kib3x2pfFf/uL18VPvrm/pyunT5+Ou+++Ox544IHn
fm5jYyOOHz8ex44d8y91dOfRRx+N+++/P+67774XbHVcdNFFcc0113i6ArALAg6AHXjge0/E3/mH
/1/8k9+/d+lSaMiH33NZ/I+/+uq46GX1v5bE1tZW3HfffXH33Xc/93MbGxtx6aWXxmWXXRabm75T
PX178skn4957741vfvObLwg6rrnmmjh+/LgvRgqwAwIOgJH+8e/dG3/7N78YDz1yeulSaNAFR/bF
//Sx18Qv/vhlS5cym8cffzy+8IUvxKlTp577uePHj8cVV1zhC4XCj3jiiSfinnvuifvuu++5nztw
4ECcPHkyDh48uGBlAO3ZExECDgAAAKBpvpoXAAAA0DwBBwAAANA8AQcAAADQPAEHAAAA0DwBBwAA
ANA8AQcAAADQPAEHAAAA0DwBBwAAANA8AQcAAADQPAEHAAAA0DwBBwAAANA8AQcAAADQPAEHAAAA
0DwBBwAAANA8AQcAAADQPAEHAAAA0DwBBwAAANA8AQcAAADQPAEHAAAA0DwBBwAAANA8AQcAAADQ
PAEHAAAA0DwBBwAAANA8AQcAAADQPAEHAAAA0DwBBwAAANC8zaULAKBNt99+e9xxxx1x4403xoED
B5YuB2jcqVOn4q677opPfvKT8Vu/9VtLlwNAg/ZExNbSRQDQlt/4jd+IX/u1X1u6DKCoO++8Mz7x
iU8sXQYAjRFwADDK7bffHr/5m7+5dBlAcR/72MdscgAwiq/BAcAod9xxx9IlAB3wdw0AY9ngAGCU
b3zjG77mBjC7U6dOxeWXX750GQA0xAYHAAAA0DwBBwCj3HXXXUuXAHTA3zUAjCXgAGCUT37yk0uX
AHTA3zUAjLU3Iv7+0kUA0I4vfvGLceTIkbj55puXLgUo6s4774w777xz6TIAaIwvMgrAjtx+++1x
xx13xI033uiLjgK7durUqbjrrrvik5/8pG8PC8COCDgAAACA5vkaHAAAAEDzBBwAAABA8wQcAAAA
QPMEHAAAAEDzBBwAAABA8wQcAAAAQPMEHAAAAEDzBBwAAABA8wQcAAAAQPMEHAAAAEDzBBwAAABA
8wQcAAAAQPMEHAAAAEDzBBwAAABA8wQcAAAAQPMEHAAAAEDzBBwAAABA8wQcAAAAQPMEHAAAAEDz
BBwAAABA8wQcAAAAQPMEHAAAAEDzBBwAAABA8wQcAAAAQPMEHAAAAEDz/n+dCKb8I2z+xwAAAABJ
RU5ErkJggg==
" width="800px"&gt;</msg>
<doc>Takes a screenshot of the current page and embeds it into the log.</doc>
<status status="PASS" start="2025-09-25T17:04:11.893647" elapsed="1.321228"/>
</kw>
<msg time="2025-09-25T17:04:13.215125" level="INFO">xpath criteria: //android.widget.TextView[@text="Inovar e transformar para facilitar"]
xpath criteria: //android.widget.TextView[@text="Inovar e transformar para facilitar"]
xpath criteria: //android.widget.TextView[@text="Inovar e transformar para facilitar"]
xpath criteria: //android.widget.TextView[@text="Inovar e transformar para facilitar"]
xpath criteria: //android.widget.TextView[@text="Inovar e transformar para facilitar"]</msg>
<msg time="2025-09-25T17:04:13.215846" level="FAIL">Element locator '//android.widget.TextView[@text="Inovar e transformar para facilitar"]' did not match any elements after 5 seconds</msg>
<arg>${INICIO_IMG}</arg>
<doc>Waits until element specified with `locator` is visible.</doc>
<status status="FAIL" start="2025-09-25T17:04:05.556785" elapsed="7.662918">Element locator '//android.widget.TextView[@text="Inovar e transformar para facilitar"]' did not match any elements after 5 seconds</status>
</kw>
<status status="FAIL" start="2025-09-25T17:04:05.556463" elapsed="7.663485">Element locator '//android.widget.TextView[@text="Inovar e transformar para facilitar"]' did not match any elements after 5 seconds</status>
</kw>
<arg>${keyword}</arg>
<doc>Executes the given keyword with the given arguments.</doc>
<status status="FAIL" start="2025-09-25T17:04:05.555543" elapsed="7.664449">Element locator '//android.widget.TextView[@text="Inovar e transformar para facilitar"]' did not match any elements after 5 seconds</status>
</kw>
<status status="FAIL" start="2025-09-25T17:04:05.554369" elapsed="7.665693">Element locator '//android.widget.TextView[@text="Inovar e transformar para facilitar"]' did not match any elements after 5 seconds</status>
</kw>
<kw name="E clicar em Veja todos os órgãos" owner="gherkin" source_name="E ${keyword}">
<status status="NOT RUN" start="2025-09-25T17:04:13.220623" elapsed="0.000062"/>
</kw>
<kw name="Quando o usuário digita um termo de órgão" owner="gherkin" source_name="Quando ${keyword}">
<status status="NOT RUN" start="2025-09-25T17:04:13.221079" elapsed="0.000040"/>
</kw>
<kw name="Então o sistema apresenta retorno conforme busca do catalogo de orgaos" owner="gherkin" source_name="Então ${keyword}">
<status status="NOT RUN" start="2025-09-25T17:04:13.221401" elapsed="0.000027"/>
</kw>
<tag>pesquisa_orgaos</tag>
<status status="FAIL" start="2025-09-25T17:03:37.636478" elapsed="35.585312">Element locator '//android.widget.TextView[@text="Inovar e transformar para facilitar"]' did not match any elements after 5 seconds</status>
</test>
<status status="FAIL" start="2025-09-25T17:03:37.102283" elapsed="36.120948"/>
</suite>
<statistics>
<total>
<stat pass="0" fail="1" skip="0">All Tests</stat>
</total>
<tag>
<stat pass="0" fail="1" skip="0">pesquisa_orgaos</stat>
</tag>
<suite>
<stat name="Orgao" id="s1" pass="0" fail="1" skip="0">Orgao</stat>
</suite>
</statistics>
<errors>
</errors>
</robot>
